#
# There is insufficient memory for the Java Runtime Environment to continue.
# Native memory allocation (malloc) failed to allocate 32744 bytes for ChunkPool::allocate
# Possible reasons:
#   The system is out of physical RAM or swap space
#   The process is running with CompressedOops enabled, and the Java Heap may be blocking the growth of the native heap
# Possible solutions:
#   Reduce memory load on the system
#   Increase physical memory or swap space
#   Check if swap backing store is full
#   Decrease Java heap size (-Xmx/-Xms)
#   Decrease number of Java threads
#   Decrease Java thread stack sizes (-Xss)
#   Set larger code cache with -XX:ReservedCodeCacheSize=
#   JVM is running with Unscaled Compressed Oops mode in which the Java heap is
#     placed in the first 4GB address space. The Java Heap base address is the
#     maximum limit for the native heap growth. Please use -XX:HeapBaseMinAddress
#     to set the Java Heap base and to place the Java Heap above 4GB virtual address.
# This output file may be truncated or incomplete.
#
#  Out of Memory Error (arena.cpp:81), pid=1412, tid=5800
#
# JRE version: OpenJDK Runtime Environment Temurin-11.0.19+7 (11.0.19+7) (build 11.0.19+7)
# Java VM: OpenJDK 64-Bit Server VM Temurin-11.0.19+7 (11.0.19+7, mixed mode, tiered, compressed oops, g1 gc, windows-amd64)
# No core dump will be written. Minidumps are not enabled by default on client versions of Windows
#

---------------  S U M M A R Y ------------

Command Line: --add-opens=java.base/java.util=ALL-UNNAMED --add-opens=java.base/java.lang=ALL-UNNAMED --add-opens=java.base/java.lang.invoke=ALL-UNNAMED --add-opens=java.prefs/java.util.prefs=ALL-UNNAMED --add-opens=java.base/java.nio.charset=ALL-UNNAMED --add-opens=java.base/java.net=ALL-UNNAMED --add-opens=java.base/java.util.concurrent.atomic=ALL-UNNAMED -XX:MaxMetaspaceSize=256m -XX:+HeapDumpOnOutOfMemoryError -Xms256m -Xmx512m -Dfile.encoding=windows-1251 -Duser.country=RU -Duser.language=ru -Duser.variant org.gradle.launcher.daemon.bootstrap.GradleDaemon 7.6

Host: Intel(R) Pentium(R) CPU        P6200  @ 2.13GHz, 2 cores, 3G,  Windows 10 , 64 bit Build 19041 (10.0.19041.3570)
Time: Thu Oct 12 22:12:16 2023 RTZ 2 (s 10 , 64 bit Build 19041 (10.0.19041.3570) elapsed time: 68.522244 seconds (0d 0h 1m 8s)

---------------  T H R E A D  ---------------

Current thread (0x0000027c1bb9b000):  JavaThread "C2 CompilerThread0" daemon [_thread_in_native, id=5800, stack(0x000000de20d00000,0x000000de20e00000)]


Current CompileTask:
C2:  68524 6769       4       java.lang.reflect.AccessibleObject::checkCanSetAccessible (386 bytes)

Stack: [0x000000de20d00000,0x000000de20e00000]
Native frames: (J=compiled Java code, j=interpreted, Vv=VM code, C=native code)
V  [jvm.dll+0x64fb5a]
V  [jvm.dll+0x7e3549]
V  [jvm.dll+0x7e4c49]
V  [jvm.dll+0x7e5333]
V  [jvm.dll+0x26afd5]
V  [jvm.dll+0xc1cbf]
V  [jvm.dll+0xc200c]
V  [jvm.dll+0x62b655]
V  [jvm.dll+0x358730]
V  [jvm.dll+0x66300b]
V  [jvm.dll+0x66266a]
V  [jvm.dll+0x1a116c]
V  [jvm.dll+0x1a1d17]
V  [jvm.dll+0x1a1c5c]
V  [jvm.dll+0x2dc45f]
V  [jvm.dll+0x66da78]
V  [jvm.dll+0x66552b]
V  [jvm.dll+0x664b79]
V  [jvm.dll+0x66295d]
V  [jvm.dll+0x1a116c]
V  [jvm.dll+0x2dc45f]
V  [jvm.dll+0x66da78]
V  [jvm.dll+0x66552b]
V  [jvm.dll+0x664b79]
V  [jvm.dll+0x66295d]
V  [jvm.dll+0x1a116c]
V  [jvm.dll+0x2dc45f]
V  [jvm.dll+0x66da78]
V  [jvm.dll+0x66552b]
V  [jvm.dll+0x664b79]
V  [jvm.dll+0x66295d]
V  [jvm.dll+0x1a116c]
V  [jvm.dll+0x2dc45f]
V  [jvm.dll+0x66da78]
V  [jvm.dll+0x66552b]
V  [jvm.dll+0x664b79]
V  [jvm.dll+0x66295d]
V  [jvm.dll+0x1a116c]
V  [jvm.dll+0x2dc45f]
V  [jvm.dll+0x66da78]
V  [jvm.dll+0x66552b]
V  [jvm.dll+0x664b79]
V  [jvm.dll+0x66295d]
V  [jvm.dll+0x1a116c]
V  [jvm.dll+0x2219df]
V  [jvm.dll+0x19e6c1]
V  [jvm.dll+0x231f59]
V  [jvm.dll+0x2300af]
V  [jvm.dll+0x7a48d0]
V  [jvm.dll+0x79d6e4]
V  [jvm.dll+0x64e915]
C  [ucrtbase.dll+0x21bb2]
C  [KERNEL32.DLL+0x17344]
C  [ntdll.dll+0x526b1]


---------------  P R O C E S S  ---------------

Threads class SMR info:
_java_thread_list=0x0000027c213fe060, length=64, elements={
0x0000027c00017000, 0x0000027c1bb0c800, 0x0000027c1bb18000, 0x0000027c1bb8b800,
0x0000027c1bb8e800, 0x0000027c1bb92000, 0x0000027c1bb9b000, 0x0000027c1bba3800,
0x0000027c1bbbb000, 0x0000027c1bd68800, 0x0000027c1e045000, 0x0000027c1cd4a000,
0x0000027c1c902800, 0x0000027c1c8f5800, 0x0000027c1e581000, 0x0000027c1ec24000,
0x0000027c1ec24800, 0x0000027c1ec26800, 0x0000027c1ec25800, 0x0000027c1ec27000,
0x0000027c20ac1000, 0x0000027c20abf800, 0x0000027c20ac3800, 0x0000027c20abd800,
0x0000027c20ac6000, 0x0000027c20ac8000, 0x0000027c23bd9000, 0x0000027c23be0800,
0x0000027c21851000, 0x0000027c21854800, 0x0000027c1f7b2800, 0x0000027c23987000,
0x0000027c20abd000, 0x0000027c239e8000, 0x0000027c239ed000, 0x0000027c239e7800,
0x0000027c239ea800, 0x0000027c239ec800, 0x0000027c239ee000, 0x0000027c239ea000,
0x0000027c239ef000, 0x0000027c239e9000, 0x0000027c239f0800, 0x0000027c239ef800,
0x0000027c239f1800, 0x0000027c239eb800, 0x0000027c239f5800, 0x0000027c239f2800,
0x0000027c239f3000, 0x0000027c239f4000, 0x0000027c239f5000, 0x0000027c1f0de000,
0x0000027c1f0dc800, 0x0000027c1f0df000, 0x0000027c1f0dd000, 0x0000027c1f0d9000,
0x0000027c1f0d9800, 0x0000027c1f0e0800, 0x0000027c1f0da800, 0x0000027c1f0e1800,
0x0000027c1f0db800, 0x0000027c1f0e2000, 0x0000027c21852800, 0x0000027c21855000
}

Java Threads: ( => current thread )
  0x0000027c00017000 JavaThread "main" [_thread_blocked, id=3396, stack(0x000000de20100000,0x000000de20200000)]
  0x0000027c1bb0c800 JavaThread "Reference Handler" daemon [_thread_blocked, id=5772, stack(0x000000de20800000,0x000000de20900000)]
  0x0000027c1bb18000 JavaThread "Finalizer" daemon [_thread_blocked, id=832, stack(0x000000de20900000,0x000000de20a00000)]
  0x0000027c1bb8b800 JavaThread "Signal Dispatcher" daemon [_thread_blocked, id=9140, stack(0x000000de20a00000,0x000000de20b00000)]
  0x0000027c1bb8e800 JavaThread "Attach Listener" daemon [_thread_blocked, id=8912, stack(0x000000de20b00000,0x000000de20c00000)]
  0x0000027c1bb92000 JavaThread "Service Thread" daemon [_thread_blocked, id=8508, stack(0x000000de20c00000,0x000000de20d00000)]
=>0x0000027c1bb9b000 JavaThread "C2 CompilerThread0" daemon [_thread_in_native, id=5800, stack(0x000000de20d00000,0x000000de20e00000)]
  0x0000027c1bba3800 JavaThread "C1 CompilerThread0" daemon [_thread_blocked, id=9308, stack(0x000000de20e00000,0x000000de20f00000)]
  0x0000027c1bbbb000 JavaThread "Sweeper thread" daemon [_thread_blocked, id=5060, stack(0x000000de20f00000,0x000000de21000000)]
  0x0000027c1bd68800 JavaThread "Common-Cleaner" daemon [_thread_blocked, id=2968, stack(0x000000de21000000,0x000000de21100000)]
  0x0000027c1e045000 JavaThread "Daemon health stats" [_thread_blocked, id=612, stack(0x000000de21300000,0x000000de21400000)]
  0x0000027c1cd4a000 JavaThread "Incoming local TCP Connector on port 52601" [_thread_in_native, id=2492, stack(0x000000de21400000,0x000000de21500000)]
  0x0000027c1c902800 JavaThread "Daemon periodic checks" [_thread_blocked, id=3900, stack(0x000000de21500000,0x000000de21600000)]
  0x0000027c1c8f5800 JavaThread "Daemon" [_thread_blocked, id=2368, stack(0x000000de21600000,0x000000de21700000)]
  0x0000027c1e581000 JavaThread "Daemon worker" [_thread_blocked, id=3740, stack(0x000000de21900000,0x000000de21a00000)]
  0x0000027c1ec24000 JavaThread "Cache worker for journal cache (C:\Users\1\.gradle\caches\journal-1)" [_thread_blocked, id=3988, stack(0x000000de21d00000,0x000000de21e00000)]
  0x0000027c1ec24800 JavaThread "File lock request listener" [_thread_in_native, id=5600, stack(0x000000de21e00000,0x000000de21f00000)]
  0x0000027c1ec26800 JavaThread "Cache worker for file hash cache (C:\Users\1\.gradle\caches\7.6\fileHashes)" [_thread_blocked, id=6232, stack(0x000000de21f00000,0x000000de22000000)]
  0x0000027c1ec25800 JavaThread "File watcher server" daemon [_thread_in_native, id=4352, stack(0x000000de22000000,0x000000de22100000)]
  0x0000027c1ec27000 JavaThread "File watcher consumer" daemon [_thread_blocked, id=8368, stack(0x000000de22100000,0x000000de22200000)]
  0x0000027c20ac1000 JavaThread "Cache worker for file content cache (C:\Users\1\.gradle\caches\7.6\fileContent)" [_thread_blocked, id=1536, stack(0x000000de22400000,0x000000de22500000)]
  0x0000027c20abf800 JavaThread "Cache worker for execution history cache (C:\Users\1\.gradle\caches\7.6\executionHistory)" [_thread_blocked, id=8900, stack(0x000000de22700000,0x000000de22800000)]
  0x0000027c20ac3800 JavaThread "jar transforms" [_thread_blocked, id=6956, stack(0x000000de22800000,0x000000de22900000)]
  0x0000027c20abd800 JavaThread "jar transforms Thread 2" [_thread_blocked, id=1844, stack(0x000000de22900000,0x000000de22a00000)]
  0x0000027c20ac6000 JavaThread "Memory manager" [_thread_blocked, id=4548, stack(0x000000de22c00000,0x000000de22d00000)]
  0x0000027c20ac8000 JavaThread "included builds" [_thread_blocked, id=4004, stack(0x000000de22d00000,0x000000de22e00000)]
  0x0000027c23bd9000 JavaThread "Exec process" [_thread_blocked, id=7144, stack(0x000000de24400000,0x000000de24500000)]
  0x0000027c23be0800 JavaThread "Exec process Thread 2" [_thread_blocked, id=2972, stack(0x000000de24600000,0x000000de24700000)]
  0x0000027c21851000 JavaThread "Exec process Thread 3" [_thread_blocked, id=3660, stack(0x000000de24700000,0x000000de24800000)]
  0x0000027c21854800 JavaThread "Exec process Thread 4" [_thread_blocked, id=1928, stack(0x000000de24800000,0x000000de24900000)]
  0x0000027c1f7b2800 JavaThread "included builds" [_thread_blocked, id=3908, stack(0x000000de23000000,0x000000de23100000)]
  0x0000027c23987000 JavaThread "Handler for socket connection from /127.0.0.1:52601 to /127.0.0.1:52624" [_thread_in_native, id=10088, stack(0x000000de1ff00000,0x000000de20000000)]
  0x0000027c20abd000 JavaThread "Cancel handler" [_thread_blocked, id=5072, stack(0x000000de20000000,0x000000de20100000)]
  0x0000027c239e8000 JavaThread "Asynchronous log dispatcher for DefaultDaemonConnection: socket connection from /127.0.0.1:52601 to /127.0.0.1:52624" [_thread_blocked, id=3488, stack(0x000000de21a00000,0x000000de21b00000)]
  0x0000027c239ed000 JavaThread "Stdin handler" [_thread_blocked, id=2336, stack(0x000000de21b00000,0x000000de21c00000)]
  0x0000027c239e7800 JavaThread "Daemon client event forwarder" [_thread_blocked, id=6108, stack(0x000000de21c00000,0x000000de21d00000)]
  0x0000027c239ea800 JavaThread "Cache worker for checksums cache (C:\Users\1\IdeaProjects\unit\.gradle\7.6\checksums)" [_thread_blocked, id=9668, stack(0x000000de22200000,0x000000de22300000)]
  0x0000027c239ec800 JavaThread "Cache worker for cache directory md-rule (C:\Users\1\.gradle\caches\7.6\md-rule)" [_thread_blocked, id=7604, stack(0x000000de22300000,0x000000de22400000)]
  0x0000027c239ee000 JavaThread "Cache worker for file hash cache (C:\Users\1\IdeaProjects\unit\.gradle\7.6\fileHashes)" [_thread_blocked, id=6136, stack(0x000000de22500000,0x000000de22600000)]
  0x0000027c239ea000 JavaThread "Cache worker for cache directory md-supplier (C:\Users\1\.gradle\caches\7.6\md-supplier)" [_thread_blocked, id=8692, stack(0x000000de22600000,0x000000de22700000)]
  0x0000027c239ef000 JavaThread "Cache worker for dependencies-accessors (C:\Users\1\IdeaProjects\unit\.gradle\7.6\dependencies-accessors)" [_thread_blocked, id=4680, stack(0x000000de22a00000,0x000000de22b00000)]
  0x0000027c239e9000 JavaThread "Cache worker for Build Output Cleanup Cache (C:\Users\1\IdeaProjects\unit\.gradle\buildOutputCleanup)" [_thread_blocked, id=2844, stack(0x000000de22b00000,0x000000de22c00000)]
  0x0000027c239f0800 JavaThread "included builds" [_thread_blocked, id=2648, stack(0x000000de22e00000,0x000000de22f00000)]
  0x0000027c239ef800 JavaThread "Execution worker" [_thread_in_native, id=8712, stack(0x000000de22f00000,0x000000de23000000)]
  0x0000027c239f1800 JavaThread "Cache worker for execution history cache (C:\Users\1\IdeaProjects\unit\.gradle\7.6\executionHistory)" [_thread_blocked, id=6068, stack(0x000000de23100000,0x000000de23200000)]
  0x0000027c239eb800 JavaThread "Unconstrained build operations" [_thread_blocked, id=8560, stack(0x000000de23200000,0x000000de23300000)]
  0x0000027c239f5800 JavaThread "Unconstrained build operations Thread 2" [_thread_blocked, id=2200, stack(0x000000de23300000,0x000000de23400000)]
  0x0000027c239f2800 JavaThread "Unconstrained build operations Thread 3" [_thread_blocked, id=9136, stack(0x000000de23400000,0x000000de23500000)]
  0x0000027c239f3000 JavaThread "Unconstrained build operations Thread 4" [_thread_blocked, id=4964, stack(0x000000de23500000,0x000000de23600000)]
  0x0000027c239f4000 JavaThread "Unconstrained build operations Thread 5" [_thread_blocked, id=6936, stack(0x000000de23600000,0x000000de23700000)]
  0x0000027c239f5000 JavaThread "Unconstrained build operations Thread 6" [_thread_blocked, id=4684, stack(0x000000de23700000,0x000000de23800000)]
  0x0000027c1f0de000 JavaThread "Unconstrained build operations Thread 7" [_thread_blocked, id=3508, stack(0x000000de23800000,0x000000de23900000)]
  0x0000027c1f0dc800 JavaThread "Unconstrained build operations Thread 8" [_thread_blocked, id=4356, stack(0x000000de23900000,0x000000de23a00000)]
  0x0000027c1f0df000 JavaThread "Unconstrained build operations Thread 9" [_thread_blocked, id=5924, stack(0x000000de23a00000,0x000000de23b00000)]
  0x0000027c1f0dd000 JavaThread "Unconstrained build operations Thread 10" [_thread_blocked, id=6548, stack(0x000000de23b00000,0x000000de23c00000)]
  0x0000027c1f0d9000 JavaThread "Unconstrained build operations Thread 11" [_thread_blocked, id=6352, stack(0x000000de23c00000,0x000000de23d00000)]
  0x0000027c1f0d9800 JavaThread "Unconstrained build operations Thread 12" [_thread_blocked, id=9296, stack(0x000000de23d00000,0x000000de23e00000)]
  0x0000027c1f0e0800 JavaThread "Unconstrained build operations Thread 13" [_thread_blocked, id=5920, stack(0x000000de23e00000,0x000000de23f00000)]
  0x0000027c1f0da800 JavaThread "Unconstrained build operations Thread 14" [_thread_blocked, id=6188, stack(0x000000de23f00000,0x000000de24000000)]
  0x0000027c1f0e1800 JavaThread "Unconstrained build operations Thread 15" [_thread_blocked, id=8536, stack(0x000000de24000000,0x000000de24100000)]
  0x0000027c1f0db800 JavaThread "Unconstrained build operations Thread 16" [_thread_blocked, id=8512, stack(0x000000de24100000,0x000000de24200000)]
  0x0000027c1f0e2000 JavaThread "Unconstrained build operations Thread 17" [_thread_blocked, id=6344, stack(0x000000de24200000,0x000000de24300000)]
  0x0000027c21852800 JavaThread "Build operations" [_thread_blocked, id=8404, stack(0x000000de24300000,0x000000de24400000)]
  0x0000027c21855000 JavaThread "Build operations Thread 2" [_thread_blocked, id=5200, stack(0x000000de24500000,0x000000de24600000)]

Other Threads:
  0x0000027c1bb01800 VMThread "VM Thread" [stack: 0x000000de20700000,0x000000de20800000] [id=3992]
  0x0000027c1bda9000 WatcherThread [stack: 0x000000de21100000,0x000000de21200000] [id=4424]
  0x0000027c00037800 GCTaskThread "GC Thread#0" [stack: 0x000000de20200000,0x000000de20300000] [id=9180]
  0x0000027c1c4f3800 GCTaskThread "GC Thread#1" [stack: 0x000000de21200000,0x000000de21300000] [id=4496]
  0x0000027c00052800 ConcurrentGCThread "G1 Main Marker" [stack: 0x000000de20300000,0x000000de20400000] [id=3996]
  0x0000027c00053800 ConcurrentGCThread "G1 Conc#0" [stack: 0x000000de20400000,0x000000de20500000] [id=2044]
  0x0000027c0014e000 ConcurrentGCThread "G1 Refine#0" [stack: 0x000000de20500000,0x000000de20600000] [id=1520]
  0x0000027c0014f000 ConcurrentGCThread "G1 Young RemSet Sampling" [stack: 0x000000de20600000,0x000000de20700000] [id=7704]

Threads with active compile tasks:
C2 CompilerThread0    68715 6769       4       java.lang.reflect.AccessibleObject::checkCanSetAccessible (386 bytes)

VM state:not at safepoint (normal execution)

VM Mutex/Monitor currently owned by a thread: None

Heap address: 0x00000000e0000000, size: 512 MB, Compressed Oops mode: 32-bit
Narrow klass base: 0x0000000000000000, Narrow klass shift: 3
Compressed class space size: 260046848 Address: 0x0000000100000000

Heap:
 garbage-first heap   total 262144K, used 137655K [0x00000000e0000000, 0x0000000100000000)
  region size 1024K, 108 young (110592K), 8 survivors (8192K)
 Metaspace       used 61529K, capacity 63799K, committed 63952K, reserved 309248K
  class space    used 8119K, capacity 8972K, committed 9088K, reserved 253952K
Heap Regions: E=young(eden), S=young(survivor), O=old, HS=humongous(starts), HC=humongous(continues), CS=collection set, F=free, A=archive, TAMS=top-at-mark-start (previous, next)
|   0|0x00000000e0000000, 0x00000000e0100000, 0x00000000e0100000|100%| O|  |TAMS 0x00000000e0100000, 0x00000000e0000000| Untracked 
|   1|0x00000000e0100000, 0x00000000e0200000, 0x00000000e0200000|100%| O|  |TAMS 0x00000000e0200000, 0x00000000e0100000| Untracked 
|   2|0x00000000e0200000, 0x00000000e0300000, 0x00000000e0300000|100%|HS|  |TAMS 0x00000000e0300000, 0x00000000e0200000| Complete 
|   3|0x00000000e0300000, 0x00000000e0400000, 0x00000000e0400000|100%|HC|  |TAMS 0x00000000e0400000, 0x00000000e0300000| Complete 
|   4|0x00000000e0400000, 0x00000000e0500000, 0x00000000e0500000|100%|HC|  |TAMS 0x00000000e0500000, 0x00000000e0400000| Complete 
|   5|0x00000000e0500000, 0x00000000e0600000, 0x00000000e0600000|100%| O|  |TAMS 0x00000000e0600000, 0x00000000e0500000| Untracked 
|   6|0x00000000e0600000, 0x00000000e0700000, 0x00000000e0700000|100%| O|  |TAMS 0x00000000e0700000, 0x00000000e0600000| Untracked 
|   7|0x00000000e0700000, 0x00000000e0800000, 0x00000000e0800000|100%| O|  |TAMS 0x00000000e0800000, 0x00000000e0700000| Untracked 
|   8|0x00000000e0800000, 0x00000000e0900000, 0x00000000e0900000|100%| O|  |TAMS 0x00000000e0900000, 0x00000000e0800000| Untracked 
|   9|0x00000000e0900000, 0x00000000e0a00000, 0x00000000e0a00000|100%| O|  |TAMS 0x00000000e0a00000, 0x00000000e0900000| Untracked 
|  10|0x00000000e0a00000, 0x00000000e0b00000, 0x00000000e0b00000|100%| O|  |TAMS 0x00000000e0b00000, 0x00000000e0a00000| Untracked 
|  11|0x00000000e0b00000, 0x00000000e0c00000, 0x00000000e0c00000|100%| O|  |TAMS 0x00000000e0c00000, 0x00000000e0b00000| Untracked 
|  12|0x00000000e0c00000, 0x00000000e0d00000, 0x00000000e0d00000|100%| O|  |TAMS 0x00000000e0d00000, 0x00000000e0c00000| Untracked 
|  13|0x00000000e0d00000, 0x00000000e0e00000, 0x00000000e0e00000|100%| O|  |TAMS 0x00000000e0e00000, 0x00000000e0d00000| Untracked 
|  14|0x00000000e0e00000, 0x00000000e0f00000, 0x00000000e0f00000|100%| O|  |TAMS 0x00000000e0f00000, 0x00000000e0e00000| Untracked 
|  15|0x00000000e0f00000, 0x00000000e1000000, 0x00000000e1000000|100%| O|  |TAMS 0x00000000e1000000, 0x00000000e0f00000| Untracked 
|  16|0x00000000e1000000, 0x00000000e1100000, 0x00000000e1100000|100%| O|  |TAMS 0x00000000e1100000, 0x00000000e1000000| Untracked 
|  17|0x00000000e1100000, 0x00000000e1200000, 0x00000000e1200000|100%| O|  |TAMS 0x00000000e1200000, 0x00000000e1100000| Untracked 
|  18|0x00000000e1200000, 0x00000000e1300000, 0x00000000e1300000|100%| O|  |TAMS 0x00000000e1300000, 0x00000000e1200000| Untracked 
|  19|0x00000000e1300000, 0x00000000e1400000, 0x00000000e1400000|100%| O|  |TAMS 0x00000000e1400000, 0x00000000e1300000| Untracked 
|  20|0x00000000e1400000, 0x00000000e1500000, 0x00000000e1500000|100%| O|  |TAMS 0x00000000e1500000, 0x00000000e1400000| Untracked 
|  21|0x00000000e1500000, 0x00000000e1600000, 0x00000000e1600000|100%| O|  |TAMS 0x00000000e1600000, 0x00000000e1500000| Untracked 
|  22|0x00000000e1600000, 0x00000000e1700000, 0x00000000e1700000|100%| O|  |TAMS 0x00000000e1700000, 0x00000000e1600000| Untracked 
|  23|0x00000000e1700000, 0x00000000e1800000, 0x00000000e1800000|100%| O|  |TAMS 0x00000000e1800000, 0x00000000e1700000| Untracked 
|  24|0x00000000e1800000, 0x00000000e1900000, 0x00000000e1900000|100%| O|  |TAMS 0x00000000e1900000, 0x00000000e1800000| Untracked 
|  25|0x00000000e1900000, 0x00000000e1a00000, 0x00000000e1a00000|100%| O|  |TAMS 0x00000000e1a00000, 0x00000000e1900000| Untracked 
|  26|0x00000000e1a00000, 0x00000000e1b00000, 0x00000000e1b00000|100%| O|  |TAMS 0x00000000e1b00000, 0x00000000e1a00000| Untracked 
|  27|0x00000000e1b00000, 0x00000000e1b6dc00, 0x00000000e1c00000| 42%| O|  |TAMS 0x00000000e1b6dc00, 0x00000000e1b00000| Untracked 
|  28|0x00000000e1c00000, 0x00000000e1c00000, 0x00000000e1d00000|  0%| F|  |TAMS 0x00000000e1c00000, 0x00000000e1c00000| Untracked 
|  29|0x00000000e1d00000, 0x00000000e1d00000, 0x00000000e1e00000|  0%| F|  |TAMS 0x00000000e1d00000, 0x00000000e1d00000| Untracked 
|  30|0x00000000e1e00000, 0x00000000e1e00000, 0x00000000e1f00000|  0%| F|  |TAMS 0x00000000e1e00000, 0x00000000e1e00000| Untracked 
|  31|0x00000000e1f00000, 0x00000000e1f00000, 0x00000000e2000000|  0%| F|  |TAMS 0x00000000e1f00000, 0x00000000e1f00000| Untracked 
|  32|0x00000000e2000000, 0x00000000e2000000, 0x00000000e2100000|  0%| F|  |TAMS 0x00000000e2000000, 0x00000000e2000000| Untracked 
|  33|0x00000000e2100000, 0x00000000e2100000, 0x00000000e2200000|  0%| F|  |TAMS 0x00000000e2100000, 0x00000000e2100000| Untracked 
|  34|0x00000000e2200000, 0x00000000e2200000, 0x00000000e2300000|  0%| F|  |TAMS 0x00000000e2200000, 0x00000000e2200000| Untracked 
|  35|0x00000000e2300000, 0x00000000e2300000, 0x00000000e2400000|  0%| F|  |TAMS 0x00000000e2300000, 0x00000000e2300000| Untracked 
|  36|0x00000000e2400000, 0x00000000e2400000, 0x00000000e2500000|  0%| F|  |TAMS 0x00000000e2400000, 0x00000000e2400000| Untracked 
|  37|0x00000000e2500000, 0x00000000e2500000, 0x00000000e2600000|  0%| F|  |TAMS 0x00000000e2500000, 0x00000000e2500000| Untracked 
|  38|0x00000000e2600000, 0x00000000e2600000, 0x00000000e2700000|  0%| F|  |TAMS 0x00000000e2600000, 0x00000000e2600000| Untracked 
|  39|0x00000000e2700000, 0x00000000e2700000, 0x00000000e2800000|  0%| F|  |TAMS 0x00000000e2700000, 0x00000000e2700000| Untracked 
|  40|0x00000000e2800000, 0x00000000e2800000, 0x00000000e2900000|  0%| F|  |TAMS 0x00000000e2800000, 0x00000000e2800000| Untracked 
|  41|0x00000000e2900000, 0x00000000e2900000, 0x00000000e2a00000|  0%| F|  |TAMS 0x00000000e2900000, 0x00000000e2900000| Untracked 
|  42|0x00000000e2a00000, 0x00000000e2a00000, 0x00000000e2b00000|  0%| F|  |TAMS 0x00000000e2a00000, 0x00000000e2a00000| Untracked 
|  43|0x00000000e2b00000, 0x00000000e2b00000, 0x00000000e2c00000|  0%| F|  |TAMS 0x00000000e2b00000, 0x00000000e2b00000| Untracked 
|  44|0x00000000e2c00000, 0x00000000e2c00000, 0x00000000e2d00000|  0%| F|  |TAMS 0x00000000e2c00000, 0x00000000e2c00000| Untracked 
|  45|0x00000000e2d00000, 0x00000000e2d00000, 0x00000000e2e00000|  0%| F|  |TAMS 0x00000000e2d00000, 0x00000000e2d00000| Untracked 
|  46|0x00000000e2e00000, 0x00000000e2e00000, 0x00000000e2f00000|  0%| F|  |TAMS 0x00000000e2e00000, 0x00000000e2e00000| Untracked 
|  47|0x00000000e2f00000, 0x00000000e2f00000, 0x00000000e3000000|  0%| F|  |TAMS 0x00000000e2f00000, 0x00000000e2f00000| Untracked 
|  48|0x00000000e3000000, 0x00000000e3000000, 0x00000000e3100000|  0%| F|  |TAMS 0x00000000e3000000, 0x00000000e3000000| Untracked 
|  49|0x00000000e3100000, 0x00000000e3100000, 0x00000000e3200000|  0%| F|  |TAMS 0x00000000e3100000, 0x00000000e3100000| Untracked 
|  50|0x00000000e3200000, 0x00000000e3200000, 0x00000000e3300000|  0%| F|  |TAMS 0x00000000e3200000, 0x00000000e3200000| Untracked 
|  51|0x00000000e3300000, 0x00000000e3300000, 0x00000000e3400000|  0%| F|  |TAMS 0x00000000e3300000, 0x00000000e3300000| Untracked 
|  52|0x00000000e3400000, 0x00000000e3400000, 0x00000000e3500000|  0%| F|  |TAMS 0x00000000e3400000, 0x00000000e3400000| Untracked 
|  53|0x00000000e3500000, 0x00000000e3500000, 0x00000000e3600000|  0%| F|  |TAMS 0x00000000e3500000, 0x00000000e3500000| Untracked 
|  54|0x00000000e3600000, 0x00000000e3600000, 0x00000000e3700000|  0%| F|  |TAMS 0x00000000e3600000, 0x00000000e3600000| Untracked 
|  55|0x00000000e3700000, 0x00000000e3700000, 0x00000000e3800000|  0%| F|  |TAMS 0x00000000e3700000, 0x00000000e3700000| Untracked 
|  56|0x00000000e3800000, 0x00000000e3800000, 0x00000000e3900000|  0%| F|  |TAMS 0x00000000e3800000, 0x00000000e3800000| Untracked 
|  57|0x00000000e3900000, 0x00000000e3900000, 0x00000000e3a00000|  0%| F|  |TAMS 0x00000000e3900000, 0x00000000e3900000| Untracked 
|  58|0x00000000e3a00000, 0x00000000e3a00000, 0x00000000e3b00000|  0%| F|  |TAMS 0x00000000e3a00000, 0x00000000e3a00000| Untracked 
|  59|0x00000000e3b00000, 0x00000000e3b00000, 0x00000000e3c00000|  0%| F|  |TAMS 0x00000000e3b00000, 0x00000000e3b00000| Untracked 
|  60|0x00000000e3c00000, 0x00000000e3c00000, 0x00000000e3d00000|  0%| F|  |TAMS 0x00000000e3c00000, 0x00000000e3c00000| Untracked 
|  61|0x00000000e3d00000, 0x00000000e3d00000, 0x00000000e3e00000|  0%| F|  |TAMS 0x00000000e3d00000, 0x00000000e3d00000| Untracked 
|  62|0x00000000e3e00000, 0x00000000e3e00000, 0x00000000e3f00000|  0%| F|  |TAMS 0x00000000e3e00000, 0x00000000e3e00000| Untracked 
|  63|0x00000000e3f00000, 0x00000000e3f00000, 0x00000000e4000000|  0%| F|  |TAMS 0x00000000e3f00000, 0x00000000e3f00000| Untracked 
|  64|0x00000000e4000000, 0x00000000e4000000, 0x00000000e4100000|  0%| F|  |TAMS 0x00000000e4000000, 0x00000000e4000000| Untracked 
|  65|0x00000000e4100000, 0x00000000e4100000, 0x00000000e4200000|  0%| F|  |TAMS 0x00000000e4100000, 0x00000000e4100000| Untracked 
|  66|0x00000000e4200000, 0x00000000e4200000, 0x00000000e4300000|  0%| F|  |TAMS 0x00000000e4200000, 0x00000000e4200000| Untracked 
|  67|0x00000000e4300000, 0x00000000e4300000, 0x00000000e4400000|  0%| F|  |TAMS 0x00000000e4300000, 0x00000000e4300000| Untracked 
|  68|0x00000000e4400000, 0x00000000e4400000, 0x00000000e4500000|  0%| F|  |TAMS 0x00000000e4400000, 0x00000000e4400000| Untracked 
|  69|0x00000000e4500000, 0x00000000e4500000, 0x00000000e4600000|  0%| F|  |TAMS 0x00000000e4500000, 0x00000000e4500000| Untracked 
|  70|0x00000000e4600000, 0x00000000e4600000, 0x00000000e4700000|  0%| F|  |TAMS 0x00000000e4600000, 0x00000000e4600000| Untracked 
|  71|0x00000000e4700000, 0x00000000e4700000, 0x00000000e4800000|  0%| F|  |TAMS 0x00000000e4700000, 0x00000000e4700000| Untracked 
|  72|0x00000000e4800000, 0x00000000e4800000, 0x00000000e4900000|  0%| F|  |TAMS 0x00000000e4800000, 0x00000000e4800000| Untracked 
|  73|0x00000000e4900000, 0x00000000e4900000, 0x00000000e4a00000|  0%| F|  |TAMS 0x00000000e4900000, 0x00000000e4900000| Untracked 
|  74|0x00000000e4a00000, 0x00000000e4a00000, 0x00000000e4b00000|  0%| F|  |TAMS 0x00000000e4a00000, 0x00000000e4a00000| Untracked 
|  75|0x00000000e4b00000, 0x00000000e4b00000, 0x00000000e4c00000|  0%| F|  |TAMS 0x00000000e4b00000, 0x00000000e4b00000| Untracked 
|  76|0x00000000e4c00000, 0x00000000e4c00000, 0x00000000e4d00000|  0%| F|  |TAMS 0x00000000e4c00000, 0x00000000e4c00000| Untracked 
|  77|0x00000000e4d00000, 0x00000000e4d00000, 0x00000000e4e00000|  0%| F|  |TAMS 0x00000000e4d00000, 0x00000000e4d00000| Untracked 
|  78|0x00000000e4e00000, 0x00000000e4e00000, 0x00000000e4f00000|  0%| F|  |TAMS 0x00000000e4e00000, 0x00000000e4e00000| Untracked 
|  79|0x00000000e4f00000, 0x00000000e4f00000, 0x00000000e5000000|  0%| F|  |TAMS 0x00000000e4f00000, 0x00000000e4f00000| Untracked 
|  80|0x00000000e5000000, 0x00000000e5000000, 0x00000000e5100000|  0%| F|  |TAMS 0x00000000e5000000, 0x00000000e5000000| Untracked 
|  81|0x00000000e5100000, 0x00000000e5100000, 0x00000000e5200000|  0%| F|  |TAMS 0x00000000e5100000, 0x00000000e5100000| Untracked 
|  82|0x00000000e5200000, 0x00000000e5200000, 0x00000000e5300000|  0%| F|  |TAMS 0x00000000e5200000, 0x00000000e5200000| Untracked 
|  83|0x00000000e5300000, 0x00000000e5300000, 0x00000000e5400000|  0%| F|  |TAMS 0x00000000e5300000, 0x00000000e5300000| Untracked 
|  84|0x00000000e5400000, 0x00000000e5400000, 0x00000000e5500000|  0%| F|  |TAMS 0x00000000e5400000, 0x00000000e5400000| Untracked 
|  85|0x00000000e5500000, 0x00000000e5500000, 0x00000000e5600000|  0%| F|  |TAMS 0x00000000e5500000, 0x00000000e5500000| Untracked 
|  86|0x00000000e5600000, 0x00000000e5600000, 0x00000000e5700000|  0%| F|  |TAMS 0x00000000e5600000, 0x00000000e5600000| Untracked 
|  87|0x00000000e5700000, 0x00000000e5700000, 0x00000000e5800000|  0%| F|  |TAMS 0x00000000e5700000, 0x00000000e5700000| Untracked 
|  88|0x00000000e5800000, 0x00000000e5800000, 0x00000000e5900000|  0%| F|  |TAMS 0x00000000e5800000, 0x00000000e5800000| Untracked 
|  89|0x00000000e5900000, 0x00000000e5900000, 0x00000000e5a00000|  0%| F|  |TAMS 0x00000000e5900000, 0x00000000e5900000| Untracked 
|  90|0x00000000e5a00000, 0x00000000e5a00000, 0x00000000e5b00000|  0%| F|  |TAMS 0x00000000e5a00000, 0x00000000e5a00000| Untracked 
|  91|0x00000000e5b00000, 0x00000000e5b00000, 0x00000000e5c00000|  0%| F|  |TAMS 0x00000000e5b00000, 0x00000000e5b00000| Untracked 
|  92|0x00000000e5c00000, 0x00000000e5c00000, 0x00000000e5d00000|  0%| F|  |TAMS 0x00000000e5c00000, 0x00000000e5c00000| Untracked 
|  93|0x00000000e5d00000, 0x00000000e5d00000, 0x00000000e5e00000|  0%| F|  |TAMS 0x00000000e5d00000, 0x00000000e5d00000| Untracked 
|  94|0x00000000e5e00000, 0x00000000e5e00000, 0x00000000e5f00000|  0%| F|  |TAMS 0x00000000e5e00000, 0x00000000e5e00000| Untracked 
|  95|0x00000000e5f00000, 0x00000000e5f00000, 0x00000000e6000000|  0%| F|  |TAMS 0x00000000e5f00000, 0x00000000e5f00000| Untracked 
|  96|0x00000000e6000000, 0x00000000e6000000, 0x00000000e6100000|  0%| F|  |TAMS 0x00000000e6000000, 0x00000000e6000000| Untracked 
|  97|0x00000000e6100000, 0x00000000e6100000, 0x00000000e6200000|  0%| F|  |TAMS 0x00000000e6100000, 0x00000000e6100000| Untracked 
|  98|0x00000000e6200000, 0x00000000e6200000, 0x00000000e6300000|  0%| F|  |TAMS 0x00000000e6200000, 0x00000000e6200000| Untracked 
|  99|0x00000000e6300000, 0x00000000e6300000, 0x00000000e6400000|  0%| F|  |TAMS 0x00000000e6300000, 0x00000000e6300000| Untracked 
| 100|0x00000000e6400000, 0x00000000e6400000, 0x00000000e6500000|  0%| F|  |TAMS 0x00000000e6400000, 0x00000000e6400000| Untracked 
| 101|0x00000000e6500000, 0x00000000e6500000, 0x00000000e6600000|  0%| F|  |TAMS 0x00000000e6500000, 0x00000000e6500000| Untracked 
| 102|0x00000000e6600000, 0x00000000e6600000, 0x00000000e6700000|  0%| F|  |TAMS 0x00000000e6600000, 0x00000000e6600000| Untracked 
| 103|0x00000000e6700000, 0x00000000e6700000, 0x00000000e6800000|  0%| F|  |TAMS 0x00000000e6700000, 0x00000000e6700000| Untracked 
| 104|0x00000000e6800000, 0x00000000e6800000, 0x00000000e6900000|  0%| F|  |TAMS 0x00000000e6800000, 0x00000000e6800000| Untracked 
| 105|0x00000000e6900000, 0x00000000e6900000, 0x00000000e6a00000|  0%| F|  |TAMS 0x00000000e6900000, 0x00000000e6900000| Untracked 
| 106|0x00000000e6a00000, 0x00000000e6a00000, 0x00000000e6b00000|  0%| F|  |TAMS 0x00000000e6a00000, 0x00000000e6a00000| Untracked 
| 107|0x00000000e6b00000, 0x00000000e6b00000, 0x00000000e6c00000|  0%| F|  |TAMS 0x00000000e6b00000, 0x00000000e6b00000| Untracked 
| 108|0x00000000e6c00000, 0x00000000e6c00000, 0x00000000e6d00000|  0%| F|  |TAMS 0x00000000e6c00000, 0x00000000e6c00000| Untracked 
| 109|0x00000000e6d00000, 0x00000000e6d00000, 0x00000000e6e00000|  0%| F|  |TAMS 0x00000000e6d00000, 0x00000000e6d00000| Untracked 
| 110|0x00000000e6e00000, 0x00000000e6e00000, 0x00000000e6f00000|  0%| F|  |TAMS 0x00000000e6e00000, 0x00000000e6e00000| Untracked 
| 111|0x00000000e6f00000, 0x00000000e6f00000, 0x00000000e7000000|  0%| F|  |TAMS 0x00000000e6f00000, 0x00000000e6f00000| Untracked 
| 112|0x00000000e7000000, 0x00000000e7000000, 0x00000000e7100000|  0%| F|  |TAMS 0x00000000e7000000, 0x00000000e7000000| Untracked 
| 113|0x00000000e7100000, 0x00000000e7100000, 0x00000000e7200000|  0%| F|  |TAMS 0x00000000e7100000, 0x00000000e7100000| Untracked 
| 114|0x00000000e7200000, 0x00000000e7200000, 0x00000000e7300000|  0%| F|  |TAMS 0x00000000e7200000, 0x00000000e7200000| Untracked 
| 115|0x00000000e7300000, 0x00000000e7300000, 0x00000000e7400000|  0%| F|  |TAMS 0x00000000e7300000, 0x00000000e7300000| Untracked 
| 116|0x00000000e7400000, 0x00000000e7400000, 0x00000000e7500000|  0%| F|  |TAMS 0x00000000e7400000, 0x00000000e7400000| Untracked 
| 117|0x00000000e7500000, 0x00000000e7500000, 0x00000000e7600000|  0%| F|  |TAMS 0x00000000e7500000, 0x00000000e7500000| Untracked 
| 118|0x00000000e7600000, 0x00000000e7600000, 0x00000000e7700000|  0%| F|  |TAMS 0x00000000e7600000, 0x00000000e7600000| Untracked 
| 119|0x00000000e7700000, 0x00000000e7700000, 0x00000000e7800000|  0%| F|  |TAMS 0x00000000e7700000, 0x00000000e7700000| Untracked 
| 120|0x00000000e7800000, 0x00000000e7800000, 0x00000000e7900000|  0%| F|  |TAMS 0x00000000e7800000, 0x00000000e7800000| Untracked 
| 121|0x00000000e7900000, 0x00000000e7900000, 0x00000000e7a00000|  0%| F|  |TAMS 0x00000000e7900000, 0x00000000e7900000| Untracked 
| 122|0x00000000e7a00000, 0x00000000e7a00000, 0x00000000e7b00000|  0%| F|  |TAMS 0x00000000e7a00000, 0x00000000e7a00000| Untracked 
| 123|0x00000000e7b00000, 0x00000000e7b00000, 0x00000000e7c00000|  0%| F|  |TAMS 0x00000000e7b00000, 0x00000000e7b00000| Untracked 
| 124|0x00000000e7c00000, 0x00000000e7c00000, 0x00000000e7d00000|  0%| F|  |TAMS 0x00000000e7c00000, 0x00000000e7c00000| Untracked 
| 125|0x00000000e7d00000, 0x00000000e7d00000, 0x00000000e7e00000|  0%| F|  |TAMS 0x00000000e7d00000, 0x00000000e7d00000| Untracked 
| 126|0x00000000e7e00000, 0x00000000e7e00000, 0x00000000e7f00000|  0%| F|  |TAMS 0x00000000e7e00000, 0x00000000e7e00000| Untracked 
| 127|0x00000000e7f00000, 0x00000000e7f00000, 0x00000000e8000000|  0%| F|  |TAMS 0x00000000e7f00000, 0x00000000e7f00000| Untracked 
| 128|0x00000000e8000000, 0x00000000e8000000, 0x00000000e8100000|  0%| F|  |TAMS 0x00000000e8000000, 0x00000000e8000000| Untracked 
| 129|0x00000000e8100000, 0x00000000e8100000, 0x00000000e8200000|  0%| F|  |TAMS 0x00000000e8100000, 0x00000000e8100000| Untracked 
| 130|0x00000000e8200000, 0x00000000e8200000, 0x00000000e8300000|  0%| F|  |TAMS 0x00000000e8200000, 0x00000000e8200000| Untracked 
| 131|0x00000000e8300000, 0x00000000e8300000, 0x00000000e8400000|  0%| F|  |TAMS 0x00000000e8300000, 0x00000000e8300000| Untracked 
| 132|0x00000000e8400000, 0x00000000e8400000, 0x00000000e8500000|  0%| F|  |TAMS 0x00000000e8400000, 0x00000000e8400000| Untracked 
| 133|0x00000000e8500000, 0x00000000e8500000, 0x00000000e8600000|  0%| F|  |TAMS 0x00000000e8500000, 0x00000000e8500000| Untracked 
| 134|0x00000000e8600000, 0x00000000e8600000, 0x00000000e8700000|  0%| F|  |TAMS 0x00000000e8600000, 0x00000000e8600000| Untracked 
| 135|0x00000000e8700000, 0x00000000e8700000, 0x00000000e8800000|  0%| F|  |TAMS 0x00000000e8700000, 0x00000000e8700000| Untracked 
| 136|0x00000000e8800000, 0x00000000e8800000, 0x00000000e8900000|  0%| F|  |TAMS 0x00000000e8800000, 0x00000000e8800000| Untracked 
| 137|0x00000000e8900000, 0x00000000e8900000, 0x00000000e8a00000|  0%| F|  |TAMS 0x00000000e8900000, 0x00000000e8900000| Untracked 
| 138|0x00000000e8a00000, 0x00000000e8a00000, 0x00000000e8b00000|  0%| F|  |TAMS 0x00000000e8a00000, 0x00000000e8a00000| Untracked 
| 139|0x00000000e8b00000, 0x00000000e8b00000, 0x00000000e8c00000|  0%| F|  |TAMS 0x00000000e8b00000, 0x00000000e8b00000| Untracked 
| 140|0x00000000e8c00000, 0x00000000e8c00000, 0x00000000e8d00000|  0%| F|  |TAMS 0x00000000e8c00000, 0x00000000e8c00000| Untracked 
| 141|0x00000000e8d00000, 0x00000000e8d00000, 0x00000000e8e00000|  0%| F|  |TAMS 0x00000000e8d00000, 0x00000000e8d00000| Untracked 
| 142|0x00000000e8e00000, 0x00000000e8e00000, 0x00000000e8f00000|  0%| F|  |TAMS 0x00000000e8e00000, 0x00000000e8e00000| Untracked 
| 143|0x00000000e8f00000, 0x00000000e8f00000, 0x00000000e9000000|  0%| F|  |TAMS 0x00000000e8f00000, 0x00000000e8f00000| Untracked 
| 144|0x00000000e9000000, 0x00000000e9000000, 0x00000000e9100000|  0%| F|  |TAMS 0x00000000e9000000, 0x00000000e9000000| Untracked 
| 145|0x00000000e9100000, 0x00000000e9100000, 0x00000000e9200000|  0%| F|  |TAMS 0x00000000e9100000, 0x00000000e9100000| Untracked 
| 146|0x00000000e9200000, 0x00000000e9200000, 0x00000000e9300000|  0%| F|  |TAMS 0x00000000e9200000, 0x00000000e9200000| Untracked 
| 147|0x00000000e9300000, 0x00000000e9300000, 0x00000000e9400000|  0%| F|  |TAMS 0x00000000e9300000, 0x00000000e9300000| Untracked 
| 148|0x00000000e9400000, 0x00000000e9500000, 0x00000000e9500000|100%| E|  |TAMS 0x00000000e9400000, 0x00000000e9400000| Complete 
| 149|0x00000000e9500000, 0x00000000e9600000, 0x00000000e9600000|100%| E|CS|TAMS 0x00000000e9500000, 0x00000000e9500000| Complete 
| 150|0x00000000e9600000, 0x00000000e9700000, 0x00000000e9700000|100%| E|CS|TAMS 0x00000000e9600000, 0x00000000e9600000| Complete 
| 151|0x00000000e9700000, 0x00000000e9800000, 0x00000000e9800000|100%| E|CS|TAMS 0x00000000e9700000, 0x00000000e9700000| Complete 
| 152|0x00000000e9800000, 0x00000000e9900000, 0x00000000e9900000|100%| E|CS|TAMS 0x00000000e9800000, 0x00000000e9800000| Complete 
| 153|0x00000000e9900000, 0x00000000e9a00000, 0x00000000e9a00000|100%| E|CS|TAMS 0x00000000e9900000, 0x00000000e9900000| Complete 
| 154|0x00000000e9a00000, 0x00000000e9b00000, 0x00000000e9b00000|100%| E|CS|TAMS 0x00000000e9a00000, 0x00000000e9a00000| Complete 
| 155|0x00000000e9b00000, 0x00000000e9c00000, 0x00000000e9c00000|100%| E|CS|TAMS 0x00000000e9b00000, 0x00000000e9b00000| Complete 
| 156|0x00000000e9c00000, 0x00000000e9d00000, 0x00000000e9d00000|100%| E|CS|TAMS 0x00000000e9c00000, 0x00000000e9c00000| Complete 
| 157|0x00000000e9d00000, 0x00000000e9e00000, 0x00000000e9e00000|100%| E|CS|TAMS 0x00000000e9d00000, 0x00000000e9d00000| Complete 
| 158|0x00000000e9e00000, 0x00000000e9f00000, 0x00000000e9f00000|100%| E|CS|TAMS 0x00000000e9e00000, 0x00000000e9e00000| Complete 
| 159|0x00000000e9f00000, 0x00000000ea000000, 0x00000000ea000000|100%| E|CS|TAMS 0x00000000e9f00000, 0x00000000e9f00000| Complete 
| 160|0x00000000ea000000, 0x00000000ea100000, 0x00000000ea100000|100%| E|CS|TAMS 0x00000000ea000000, 0x00000000ea000000| Complete 
| 161|0x00000000ea100000, 0x00000000ea200000, 0x00000000ea200000|100%| E|CS|TAMS 0x00000000ea100000, 0x00000000ea100000| Complete 
| 162|0x00000000ea200000, 0x00000000ea300000, 0x00000000ea300000|100%| E|CS|TAMS 0x00000000ea200000, 0x00000000ea200000| Complete 
| 163|0x00000000ea300000, 0x00000000ea400000, 0x00000000ea400000|100%| E|CS|TAMS 0x00000000ea300000, 0x00000000ea300000| Complete 
| 164|0x00000000ea400000, 0x00000000ea500000, 0x00000000ea500000|100%| E|CS|TAMS 0x00000000ea400000, 0x00000000ea400000| Complete 
| 165|0x00000000ea500000, 0x00000000ea600000, 0x00000000ea600000|100%| E|CS|TAMS 0x00000000ea500000, 0x00000000ea500000| Complete 
| 166|0x00000000ea600000, 0x00000000ea700000, 0x00000000ea700000|100%| E|CS|TAMS 0x00000000ea600000, 0x00000000ea600000| Complete 
| 167|0x00000000ea700000, 0x00000000ea800000, 0x00000000ea800000|100%| E|CS|TAMS 0x00000000ea700000, 0x00000000ea700000| Complete 
| 168|0x00000000ea800000, 0x00000000ea900000, 0x00000000ea900000|100%| E|CS|TAMS 0x00000000ea800000, 0x00000000ea800000| Complete 
| 169|0x00000000ea900000, 0x00000000eaa00000, 0x00000000eaa00000|100%| E|CS|TAMS 0x00000000ea900000, 0x00000000ea900000| Complete 
| 170|0x00000000eaa00000, 0x00000000eab00000, 0x00000000eab00000|100%| E|CS|TAMS 0x00000000eaa00000, 0x00000000eaa00000| Complete 
| 171|0x00000000eab00000, 0x00000000eac00000, 0x00000000eac00000|100%| E|CS|TAMS 0x00000000eab00000, 0x00000000eab00000| Complete 
| 172|0x00000000eac00000, 0x00000000ead00000, 0x00000000ead00000|100%| E|CS|TAMS 0x00000000eac00000, 0x00000000eac00000| Complete 
| 173|0x00000000ead00000, 0x00000000eae00000, 0x00000000eae00000|100%| E|CS|TAMS 0x00000000ead00000, 0x00000000ead00000| Complete 
| 174|0x00000000eae00000, 0x00000000eaf00000, 0x00000000eaf00000|100%| E|CS|TAMS 0x00000000eae00000, 0x00000000eae00000| Complete 
| 175|0x00000000eaf00000, 0x00000000eb000000, 0x00000000eb000000|100%| E|CS|TAMS 0x00000000eaf00000, 0x00000000eaf00000| Complete 
| 176|0x00000000eb000000, 0x00000000eb100000, 0x00000000eb100000|100%| E|CS|TAMS 0x00000000eb000000, 0x00000000eb000000| Complete 
| 177|0x00000000eb100000, 0x00000000eb200000, 0x00000000eb200000|100%| E|CS|TAMS 0x00000000eb100000, 0x00000000eb100000| Complete 
| 178|0x00000000eb200000, 0x00000000eb300000, 0x00000000eb300000|100%| E|CS|TAMS 0x00000000eb200000, 0x00000000eb200000| Complete 
| 179|0x00000000eb300000, 0x00000000eb400000, 0x00000000eb400000|100%| E|CS|TAMS 0x00000000eb300000, 0x00000000eb300000| Complete 
| 180|0x00000000eb400000, 0x00000000eb500000, 0x00000000eb500000|100%| E|CS|TAMS 0x00000000eb400000, 0x00000000eb400000| Complete 
| 181|0x00000000eb500000, 0x00000000eb600000, 0x00000000eb600000|100%| E|CS|TAMS 0x00000000eb500000, 0x00000000eb500000| Complete 
| 182|0x00000000eb600000, 0x00000000eb700000, 0x00000000eb700000|100%| E|CS|TAMS 0x00000000eb600000, 0x00000000eb600000| Complete 
| 183|0x00000000eb700000, 0x00000000eb800000, 0x00000000eb800000|100%| E|CS|TAMS 0x00000000eb700000, 0x00000000eb700000| Complete 
| 184|0x00000000eb800000, 0x00000000eb900000, 0x00000000eb900000|100%| E|CS|TAMS 0x00000000eb800000, 0x00000000eb800000| Complete 
| 185|0x00000000eb900000, 0x00000000eba00000, 0x00000000eba00000|100%| E|CS|TAMS 0x00000000eb900000, 0x00000000eb900000| Complete 
| 186|0x00000000eba00000, 0x00000000ebb00000, 0x00000000ebb00000|100%| E|CS|TAMS 0x00000000eba00000, 0x00000000eba00000| Complete 
| 187|0x00000000ebb00000, 0x00000000ebc00000, 0x00000000ebc00000|100%| E|CS|TAMS 0x00000000ebb00000, 0x00000000ebb00000| Complete 
| 188|0x00000000ebc00000, 0x00000000ebd00000, 0x00000000ebd00000|100%| E|CS|TAMS 0x00000000ebc00000, 0x00000000ebc00000| Complete 
| 189|0x00000000ebd00000, 0x00000000ebe00000, 0x00000000ebe00000|100%| E|CS|TAMS 0x00000000ebd00000, 0x00000000ebd00000| Complete 
| 190|0x00000000ebe00000, 0x00000000ebf00000, 0x00000000ebf00000|100%| E|CS|TAMS 0x00000000ebe00000, 0x00000000ebe00000| Complete 
| 191|0x00000000ebf00000, 0x00000000ec000000, 0x00000000ec000000|100%| E|CS|TAMS 0x00000000ebf00000, 0x00000000ebf00000| Complete 
| 192|0x00000000ec000000, 0x00000000ec100000, 0x00000000ec100000|100%| E|CS|TAMS 0x00000000ec000000, 0x00000000ec000000| Complete 
| 193|0x00000000ec100000, 0x00000000ec200000, 0x00000000ec200000|100%| E|CS|TAMS 0x00000000ec100000, 0x00000000ec100000| Complete 
| 194|0x00000000ec200000, 0x00000000ec300000, 0x00000000ec300000|100%| E|CS|TAMS 0x00000000ec200000, 0x00000000ec200000| Complete 
| 195|0x00000000ec300000, 0x00000000ec400000, 0x00000000ec400000|100%| E|CS|TAMS 0x00000000ec300000, 0x00000000ec300000| Complete 
| 196|0x00000000ec400000, 0x00000000ec500000, 0x00000000ec500000|100%| E|CS|TAMS 0x00000000ec400000, 0x00000000ec400000| Complete 
| 197|0x00000000ec500000, 0x00000000ec600000, 0x00000000ec600000|100%| E|CS|TAMS 0x00000000ec500000, 0x00000000ec500000| Complete 
| 198|0x00000000ec600000, 0x00000000ec700000, 0x00000000ec700000|100%| E|CS|TAMS 0x00000000ec600000, 0x00000000ec600000| Complete 
| 199|0x00000000ec700000, 0x00000000ec800000, 0x00000000ec800000|100%| E|CS|TAMS 0x00000000ec700000, 0x00000000ec700000| Complete 
| 200|0x00000000ec800000, 0x00000000ec900000, 0x00000000ec900000|100%| E|CS|TAMS 0x00000000ec800000, 0x00000000ec800000| Complete 
| 201|0x00000000ec900000, 0x00000000eca00000, 0x00000000eca00000|100%| E|CS|TAMS 0x00000000ec900000, 0x00000000ec900000| Complete 
| 202|0x00000000eca00000, 0x00000000ecb00000, 0x00000000ecb00000|100%| E|CS|TAMS 0x00000000eca00000, 0x00000000eca00000| Complete 
| 203|0x00000000ecb00000, 0x00000000ecc00000, 0x00000000ecc00000|100%| E|CS|TAMS 0x00000000ecb00000, 0x00000000ecb00000| Complete 
| 204|0x00000000ecc00000, 0x00000000ecd00000, 0x00000000ecd00000|100%| E|CS|TAMS 0x00000000ecc00000, 0x00000000ecc00000| Complete 
| 205|0x00000000ecd00000, 0x00000000ece00000, 0x00000000ece00000|100%| E|CS|TAMS 0x00000000ecd00000, 0x00000000ecd00000| Complete 
| 206|0x00000000ece00000, 0x00000000ecf00000, 0x00000000ecf00000|100%| E|CS|TAMS 0x00000000ece00000, 0x00000000ece00000| Complete 
| 207|0x00000000ecf00000, 0x00000000ed000000, 0x00000000ed000000|100%| E|CS|TAMS 0x00000000ecf00000, 0x00000000ecf00000| Complete 
| 208|0x00000000ed000000, 0x00000000ed100000, 0x00000000ed100000|100%| E|CS|TAMS 0x00000000ed000000, 0x00000000ed000000| Complete 
| 209|0x00000000ed100000, 0x00000000ed200000, 0x00000000ed200000|100%| E|CS|TAMS 0x00000000ed100000, 0x00000000ed100000| Complete 
| 210|0x00000000ed200000, 0x00000000ed300000, 0x00000000ed300000|100%| E|CS|TAMS 0x00000000ed200000, 0x00000000ed200000| Complete 
| 211|0x00000000ed300000, 0x00000000ed400000, 0x00000000ed400000|100%| E|CS|TAMS 0x00000000ed300000, 0x00000000ed300000| Complete 
| 212|0x00000000ed400000, 0x00000000ed500000, 0x00000000ed500000|100%| E|CS|TAMS 0x00000000ed400000, 0x00000000ed400000| Complete 
| 213|0x00000000ed500000, 0x00000000ed600000, 0x00000000ed600000|100%| S|CS|TAMS 0x00000000ed500000, 0x00000000ed500000| Complete 
| 214|0x00000000ed600000, 0x00000000ed700000, 0x00000000ed700000|100%| S|CS|TAMS 0x00000000ed600000, 0x00000000ed600000| Complete 
| 215|0x00000000ed700000, 0x00000000ed800000, 0x00000000ed800000|100%| S|CS|TAMS 0x00000000ed700000, 0x00000000ed700000| Complete 
| 216|0x00000000ed800000, 0x00000000ed900000, 0x00000000ed900000|100%| S|CS|TAMS 0x00000000ed800000, 0x00000000ed800000| Complete 
| 217|0x00000000ed900000, 0x00000000eda00000, 0x00000000eda00000|100%| S|CS|TAMS 0x00000000ed900000, 0x00000000ed900000| Complete 
| 218|0x00000000eda00000, 0x00000000edb00000, 0x00000000edb00000|100%| S|CS|TAMS 0x00000000eda00000, 0x00000000eda00000| Complete 
| 219|0x00000000edb00000, 0x00000000edc00000, 0x00000000edc00000|100%| S|CS|TAMS 0x00000000edb00000, 0x00000000edb00000| Complete 
| 220|0x00000000edc00000, 0x00000000edd00000, 0x00000000edd00000|100%| S|CS|TAMS 0x00000000edc00000, 0x00000000edc00000| Complete 
| 221|0x00000000edd00000, 0x00000000ede00000, 0x00000000ede00000|100%| E|CS|TAMS 0x00000000edd00000, 0x00000000edd00000| Complete 
| 222|0x00000000ede00000, 0x00000000edf00000, 0x00000000edf00000|100%| E|CS|TAMS 0x00000000ede00000, 0x00000000ede00000| Complete 
| 223|0x00000000edf00000, 0x00000000ee000000, 0x00000000ee000000|100%| E|CS|TAMS 0x00000000edf00000, 0x00000000edf00000| Complete 
| 224|0x00000000ee000000, 0x00000000ee100000, 0x00000000ee100000|100%| E|CS|TAMS 0x00000000ee000000, 0x00000000ee000000| Complete 
| 225|0x00000000ee100000, 0x00000000ee200000, 0x00000000ee200000|100%| E|CS|TAMS 0x00000000ee100000, 0x00000000ee100000| Complete 
| 226|0x00000000ee200000, 0x00000000ee300000, 0x00000000ee300000|100%| E|CS|TAMS 0x00000000ee200000, 0x00000000ee200000| Complete 
| 227|0x00000000ee300000, 0x00000000ee400000, 0x00000000ee400000|100%| E|CS|TAMS 0x00000000ee300000, 0x00000000ee300000| Complete 
| 228|0x00000000ee400000, 0x00000000ee500000, 0x00000000ee500000|100%| E|CS|TAMS 0x00000000ee400000, 0x00000000ee400000| Complete 
| 229|0x00000000ee500000, 0x00000000ee600000, 0x00000000ee600000|100%| E|CS|TAMS 0x00000000ee500000, 0x00000000ee500000| Complete 
| 230|0x00000000ee600000, 0x00000000ee700000, 0x00000000ee700000|100%| E|CS|TAMS 0x00000000ee600000, 0x00000000ee600000| Complete 
| 231|0x00000000ee700000, 0x00000000ee800000, 0x00000000ee800000|100%| E|CS|TAMS 0x00000000ee700000, 0x00000000ee700000| Complete 
| 232|0x00000000ee800000, 0x00000000ee900000, 0x00000000ee900000|100%| E|CS|TAMS 0x00000000ee800000, 0x00000000ee800000| Complete 
| 233|0x00000000ee900000, 0x00000000eea00000, 0x00000000eea00000|100%| E|CS|TAMS 0x00000000ee900000, 0x00000000ee900000| Complete 
| 234|0x00000000eea00000, 0x00000000eeb00000, 0x00000000eeb00000|100%| E|CS|TAMS 0x00000000eea00000, 0x00000000eea00000| Complete 
| 235|0x00000000eeb00000, 0x00000000eec00000, 0x00000000eec00000|100%| E|CS|TAMS 0x00000000eeb00000, 0x00000000eeb00000| Complete 
| 236|0x00000000eec00000, 0x00000000eed00000, 0x00000000eed00000|100%| E|CS|TAMS 0x00000000eec00000, 0x00000000eec00000| Complete 
| 237|0x00000000eed00000, 0x00000000eee00000, 0x00000000eee00000|100%| E|CS|TAMS 0x00000000eed00000, 0x00000000eed00000| Complete 
| 238|0x00000000eee00000, 0x00000000eef00000, 0x00000000eef00000|100%| E|CS|TAMS 0x00000000eee00000, 0x00000000eee00000| Complete 
| 239|0x00000000eef00000, 0x00000000ef000000, 0x00000000ef000000|100%| E|CS|TAMS 0x00000000eef00000, 0x00000000eef00000| Complete 
| 240|0x00000000ef000000, 0x00000000ef100000, 0x00000000ef100000|100%| E|CS|TAMS 0x00000000ef000000, 0x00000000ef000000| Complete 
| 241|0x00000000ef100000, 0x00000000ef200000, 0x00000000ef200000|100%| E|CS|TAMS 0x00000000ef100000, 0x00000000ef100000| Complete 
| 242|0x00000000ef200000, 0x00000000ef300000, 0x00000000ef300000|100%| E|CS|TAMS 0x00000000ef200000, 0x00000000ef200000| Complete 
| 243|0x00000000ef300000, 0x00000000ef400000, 0x00000000ef400000|100%| E|CS|TAMS 0x00000000ef300000, 0x00000000ef300000| Complete 
| 244|0x00000000ef400000, 0x00000000ef500000, 0x00000000ef500000|100%| E|CS|TAMS 0x00000000ef400000, 0x00000000ef400000| Complete 
| 245|0x00000000ef500000, 0x00000000ef600000, 0x00000000ef600000|100%| E|CS|TAMS 0x00000000ef500000, 0x00000000ef500000| Complete 
| 246|0x00000000ef600000, 0x00000000ef700000, 0x00000000ef700000|100%| E|CS|TAMS 0x00000000ef600000, 0x00000000ef600000| Complete 
| 247|0x00000000ef700000, 0x00000000ef800000, 0x00000000ef800000|100%| E|CS|TAMS 0x00000000ef700000, 0x00000000ef700000| Complete 
| 248|0x00000000ef800000, 0x00000000ef900000, 0x00000000ef900000|100%| E|CS|TAMS 0x00000000ef800000, 0x00000000ef800000| Complete 
| 249|0x00000000ef900000, 0x00000000efa00000, 0x00000000efa00000|100%| E|CS|TAMS 0x00000000ef900000, 0x00000000ef900000| Complete 
| 250|0x00000000efa00000, 0x00000000efb00000, 0x00000000efb00000|100%| E|CS|TAMS 0x00000000efa00000, 0x00000000efa00000| Complete 
| 251|0x00000000efb00000, 0x00000000efc00000, 0x00000000efc00000|100%| E|CS|TAMS 0x00000000efb00000, 0x00000000efb00000| Complete 
| 252|0x00000000efc00000, 0x00000000efd00000, 0x00000000efd00000|100%| E|CS|TAMS 0x00000000efc00000, 0x00000000efc00000| Complete 
| 253|0x00000000efd00000, 0x00000000efe00000, 0x00000000efe00000|100%| E|CS|TAMS 0x00000000efd00000, 0x00000000efd00000| Complete 
| 254|0x00000000efe00000, 0x00000000eff00000, 0x00000000eff00000|100%| E|CS|TAMS 0x00000000efe00000, 0x00000000efe00000| Complete 
| 255|0x00000000eff00000, 0x00000000f0000000, 0x00000000f0000000|100%| E|CS|TAMS 0x00000000eff00000, 0x00000000eff00000| Complete 

Card table byte_map: [0x0000027c17dd0000,0x0000027c17ed0000] _byte_map_base: 0x0000027c176d0000

Marking Bits (Prev, Next): (CMBitMap*) 0x0000027c0004fdc0, (CMBitMap*) 0x0000027c0004fd88
 Prev Bits: [0x0000027c187d0000, 0x0000027c18fd0000)
 Next Bits: [0x0000027c17fd0000, 0x0000027c187d0000)

Polling page: 0x0000027c00200000

Metaspace:

Usage:
  Non-class:     53.54 MB capacity,    52.16 MB ( 97%) used,     1.16 MB (  2%) free+waste,   228.69 KB ( <1%) overhead. 
      Class:      8.76 MB capacity,     7.93 MB ( 90%) used,   740.25 KB (  8%) free+waste,   112.31 KB (  1%) overhead. 
       Both:     62.30 MB capacity,    60.09 MB ( 96%) used,     1.88 MB (  3%) free+waste,   341.00 KB ( <1%) overhead. 

Virtual space:
  Non-class space:       54.00 MB reserved,      53.58 MB (>99%) committed 
      Class space:      248.00 MB reserved,       8.88 MB (  4%) committed 
             Both:      302.00 MB reserved,      62.45 MB ( 21%) committed 

Chunk freelists:
   Non-Class:  37.00 KB
       Class:  0 bytes
        Both:  37.00 KB

MaxMetaspaceSize: 256.00 MB
CompressedClassSpaceSize: 248.00 MB
Initial GC threshold: 20.80 MB
Current GC threshold: 98.26 MB
CDS: off

CodeHeap 'non-profiled nmethods': size=120064Kb used=3339Kb max_used=3339Kb free=116724Kb
 bounds [0x0000027c10380000, 0x0000027c106d0000, 0x0000027c178c0000]
CodeHeap 'profiled nmethods': size=120000Kb used=13577Kb max_used=13577Kb free=106422Kb
 bounds [0x0000027c08e50000, 0x0000027c09ba0000, 0x0000027c10380000]
CodeHeap 'non-nmethods': size=5696Kb used=2322Kb max_used=2362Kb free=3373Kb
 bounds [0x0000027c088c0000, 0x0000027c08b30000, 0x0000027c08e50000]
 total_blobs=7590 nmethods=6751 adapters=752
 compilation: enabled
              stopped_count=0, restarted_count=0
 full_count=0

Compilation events (20 events):
Event: 68.482 Thread 0x0000027c1bba3800 nmethod 6763 0x0000027c09b70090 code [0x0000027c09b702a0, 0x0000027c09b70a28]
Event: 68.482 Thread 0x0000027c1bba3800 6764       3       java.io.ObjectStreamClass::getFields (22 bytes)
Event: 68.484 Thread 0x0000027c1bba3800 nmethod 6764 0x0000027c09b70c10 code [0x0000027c09b70de0, 0x0000027c09b710e8]
Event: 68.484 Thread 0x0000027c1bba3800 6765       3       java.io.ObjectInputStream$HandleTable::finish (111 bytes)
Event: 68.485 Thread 0x0000027c1bba3800 nmethod 6765 0x0000027c09b71210 code [0x0000027c09b71400, 0x0000027c09b719c8]
Event: 68.485 Thread 0x0000027c1bba3800 6767       3       java.io.ObjectInputStream$BlockDataInputStream::readUTFBody (192 bytes)
Event: 68.486 Thread 0x0000027c1bba3800 nmethod 6767 0x0000027c09b71b90 code [0x0000027c09b71e40, 0x0000027c09b72bb8]
Event: 68.486 Thread 0x0000027c1bba3800 6766       3       java.io.ObjectInputStream$BlockDataInputStream::readUnsignedShort (76 bytes)
Event: 68.487 Thread 0x0000027c1bba3800 nmethod 6766 0x0000027c09b73010 code [0x0000027c09b73200, 0x0000027c09b734f8]
Event: 68.488 Thread 0x0000027c1bb9b000 6768       4       com.esotericsoftware.kryo.io.Input::require (220 bytes)
Event: 68.495 Thread 0x0000027c1bb9b000 nmethod 6768 0x0000027c106c1d10 code [0x0000027c106c1ee0, 0x0000027c106c2218]
Event: 68.495 Thread 0x0000027c1bb9b000 6769       4       java.lang.reflect.AccessibleObject::checkCanSetAccessible (386 bytes)
Event: 68.498 Thread 0x0000027c1bba3800 6770       1       org.gradle.api.internal.tasks.testing.TestStartEvent::getParentId (5 bytes)
Event: 68.498 Thread 0x0000027c1bba3800 nmethod 6770 0x0000027c106c2490 code [0x0000027c106c2640, 0x0000027c106c26f8]
Event: 68.499 Thread 0x0000027c1bba3800 6771       3       org.gradle.api.internal.tasks.testing.DecoratingTestDescriptor::getParent (5 bytes)
Event: 68.500 Thread 0x0000027c1bba3800 nmethod 6771 0x0000027c09b73690 code [0x0000027c09b73840, 0x0000027c09b73958]
Event: 68.510 Thread 0x0000027c1bba3800 6773       3       org.gradle.internal.remote.internal.inet.SocketConnection$SocketOutputStream::write (78 bytes)
Event: 68.511 Thread 0x0000027c1bba3800 nmethod 6773 0x0000027c09b73a10 code [0x0000027c09b73c60, 0x0000027c09b74528]
Event: 68.511 Thread 0x0000027c1bba3800 6774   !   3       java.nio.DirectByteBuffer::put (151 bytes)
Event: 68.514 Thread 0x0000027c1bba3800 nmethod 6774 0x0000027c09b74810 code [0x0000027c09b74b40, 0x0000027c09b75aa8]

GC Heap History (20 events):
Event: 1.692 GC heap before
{Heap before GC invocations=1 (full 0):
 garbage-first heap   total 262144K, used 15448K [0x00000000e0000000, 0x0000000100000000)
  region size 1024K, 12 young (12288K), 2 survivors (2048K)
 Metaspace       used 9916K, capacity 10165K, committed 10368K, reserved 264192K
  class space    used 987K, capacity 1072K, committed 1152K, reserved 253952K
}
Event: 1.703 GC heap after
{Heap after GC invocations=2 (full 0):
 garbage-first heap   total 262144K, used 9579K [0x00000000e0000000, 0x0000000100000000)
  region size 1024K, 2 young (2048K), 2 survivors (2048K)
 Metaspace       used 9916K, capacity 10165K, committed 10368K, reserved 264192K
  class space    used 987K, capacity 1072K, committed 1152K, reserved 253952K
}
Event: 2.563 GC heap before
{Heap before GC invocations=2 (full 0):
 garbage-first heap   total 262144K, used 24939K [0x00000000e0000000, 0x0000000100000000)
  region size 1024K, 17 young (17408K), 2 survivors (2048K)
 Metaspace       used 11237K, capacity 11507K, committed 11776K, reserved 266240K
  class space    used 1146K, capacity 1242K, committed 1280K, reserved 253952K
}
Event: 2.568 GC heap after
{Heap after GC invocations=3 (full 0):
 garbage-first heap   total 262144K, used 10025K [0x00000000e0000000, 0x0000000100000000)
  region size 1024K, 1 young (1024K), 1 survivors (1024K)
 Metaspace       used 11237K, capacity 11507K, committed 11776K, reserved 266240K
  class space    used 1146K, capacity 1242K, committed 1280K, reserved 253952K
}
Event: 3.358 GC heap before
{Heap before GC invocations=3 (full 0):
 garbage-first heap   total 262144K, used 30505K [0x00000000e0000000, 0x0000000100000000)
  region size 1024K, 21 young (21504K), 1 survivors (1024K)
 Metaspace       used 11351K, capacity 11635K, committed 11776K, reserved 266240K
  class space    used 1149K, capacity 1242K, committed 1280K, reserved 253952K
}
Event: 3.370 GC heap after
{Heap after GC invocations=4 (full 0):
 garbage-first heap   total 262144K, used 14429K [0x00000000e0000000, 0x0000000100000000)
  region size 1024K, 3 young (3072K), 3 survivors (3072K)
 Metaspace       used 11351K, capacity 11635K, committed 11776K, reserved 266240K
  class space    used 1149K, capacity 1242K, committed 1280K, reserved 253952K
}
Event: 6.188 GC heap before
{Heap before GC invocations=4 (full 0):
 garbage-first heap   total 262144K, used 42077K [0x00000000e0000000, 0x0000000100000000)
  region size 1024K, 30 young (30720K), 3 survivors (3072K)
 Metaspace       used 16879K, capacity 17261K, committed 17408K, reserved 270336K
  class space    used 1912K, capacity 2034K, committed 2048K, reserved 253952K
}
Event: 6.200 GC heap after
{Heap after GC invocations=5 (full 0):
 garbage-first heap   total 262144K, used 16337K [0x00000000e0000000, 0x0000000100000000)
  region size 1024K, 2 young (2048K), 2 survivors (2048K)
 Metaspace       used 16879K, capacity 17261K, committed 17408K, reserved 270336K
  class space    used 1912K, capacity 2034K, committed 2048K, reserved 253952K
}
Event: 7.154 GC heap before
{Heap before GC invocations=5 (full 0):
 garbage-first heap   total 262144K, used 47057K [0x00000000e0000000, 0x0000000100000000)
  region size 1024K, 33 young (33792K), 2 survivors (2048K)
 Metaspace       used 20692K, capacity 21117K, committed 21296K, reserved 274432K
  class space    used 2475K, capacity 2619K, committed 2688K, reserved 253952K
}
Event: 7.169 GC heap after
{Heap after GC invocations=6 (full 0):
 garbage-first heap   total 262144K, used 17713K [0x00000000e0000000, 0x0000000100000000)
  region size 1024K, 4 young (4096K), 4 survivors (4096K)
 Metaspace       used 20692K, capacity 21117K, committed 21296K, reserved 274432K
  class space    used 2475K, capacity 2619K, committed 2688K, reserved 253952K
}
Event: 8.551 GC heap before
{Heap before GC invocations=7 (full 0):
 garbage-first heap   total 262144K, used 60721K [0x00000000e0000000, 0x0000000100000000)
  region size 1024K, 46 young (47104K), 4 survivors (4096K)
 Metaspace       used 24844K, capacity 25462K, committed 25648K, reserved 276480K
  class space    used 3142K, capacity 3352K, committed 3456K, reserved 253952K
}
Event: 8.568 GC heap after
{Heap after GC invocations=8 (full 0):
 garbage-first heap   total 262144K, used 19056K [0x00000000e0000000, 0x0000000100000000)
  region size 1024K, 3 young (3072K), 3 survivors (3072K)
 Metaspace       used 24844K, capacity 25462K, committed 25648K, reserved 276480K
  class space    used 3142K, capacity 3352K, committed 3456K, reserved 253952K
}
Event: 11.490 GC heap before
{Heap before GC invocations=8 (full 0):
 garbage-first heap   total 262144K, used 97904K [0x00000000e0000000, 0x0000000100000000)
  region size 1024K, 81 young (82944K), 3 survivors (3072K)
 Metaspace       used 35024K, capacity 35799K, committed 35920K, reserved 286720K
  class space    used 4484K, capacity 4804K, committed 4864K, reserved 253952K
}
Event: 11.517 GC heap after
{Heap after GC invocations=9 (full 0):
 garbage-first heap   total 262144K, used 22568K [0x00000000e0000000, 0x0000000100000000)
  region size 1024K, 7 young (7168K), 7 survivors (7168K)
 Metaspace       used 35024K, capacity 35799K, committed 35920K, reserved 286720K
  class space    used 4484K, capacity 4804K, committed 4864K, reserved 253952K
}
Event: 15.099 GC heap before
{Heap before GC invocations=10 (full 0):
 garbage-first heap   total 262144K, used 123944K [0x00000000e0000000, 0x0000000100000000)
  region size 1024K, 103 young (105472K), 7 survivors (7168K)
 Metaspace       used 45319K, capacity 46409K, committed 46544K, reserved 294912K
  class space    used 5731K, capacity 6161K, committed 6272K, reserved 253952K
}
Event: 15.159 GC heap after
{Heap after GC invocations=11 (full 0):
 garbage-first heap   total 262144K, used 28451K [0x00000000e0000000, 0x0000000100000000)
  region size 1024K, 12 young (12288K), 12 survivors (12288K)
 Metaspace       used 45319K, capacity 46409K, committed 46544K, reserved 294912K
  class space    used 5731K, capacity 6161K, committed 6272K, reserved 253952K
}
Event: 19.236 GC heap before
{Heap before GC invocations=11 (full 0):
 garbage-first heap   total 262144K, used 156451K [0x00000000e0000000, 0x0000000100000000)
  region size 1024K, 137 young (140288K), 12 survivors (12288K)
 Metaspace       used 55620K, capacity 57257K, committed 57552K, reserved 305152K
  class space    used 7316K, capacity 7987K, committed 8064K, reserved 253952K
}
Event: 19.298 GC heap after
{Heap after GC invocations=12 (full 0):
 garbage-first heap   total 262144K, used 34483K [0x00000000e0000000, 0x0000000100000000)
  region size 1024K, 12 young (12288K), 12 survivors (12288K)
 Metaspace       used 55620K, capacity 57257K, committed 57552K, reserved 305152K
  class space    used 7316K, capacity 7987K, committed 8064K, reserved 253952K
}
Event: 23.005 GC heap before
{Heap before GC invocations=12 (full 0):
 garbage-first heap   total 262144K, used 69299K [0x00000000e0000000, 0x0000000100000000)
  region size 1024K, 47 young (48128K), 12 survivors (12288K)
 Metaspace       used 58296K, capacity 60155K, committed 60240K, reserved 307200K
  class space    used 7698K, capacity 8441K, committed 8448K, reserved 253952K
}
Event: 23.047 GC heap after
{Heap after GC invocations=13 (full 0):
 garbage-first heap   total 262144K, used 36279K [0x00000000e0000000, 0x0000000100000000)
  region size 1024K, 8 young (8192K), 8 survivors (8192K)
 Metaspace       used 58296K, capacity 60155K, committed 60240K, reserved 307200K
  class space    used 7698K, capacity 8441K, committed 8448K, reserved 253952K
}

Deoptimization events (20 events):
Event: 66.006 Thread 0x0000027c1f0e5000 DEOPT PACKING pc=0x0000027c098ab2f1 sp=0x000000de245fdb00
Event: 66.006 Thread 0x0000027c1f0e5000 DEOPT UNPACKING pc=0x0000027c0890a93f sp=0x000000de245fcff8 mode 0
Event: 66.007 Thread 0x0000027c1f0e5000 DEOPT PACKING pc=0x0000027c098ab2f1 sp=0x000000de245fdb00
Event: 66.007 Thread 0x0000027c1f0e5000 DEOPT UNPACKING pc=0x0000027c0890a93f sp=0x000000de245fcff8 mode 0
Event: 66.008 Thread 0x0000027c1f0e5000 DEOPT PACKING pc=0x0000027c098ab2f1 sp=0x000000de245fda30
Event: 66.008 Thread 0x0000027c1f0e5000 DEOPT UNPACKING pc=0x0000027c0890a93f sp=0x000000de245fcf28 mode 0
Event: 66.009 Thread 0x0000027c1f0e5000 DEOPT PACKING pc=0x0000027c098ab2f1 sp=0x000000de245fda30
Event: 66.009 Thread 0x0000027c1f0e5000 DEOPT UNPACKING pc=0x0000027c0890a93f sp=0x000000de245fcf28 mode 0
Event: 66.016 Thread 0x0000027c1f0e5000 DEOPT PACKING pc=0x0000027c098ab2f1 sp=0x000000de245fdcc0
Event: 66.016 Thread 0x0000027c1f0e5000 DEOPT UNPACKING pc=0x0000027c0890a93f sp=0x000000de245fd1b8 mode 0
Event: 66.028 Thread 0x0000027c1f0e5000 DEOPT PACKING pc=0x0000027c098ab2f1 sp=0x000000de245fdcc0
Event: 66.028 Thread 0x0000027c1f0e5000 DEOPT UNPACKING pc=0x0000027c0890a93f sp=0x000000de245fd1b8 mode 0
Event: 66.036 Thread 0x0000027c1f0e5000 DEOPT PACKING pc=0x0000027c098ab2f1 sp=0x000000de245fdcc0
Event: 66.036 Thread 0x0000027c1f0e5000 DEOPT UNPACKING pc=0x0000027c0890a93f sp=0x000000de245fd1b8 mode 0
Event: 66.045 Thread 0x0000027c1f0e5000 DEOPT PACKING pc=0x0000027c098ab2f1 sp=0x000000de245fdcb0
Event: 66.045 Thread 0x0000027c1f0e5000 DEOPT UNPACKING pc=0x0000027c0890a93f sp=0x000000de245fd1a8 mode 0
Event: 66.069 Thread 0x0000027c1f0e5000 Uncommon trap: trap_request=0xffffffdc fr.pc=0x0000027c106bd784 relative=0x0000000000000244
Event: 66.069 Thread 0x0000027c1f0e5000 Uncommon trap: reason=class_check action=make_not_entrant pc=0x0000027c106bd784 method=java.util.ArrayList.toArray([Ljava/lang/Object;)[Ljava/lang/Object; @ 21 c2
Event: 66.069 Thread 0x0000027c1f0e5000 DEOPT PACKING pc=0x0000027c106bd784 sp=0x000000de245fdfb0
Event: 66.069 Thread 0x0000027c1f0e5000 DEOPT UNPACKING pc=0x0000027c0890a1a9 sp=0x000000de245fdf70 mode 2

Classes redefined (0 events):
No events

Internal exceptions (20 events):
Event: 37.809 Thread 0x0000027c1f7b2800 Exception <a 'java/lang/ClassNotFoundException'{0x00000000eaa22df0}: java/net/URLBeanInfo> (0x00000000eaa22df0) thrown at [s\src\hotspot\share\classfile\systemDictionary.cpp, line 230]
Event: 37.809 Thread 0x0000027c1f7b2800 Exception <a 'java/lang/ClassNotFoundException'{0x00000000eaa28340}: java/net/URLCustomizer> (0x00000000eaa28340) thrown at [s\src\hotspot\share\classfile\systemDictionary.cpp, line 230]
Event: 37.852 Thread 0x0000027c21857000 Exception <a 'java/lang/NoSuchMethodError'{0x00000000ec4de130}: <clinit>> (0x00000000ec4de130) thrown at [s\src\hotspot\share\prims\jni.cpp, line 1367]
Event: 37.854 Thread 0x0000027c21857000 Exception <a 'java/lang/NoSuchMethodError'{0x00000000ec4e8cc8}: <clinit>> (0x00000000ec4e8cc8) thrown at [s\src\hotspot\share\prims\jni.cpp, line 1367]
Event: 40.335 Thread 0x0000027c23983000 Exception <a 'java/lang/ClassNotFoundException'{0x00000000ea6605f0}: groovy/runtime/metaclass/[Ljava/lang/Object;MetaClass> (0x00000000ea6605f0) thrown at [s\src\hotspot\share\prims\jni.cpp, line 638]
Event: 40.337 Thread 0x0000027c23983000 Exception <a 'java/lang/ClassNotFoundException'{0x00000000ea667290}: [Ljava/lang/Object;BeanInfo> (0x00000000ea667290) thrown at [s\src\hotspot\share\prims\jni.cpp, line 638]
Event: 40.337 Thread 0x0000027c23983000 Exception <a 'java/lang/ClassNotFoundException'{0x00000000ea667af8}: [Ljava/lang/Object;BeanInfo> (0x00000000ea667af8) thrown at [s\src\hotspot\share\prims\jni.cpp, line 638]
Event: 40.337 Thread 0x0000027c23983000 Exception <a 'java/lang/ClassNotFoundException'{0x00000000ea668420}: [Ljava/lang/Object;Customizer> (0x00000000ea668420) thrown at [s\src\hotspot\share\prims\jni.cpp, line 638]
Event: 40.337 Thread 0x0000027c23983000 Exception <a 'java/lang/ClassNotFoundException'{0x00000000ea668c88}: [Ljava/lang/Object;Customizer> (0x00000000ea668c88) thrown at [s\src\hotspot\share\prims\jni.cpp, line 638]
Event: 40.352 Thread 0x0000027c21857000 Exception <a 'java/lang/NoSuchMethodError'{0x00000000ea681ce0}: <clinit>> (0x00000000ea681ce0) thrown at [s\src\hotspot\share\prims\jni.cpp, line 1367]
Event: 40.359 Thread 0x0000027c21857000 Exception <a 'java/lang/NoSuchMethodError'{0x00000000ea692e30}: <clinit>> (0x00000000ea692e30) thrown at [s\src\hotspot\share\prims\jni.cpp, line 1367]
Event: 40.359 Thread 0x0000027c21857000 Exception <a 'java/lang/NoSuchMethodError'{0x00000000ea6c7fb0}: <clinit>> (0x00000000ea6c7fb0) thrown at [s\src\hotspot\share\prims\jni.cpp, line 1367]
Event: 40.369 Thread 0x0000027c23983000 Exception <a 'java/lang/ClassNotFoundException'{0x00000000ea53e730}: groovy/lang/GString$1BeanInfo> (0x00000000ea53e730) thrown at [s\src\hotspot\share\classfile\systemDictionary.cpp, line 230]
Event: 40.370 Thread 0x0000027c23983000 Exception <a 'java/lang/ClassNotFoundException'{0x00000000ea55c498}: groovy/lang/GStringBeanInfo> (0x00000000ea55c498) thrown at [s\src\hotspot\share\classfile\systemDictionary.cpp, line 230]
Event: 40.371 Thread 0x0000027c23983000 Exception <a 'java/lang/ClassNotFoundException'{0x00000000ea579468}: groovy/lang/GStringCustomizer> (0x00000000ea579468) thrown at [s\src\hotspot\share\classfile\systemDictionary.cpp, line 230]
Event: 40.376 Thread 0x0000027c23983000 Exception <a 'java/lang/ClassNotFoundException'{0x00000000ea5a0a80}: groovy/lang/GString$1Customizer> (0x00000000ea5a0a80) thrown at [s\src\hotspot\share\classfile\systemDictionary.cpp, line 230]
Event: 40.413 Thread 0x0000027c23983000 Exception <a 'java/lang/ClassNotFoundException'{0x00000000ea2709a0}: org/codehaus/groovy/runtime/GStringImplBeanInfo> (0x00000000ea2709a0) thrown at [s\src\hotspot\share\classfile\systemDictionary.cpp, line 230]
Event: 40.419 Thread 0x0000027c23983000 Exception <a 'java/lang/ClassNotFoundException'{0x00000000ea045148}: org/codehaus/groovy/runtime/GStringImplCustomizer> (0x00000000ea045148) thrown at [s\src\hotspot\share\classfile\systemDictionary.cpp, line 230]
Event: 40.427 Thread 0x0000027c23983000 Exception <a 'java/lang/ClassNotFoundException'{0x00000000ea0979b8}: org/gradle/api/internal/tasks/testing/results/DefaultTestResultBeanInfo> (0x00000000ea0979b8) thrown at [s\src\hotspot\share\classfile\systemDictionary.cpp, line 230]
Event: 40.427 Thread 0x0000027c23983000 Exception <a 'java/lang/ClassNotFoundException'{0x00000000ea0bc2e0}: org/gradle/api/internal/tasks/testing/results/DefaultTestResultCustomizer> (0x00000000ea0bc2e0) thrown at [s\src\hotspot\share\classfile\systemDictionary.cpp, line 230]

Events (20 events):
Event: 65.874 Executing VM operation: RevokeBias done
Event: 65.947 Thread 0x0000027c1f0db800 Thread added: 0x0000027c1f0db800
Event: 65.947 Thread 0x0000027c1f0e2000 Thread added: 0x0000027c1f0e2000
Event: 65.995 Thread 0x0000027c1f0e3000 Thread added: 0x0000027c1f0e3000
Event: 65.995 loading class org/gradle/api/internal/tasks/testing/TestResultProcessor
Event: 65.995 loading class org/gradle/api/internal/tasks/testing/TestResultProcessor done
Event: 66.003 Thread 0x0000027c1f0e5000 Thread added: 0x0000027c1f0e5000
Event: 66.003 loading class org/gradle/api/internal/tasks/testing/TestClassProcessor
Event: 66.003 loading class org/gradle/api/internal/tasks/testing/TestClassProcessor done
Event: 66.056 Thread 0x0000027c1f0e4000 Thread added: 0x0000027c1f0e4000
Event: 66.081 Thread 0x0000027c1f0e5800 Thread added: 0x0000027c1f0e5800
Event: 66.492 Executing VM operation: RevokeBias
Event: 66.492 Executing VM operation: RevokeBias done
Event: 66.492 Thread 0x0000027c1f0e5800 Thread exited: 0x0000027c1f0e5800
Event: 67.236 Thread 0x0000027c1f0df800 Thread added: 0x0000027c1f0df800
Event: 67.239 Thread 0x0000027c1f0e6800 Thread added: 0x0000027c1f0e6800
Event: 67.239 loading class org/gradle/api/internal/tasks/testing/worker/RemoteTestClassProcessor
Event: 67.239 loading class org/gradle/api/internal/tasks/testing/worker/RemoteTestClassProcessor done
Event: 67.242 Thread 0x0000027c1f0e7800 Thread added: 0x0000027c1f0e7800
Event: 67.242 Thread 0x0000027c21852000 Thread added: 0x0000027c21852000


Dynamic libraries:
0x00007ff6959d0000 - 0x00007ff6959de000 	C:\Program Files\Eclipse Adoptium\jdk-11.0.19.7-hotspot\bin\java.exe
0x00007ffe027b0000 - 0x00007ffe029a7000 	C:\WINDOWS\SYSTEM32\ntdll.dll
0x00007ffe00ba0000 - 0x00007ffe00c5d000 	C:\WINDOWS\System32\KERNEL32.DLL
0x00007ffe00510000 - 0x00007ffe00806000 	C:\WINDOWS\System32\KERNELBASE.dll
0x00007ffdfd630000 - 0x00007ffdfd6c0000 	C:\WINDOWS\SYSTEM32\apphelp.dll
0x00007ffddafc0000 - 0x00007ffddb456000 	C:\WINDOWS\SYSTEM32\AcLayers.DLL
0x00007ffe01f80000 - 0x00007ffe0201e000 	C:\WINDOWS\System32\msvcrt.dll
0x00007ffe00c60000 - 0x00007ffe00dfe000 	C:\WINDOWS\System32\USER32.dll
0x00007ffe002d0000 - 0x00007ffe002f2000 	C:\WINDOWS\System32\win32u.dll
0x00007ffe00fa0000 - 0x00007ffe00fcc000 	C:\WINDOWS\System32\GDI32.dll
0x00007ffe00010000 - 0x00007ffe0012a000 	C:\WINDOWS\System32\gdi32full.dll
0x00007ffdfff70000 - 0x00007ffe0000d000 	C:\WINDOWS\System32\msvcp_win.dll
0x00007ffe001a0000 - 0x00007ffe002a0000 	C:\WINDOWS\System32\ucrtbase.dll
0x00007ffe02020000 - 0x00007ffe02764000 	C:\WINDOWS\System32\SHELL32.dll
0x00007ffe00a00000 - 0x00007ffe00a55000 	C:\WINDOWS\System32\SHLWAPI.dll
0x00007ffe00a90000 - 0x00007ffe00b3e000 	C:\WINDOWS\System32\ADVAPI32.dll
0x00007ffe00960000 - 0x00007ffe009fc000 	C:\WINDOWS\System32\sechost.dll
0x00007ffe00e60000 - 0x00007ffe00f86000 	C:\WINDOWS\System32\RPCRT4.dll
0x0000027c78d20000 - 0x0000027c78d23000 	C:\WINDOWS\SYSTEM32\sfc.dll
0x00007ffdecd70000 - 0x00007ffdece0d000 	C:\WINDOWS\SYSTEM32\WINSPOOL.DRV
0x00007ffe01440000 - 0x00007ffe01794000 	C:\WINDOWS\System32\combase.dll
0x00007ffe01300000 - 0x00007ffe013ad000 	C:\WINDOWS\System32\shcore.dll
0x00007ffde9c80000 - 0x00007ffde9c92000 	C:\WINDOWS\SYSTEM32\sfc_os.DLL
0x00007ffdfa140000 - 0x00007ffdfa151000 	C:\WINDOWS\SYSTEM32\SortWindows61.dll
0x00007ffe00a60000 - 0x00007ffe00a90000 	C:\WINDOWS\System32\IMM32.DLL
0x00007ffdff660000 - 0x00007ffdff690000 	C:\WINDOWS\system32\DriverStore\FileRepository\nvacwu.inf_amd64_bdd6ea477d4e2fba\nvinitx.dll
0x00007ffdff650000 - 0x00007ffdff65a000 	C:\WINDOWS\SYSTEM32\VERSION.dll
0x00007ffdfdef0000 - 0x00007ffdfe68b000 	C:\WINDOWS\SYSTEM32\windows.storage.dll
0x00007ffdff8d0000 - 0x00007ffdff8fd000 	C:\WINDOWS\SYSTEM32\Wldp.dll
0x000000006e000000 - 0x000000006e006000 	C:\Program Files\NVIDIA Corporation\CoProcManager\_etoured.dll
0x00007ffdfb590000 - 0x00007ffdfb5cb000 	C:\Program Files\NVIDIA Corporation\CoProcManager\nvd3d9wrapx.dll
0x00007ffe01b10000 - 0x00007ffe01f7e000 	C:\WINDOWS\System32\SETUPAPI.dll
0x00007ffdfff20000 - 0x00007ffdfff6e000 	C:\WINDOWS\System32\cfgmgr32.dll
0x00007ffe002a0000 - 0x00007ffe002c7000 	C:\WINDOWS\System32\bcrypt.dll
0x00007ffdfb3b0000 - 0x00007ffdfb3d4000 	C:\Program Files\NVIDIA Corporation\CoProcManager\nvdxgiwrapx.dll
0x00007ffdfa120000 - 0x00007ffdfa138000 	C:\Program Files\Eclipse Adoptium\jdk-11.0.19.7-hotspot\bin\jli.dll
0x00007ffdfa100000 - 0x00007ffdfa119000 	C:\Program Files\Eclipse Adoptium\jdk-11.0.19.7-hotspot\bin\VCRUNTIME140.dll
0x00007ffdf1e60000 - 0x00007ffdf20fa000 	C:\WINDOWS\WinSxS\amd64_microsoft.windows.common-controls_6595b64144ccf1df_6.0.19041.3570_none_60bb2a3971f3e41a\COMCTL32.dll
0x00007ffdfaee0000 - 0x00007ffdfaeec000 	C:\Program Files\Eclipse Adoptium\jdk-11.0.19.7-hotspot\bin\vcruntime140_1.dll
0x00007ffdfa060000 - 0x00007ffdfa0f1000 	C:\Program Files\Eclipse Adoptium\jdk-11.0.19.7-hotspot\bin\msvcp140.dll
0x00007ffdd9f20000 - 0x00007ffddaadc000 	C:\Program Files\Eclipse Adoptium\jdk-11.0.19.7-hotspot\bin\server\jvm.dll
0x00007ffe00950000 - 0x00007ffe00958000 	C:\WINDOWS\System32\PSAPI.DLL
0x00007ffdfb8e0000 - 0x00007ffdfb8e9000 	C:\WINDOWS\SYSTEM32\WSOCK32.dll
0x00007ffe00fd0000 - 0x00007ffe0103b000 	C:\WINDOWS\System32\WS2_32.dll
0x00007ffdeece0000 - 0x00007ffdeed07000 	C:\WINDOWS\SYSTEM32\WINMM.dll
0x00007ffdfdcf0000 - 0x00007ffdfdd02000 	C:\WINDOWS\SYSTEM32\kernel.appcore.dll
0x00007ffdfa050000 - 0x00007ffdfa060000 	C:\Program Files\Eclipse Adoptium\jdk-11.0.19.7-hotspot\bin\verify.dll
0x00007ffdeee80000 - 0x00007ffdef064000 	C:\WINDOWS\SYSTEM32\DBGHELP.DLL
0x00007ffdef160000 - 0x00007ffdef194000 	C:\WINDOWS\SYSTEM32\dbgcore.DLL
0x00007ffdffe90000 - 0x00007ffdfff12000 	C:\WINDOWS\System32\bcryptPrimitives.dll
0x00007ffdfa020000 - 0x00007ffdfa048000 	C:\Program Files\Eclipse Adoptium\jdk-11.0.19.7-hotspot\bin\java.dll
0x00007ffdfa010000 - 0x00007ffdfa01a000 	C:\Program Files\Eclipse Adoptium\jdk-11.0.19.7-hotspot\bin\jimage.dll
0x00007ffdf9ff0000 - 0x00007ffdfa008000 	C:\Program Files\Eclipse Adoptium\jdk-11.0.19.7-hotspot\bin\zip.dll
0x00007ffdffdc0000 - 0x00007ffdffde5000 	C:\WINDOWS\SYSTEM32\profapi.dll
0x00007ffdf9fd0000 - 0x00007ffdf9fe9000 	C:\Program Files\Eclipse Adoptium\jdk-11.0.19.7-hotspot\bin\net.dll
0x00007ffdf5a40000 - 0x00007ffdf5b4a000 	C:\WINDOWS\SYSTEM32\WINHTTP.dll
0x00007ffdff580000 - 0x00007ffdff5ea000 	C:\WINDOWS\system32\mswsock.dll
0x00007ffdf9fb0000 - 0x00007ffdf9fc3000 	C:\Program Files\Eclipse Adoptium\jdk-11.0.19.7-hotspot\bin\nio.dll
0x00007ffdf9b30000 - 0x00007ffdf9b57000 	C:\Users\1\.gradle\native\68d5fa5c4cc2d200863cafc0d521ce42e7d3e7ee720ec0a83991735586a16f82\windows-amd64\native-platform.dll
0x00007ffde2340000 - 0x00007ffde2484000 	C:\Users\1\.gradle\native\e376f236ea51e6404a007f0833ffe2c6e607c4080706a723a18a27aeea778392\windows-amd64\native-platform-file-events.dll
0x00007ffdfb940000 - 0x00007ffdfb949000 	C:\Program Files\Eclipse Adoptium\jdk-11.0.19.7-hotspot\bin\management.dll
0x00007ffdfb930000 - 0x00007ffdfb93b000 	C:\Program Files\Eclipse Adoptium\jdk-11.0.19.7-hotspot\bin\management_ext.dll
0x00007ffdff7b0000 - 0x00007ffdff7c8000 	C:\WINDOWS\SYSTEM32\CRYPTSP.dll
0x00007ffdfee30000 - 0x00007ffdfee64000 	C:\WINDOWS\system32\rsaenh.dll
0x00007ffdffd80000 - 0x00007ffdffdae000 	C:\WINDOWS\SYSTEM32\USERENV.dll
0x00007ffdff7d0000 - 0x00007ffdff7dc000 	C:\WINDOWS\SYSTEM32\CRYPTBASE.dll
0x00007ffdff270000 - 0x00007ffdff2ab000 	C:\WINDOWS\SYSTEM32\IPHLPAPI.DLL
0x00007ffe00f90000 - 0x00007ffe00f98000 	C:\WINDOWS\System32\NSI.dll
0x00007ffdf64f0000 - 0x00007ffdf6507000 	C:\WINDOWS\SYSTEM32\dhcpcsvc6.DLL
0x00007ffdf7250000 - 0x00007ffdf726d000 	C:\WINDOWS\SYSTEM32\dhcpcsvc.DLL
0x00007ffdff2b0000 - 0x00007ffdff37a000 	C:\WINDOWS\SYSTEM32\DNSAPI.dll

dbghelp: loaded successfully - version: 4.0.5 - missing functions: none
symbol engine: initialized successfully - sym options: 0x614 - pdb path: .;C:\Program Files\Eclipse Adoptium\jdk-11.0.19.7-hotspot\bin;C:\WINDOWS\SYSTEM32;C:\WINDOWS\system32\DriverStore\FileRepository\nvacwu.inf_amd64_bdd6ea477d4e2fba;C:\Program Files\NVIDIA Corporation\CoProcManager;C:\WINDOWS\WinSxS\amd64_microsoft.windows.common-controls_6595b64144ccf1df_6.0.19041.3570_none_60bb2a3971f3e41a;C:\Program Files\Eclipse Adoptium\jdk-11.0.19.7-hotspot\bin\server;C:\Users\1\.gradle\native\68d5fa5c4cc2d200863cafc0d521ce42e7d3e7ee720ec0a83991735586a16f82\windows-amd64;C:\Users\1\.gradle\native\e376f236ea51e6404a007f0833ffe2c6e607c4080706a723a18a27aeea778392\windows-amd64

VM Arguments:
jvm_args: --add-opens=java.base/java.util=ALL-UNNAMED --add-opens=java.base/java.lang=ALL-UNNAMED --add-opens=java.base/java.lang.invoke=ALL-UNNAMED --add-opens=java.prefs/java.util.prefs=ALL-UNNAMED --add-opens=java.base/java.nio.charset=ALL-UNNAMED --add-opens=java.base/java.net=ALL-UNNAMED --add-opens=java.base/java.util.concurrent.atomic=ALL-UNNAMED -XX:MaxMetaspaceSize=256m -XX:+HeapDumpOnOutOfMemoryError -Xms256m -Xmx512m -Dfile.encoding=windows-1251 -Duser.country=RU -Duser.language=ru -Duser.variant 
java_command: org.gradle.launcher.daemon.bootstrap.GradleDaemon 7.6
java_class_path (initial): C:\Users\1\.gradle\wrapper\dists\gradle-7.6-bin\9l9tetv7ltxvx3i8an4pb86ye\gradle-7.6\lib\gradle-launcher-7.6.jar
Launcher Type: SUN_STANDARD

[Global flags]
     intx CICompilerCount                          = 2                                         {product} {ergonomic}
   size_t CompressedClassSpaceSize                 = 260046848                                 {product} {ergonomic}
     uint ConcGCThreads                            = 1                                         {product} {ergonomic}
     uint G1ConcRefinementThreads                  = 2                                         {product} {ergonomic}
   size_t G1HeapRegionSize                         = 1048576                                   {product} {ergonomic}
    uintx GCDrainStackTargetSize                   = 64                                        {product} {ergonomic}
     bool HeapDumpOnOutOfMemoryError               = true                                   {manageable} {command line}
   size_t InitialHeapSize                          = 268435456                                 {product} {command line}
   size_t MarkStackSize                            = 4194304                                   {product} {ergonomic}
   size_t MaxHeapSize                              = 536870912                                 {product} {command line}
   size_t MaxMetaspaceSize                         = 268435456                                 {product} {command line}
   size_t MaxNewSize                               = 321912832                                 {product} {ergonomic}
   size_t MinHeapDeltaBytes                        = 1048576                                   {product} {ergonomic}
    uintx NonNMethodCodeHeapSize                   = 5825164                                {pd product} {ergonomic}
    uintx NonProfiledCodeHeapSize                  = 122916538                              {pd product} {ergonomic}
    uintx ProfiledCodeHeapSize                     = 122916538                              {pd product} {ergonomic}
    uintx ReservedCodeCacheSize                    = 251658240                              {pd product} {ergonomic}
     bool SegmentedCodeCache                       = true                                      {product} {ergonomic}
     bool UseCompressedClassPointers               = true                                 {lp64_product} {ergonomic}
     bool UseCompressedOops                        = true                                 {lp64_product} {ergonomic}
     bool UseG1GC                                  = true                                      {product} {ergonomic}
     bool UseLargePagesIndividualAllocation        = false                                  {pd product} {ergonomic}

Logging:
Log output configuration:
 #0: stdout all=warning uptime,level,tags
 #1: stderr all=off uptime,level,tags

Environment Variables:
CLASSPATH=C:\Users\1\IdeaProjects\unit\\gradle\wrapper\gradle-wrapper.jar
PATH=C:\Program Files\Eclipse Adoptium\jdk-11.0.19.7-hotspot\bin;C:\WINDOWS\system32;C:\WINDOWS;C:\WINDOWS\System32\Wbem;C:\WINDOWS\System32\WindowsPowerShell\v1.0\;C:\WINDOWS\System32\OpenSSH\;C:\Program Files\Git\cmd;C:\Users\1\AppData\Local\Microsoft\WindowsApps;;C:\Users\1\AppData\Local\Programs\Microsoft VS Code\bin
USERNAME=1
OS=Windows_NT
PROCESSOR_IDENTIFIER=Intel64 Family 6 Model 37 Stepping 5, GenuineIntel
TMP=C:\Users\1\AppData\Local\Temp
TEMP=C:\Users\1\AppData\Local\Temp



---------------  S Y S T E M  ---------------

OS: Windows 10 , 64 bit Build 19041 (10.0.19041.3570)
OS uptime: 0 days 2:36 hours

CPU:total 2 (initial active 2) (2 cores per cpu, 1 threads per core) family 6 model 37 stepping 5 microcode 0x7, cmov, cx8, fxsr, mmx, sse, sse2, sse3, ssse3, popcnt, tsc, tscinvbit

Memory: 4k page, system-wide physical 3766M (490M free)
TotalPageFile size 5814M (AvailPageFile size 165M)
current process WorkingSet (physical memory assigned to process): 353M, peak: 391M
current process commit charge ("private bytes"): 483M, peak: 498M

vm_info: OpenJDK 64-Bit Server VM (11.0.19+7) for windows-amd64 JRE (11.0.19+7), built on Apr 18 2023 23:12:18 by "" with MS VC++ 16.7 (VS2019)

END.
