#
# There is insufficient memory for the Java Runtime Environment to continue.
# Native memory allocation (malloc) failed to allocate 1368016 bytes for Chunk::new
# Possible reasons:
#   The system is out of physical RAM or swap space
#   The process is running with CompressedOops enabled, and the Java Heap may be blocking the growth of the native heap
# Possible solutions:
#   Reduce memory load on the system
#   Increase physical memory or swap space
#   Check if swap backing store is full
#   Decrease Java heap size (-Xmx/-Xms)
#   Decrease number of Java threads
#   Decrease Java thread stack sizes (-Xss)
#   Set larger code cache with -XX:ReservedCodeCacheSize=
#   JVM is running with Unscaled Compressed Oops mode in which the Java heap is
#     placed in the first 4GB address space. The Java Heap base address is the
#     maximum limit for the native heap growth. Please use -XX:HeapBaseMinAddress
#     to set the Java Heap base and to place the Java Heap above 4GB virtual address.
# This output file may be truncated or incomplete.
#
#  Out of Memory Error (arena.cpp:197), pid=3152, tid=9192
#
# JRE version: OpenJDK Runtime Environment Temurin-11.0.19+7 (11.0.19+7) (build 11.0.19+7)
# Java VM: OpenJDK 64-Bit Server VM Temurin-11.0.19+7 (11.0.19+7, mixed mode, tiered, compressed oops, g1 gc, windows-amd64)
# No core dump will be written. Minidumps are not enabled by default on client versions of Windows
#

---------------  S U M M A R Y ------------

Command Line: --add-opens=java.base/java.util=ALL-UNNAMED --add-opens=java.base/java.lang=ALL-UNNAMED --add-opens=java.base/java.lang.invoke=ALL-UNNAMED --add-opens=java.prefs/java.util.prefs=ALL-UNNAMED --add-opens=java.base/java.nio.charset=ALL-UNNAMED --add-opens=java.base/java.net=ALL-UNNAMED --add-opens=java.base/java.util.concurrent.atomic=ALL-UNNAMED -XX:MaxMetaspaceSize=256m -XX:+HeapDumpOnOutOfMemoryError -Xms256m -Xmx512m -Dfile.encoding=windows-1251 -Duser.country=RU -Duser.language=ru -Duser.variant org.gradle.launcher.daemon.bootstrap.GradleDaemon 7.6

Host: Intel(R) Pentium(R) CPU        P6200  @ 2.13GHz, 2 cores, 3G,  Windows 10 , 64 bit Build 19041 (10.0.19041.3570)
Time: Thu Oct 12 22:08:58 2023 RTZ 2 (s 10 , 64 bit Build 19041 (10.0.19041.3570) elapsed time: 6992.613366 seconds (0d 1h 56m 32s)

---------------  T H R E A D  ---------------

Current thread (0x000001fc8018b800):  JavaThread "C2 CompilerThread0" daemon [_thread_in_native, id=9192, stack(0x000000a800900000,0x000000a800a00000)]


Current CompileTask:
C2:6992613 19439 %     4       java.lang.Class::privateGetPublicMethods @ 43 (224 bytes)

Stack: [0x000000a800900000,0x000000a800a00000]
Native frames: (J=compiled Java code, j=interpreted, Vv=VM code, C=native code)
V  [jvm.dll+0x64fb5a]
V  [jvm.dll+0x7e3549]
V  [jvm.dll+0x7e4c49]
V  [jvm.dll+0x7e5333]
V  [jvm.dll+0x26afd5]
V  [jvm.dll+0xc1a5c]
V  [jvm.dll+0xc200c]
V  [jvm.dll+0x37b337]
V  [jvm.dll+0x3462e5]
V  [jvm.dll+0x34567a]
V  [jvm.dll+0x222d7f]
V  [jvm.dll+0x221d88]
V  [jvm.dll+0x19e6c1]
V  [jvm.dll+0x231f59]
V  [jvm.dll+0x2300af]
V  [jvm.dll+0x7a48d0]
V  [jvm.dll+0x79d6e4]
V  [jvm.dll+0x64e915]
C  [ucrtbase.dll+0x21bb2]
C  [KERNEL32.DLL+0x17344]
C  [ntdll.dll+0x526b1]


---------------  P R O C E S S  ---------------

Threads class SMR info:
_java_thread_list=0x000001fc89b641f0, length=67, elements={
0x000001fce4431800, 0x000001fc8010f000, 0x000001fc80112800, 0x000001fc8016d000,
0x000001fc80178000, 0x000001fc8017b000, 0x000001fc8018b800, 0x000001fc80192000,
0x000001fc801ff000, 0x000001fc80357000, 0x000001fc824de800, 0x000001fc81191800,
0x000001fc815e7000, 0x000001fc81a46800, 0x000001fc81a40800, 0x000001fc81a43000,
0x000001fc81a41800, 0x000001fc81a44000, 0x000001fc81a45000, 0x000001fc81a47800,
0x000001fc85254000, 0x000001fc85251000, 0x000001fc85257800, 0x000001fc88496800,
0x000001fc8525c800, 0x000001fc8525c000, 0x000001fc8525b000, 0x000001fc85259800,
0x000001fc8525a000, 0x000001fc8b3a3800, 0x000001fc8b3a2000, 0x000001fc8b3a9000,
0x000001fc8b3a3000, 0x000001fc8b3a9800, 0x000001fc8b3aa800, 0x000001fc8b3a4800,
0x000001fc8b3ad000, 0x000001fc8b3ae800, 0x000001fc8b3ae000, 0x000001fc8b3b0800,
0x000001fc8b3af800, 0x000001fc8b3b1800, 0x000001fc8b3ab800, 0x000001fc8b3ac000,
0x000001fc8b3b2000, 0x000001fc8b3b6800, 0x000001fc8b3b4000, 0x000001fc8b3b8000,
0x000001fc8b3b9000, 0x000001fc8b3b7000, 0x000001fc8b3b3000, 0x000001fc8b3b9800,
0x000001fc8b3ba800, 0x000001fc8b3b4800, 0x000001fc8b3bb800, 0x000001fc8b3b5800,
0x000001fc8b3be000, 0x000001fc8b3bc800, 0x000001fc8b3bd000, 0x000001fc8b3bf000,
0x000001fc89e99000, 0x000001fc89e9b800, 0x000001fc89e9d000, 0x000001fc89e9a800,
0x000001fc89e9c800, 0x000001fc89ea0000, 0x000001fc89e9a000
}

Java Threads: ( => current thread )
  0x000001fce4431800 JavaThread "main" [_thread_blocked, id=3020, stack(0x000000a87fd00000,0x000000a87fe00000)]
  0x000001fc8010f000 JavaThread "Reference Handler" daemon [_thread_blocked, id=2420, stack(0x000000a800400000,0x000000a800500000)]
  0x000001fc80112800 JavaThread "Finalizer" daemon [_thread_blocked, id=7520, stack(0x000000a800500000,0x000000a800600000)]
  0x000001fc8016d000 JavaThread "Signal Dispatcher" daemon [_thread_blocked, id=10056, stack(0x000000a800600000,0x000000a800700000)]
  0x000001fc80178000 JavaThread "Attach Listener" daemon [_thread_blocked, id=2848, stack(0x000000a800700000,0x000000a800800000)]
  0x000001fc8017b000 JavaThread "Service Thread" daemon [_thread_blocked, id=8876, stack(0x000000a800800000,0x000000a800900000)]
=>0x000001fc8018b800 JavaThread "C2 CompilerThread0" daemon [_thread_in_native, id=9192, stack(0x000000a800900000,0x000000a800a00000)]
  0x000001fc80192000 JavaThread "C1 CompilerThread0" daemon [_thread_blocked, id=3232, stack(0x000000a800a00000,0x000000a800b00000)]
  0x000001fc801ff000 JavaThread "Sweeper thread" daemon [_thread_blocked, id=8992, stack(0x000000a800b00000,0x000000a800c00000)]
  0x000001fc80357000 JavaThread "Common-Cleaner" daemon [_thread_blocked, id=6396, stack(0x000000a800c00000,0x000000a800d00000)]
  0x000001fc824de800 JavaThread "Daemon health stats" [_thread_blocked, id=8908, stack(0x000000a800f00000,0x000000a801000000)]
  0x000001fc81191800 JavaThread "Incoming local TCP Connector on port 59826" [_thread_in_native, id=8748, stack(0x000000a801000000,0x000000a801100000)]
  0x000001fc815e7000 JavaThread "Daemon periodic checks" [_thread_blocked, id=4364, stack(0x000000a801100000,0x000000a801200000)]
  0x000001fc81a46800 JavaThread "Cache worker for journal cache (C:\Users\1\.gradle\caches\journal-1)" [_thread_blocked, id=9720, stack(0x000000a801900000,0x000000a801a00000)]
  0x000001fc81a40800 JavaThread "File lock request listener" [_thread_in_native, id=1836, stack(0x000000a801a00000,0x000000a801b00000)]
  0x000001fc81a43000 JavaThread "Cache worker for file hash cache (C:\Users\1\.gradle\caches\7.6\fileHashes)" [_thread_blocked, id=1320, stack(0x000000a801b00000,0x000000a801c00000)]
  0x000001fc81a41800 JavaThread "File watcher server" daemon [_thread_in_native, id=3868, stack(0x000000a801c00000,0x000000a801d00000)]
  0x000001fc81a44000 JavaThread "File watcher consumer" daemon [_thread_blocked, id=680, stack(0x000000a801d00000,0x000000a801e00000)]
  0x000001fc81a45000 JavaThread "jar transforms" [_thread_blocked, id=6340, stack(0x000000a801e00000,0x000000a801f00000)]
  0x000001fc81a47800 JavaThread "jar transforms Thread 2" [_thread_blocked, id=7352, stack(0x000000a801f00000,0x000000a802000000)]
  0x000001fc85254000 JavaThread "Cache worker for file content cache (C:\Users\1\.gradle\caches\7.6\fileContent)" [_thread_blocked, id=5672, stack(0x000000a802200000,0x000000a802300000)]
  0x000001fc85251000 JavaThread "Cache worker for execution history cache (C:\Users\1\.gradle\caches\7.6\executionHistory)" [_thread_blocked, id=5436, stack(0x000000a802500000,0x000000a802600000)]
  0x000001fc85257800 JavaThread "Memory manager" [_thread_blocked, id=9784, stack(0x000000a802800000,0x000000a802900000)]
  0x000001fc88496800 JavaThread "Cache worker for Java compile cache (C:\Users\1\.gradle\caches\7.6\javaCompile)" [_thread_blocked, id=8620, stack(0x000000a803900000,0x000000a803a00000)]
  0x000001fc8525c800 JavaThread "Daemon Thread 17" [_thread_blocked, id=4464, stack(0x000000a801200000,0x000000a801300000)]
  0x000001fc8525c000 JavaThread "Handler for socket connection from /127.0.0.1:59826 to /127.0.0.1:52574" [_thread_in_native, id=1820, stack(0x000000a801300000,0x000000a801400000)]
  0x000001fc8525b000 JavaThread "Cancel handler" [_thread_blocked, id=6868, stack(0x000000a801400000,0x000000a801500000)]
  0x000001fc85259800 JavaThread "Daemon worker Thread 15" [_thread_blocked, id=4596, stack(0x000000a801500000,0x000000a801600000)]
  0x000001fc8525a000 JavaThread "Asynchronous log dispatcher for DefaultDaemonConnection: socket connection from /127.0.0.1:59826 to /127.0.0.1:52574" [_thread_blocked, id=2916, stack(0x000000a801600000,0x000000a801700000)]
  0x000001fc8b3a3800 JavaThread "Stdin handler" [_thread_blocked, id=4808, stack(0x000000a801700000,0x000000a801800000)]
  0x000001fc8b3a2000 JavaThread "Daemon client event forwarder" [_thread_blocked, id=7424, stack(0x000000a801800000,0x000000a801900000)]
  0x000001fc8b3a9000 JavaThread "Cache worker for checksums cache (C:\Users\1\IdeaProjects\unit\.gradle\7.6\checksums)" [_thread_blocked, id=6520, stack(0x000000a802000000,0x000000a802100000)]
  0x000001fc8b3a3000 JavaThread "Cache worker for cache directory md-rule (C:\Users\1\.gradle\caches\7.6\md-rule)" [_thread_blocked, id=8932, stack(0x000000a802100000,0x000000a802200000)]
  0x000001fc8b3a9800 JavaThread "Cache worker for file hash cache (C:\Users\1\IdeaProjects\unit\.gradle\7.6\fileHashes)" [_thread_blocked, id=1240, stack(0x000000a802300000,0x000000a802400000)]
  0x000001fc8b3aa800 JavaThread "Cache worker for cache directory md-supplier (C:\Users\1\.gradle\caches\7.6\md-supplier)" [_thread_blocked, id=3320, stack(0x000000a802400000,0x000000a802500000)]
  0x000001fc8b3a4800 JavaThread "Cache worker for dependencies-accessors (C:\Users\1\IdeaProjects\unit\.gradle\7.6\dependencies-accessors)" [_thread_blocked, id=5748, stack(0x000000a802600000,0x000000a802700000)]
  0x000001fc8b3ad000 JavaThread "Cache worker for Build Output Cleanup Cache (C:\Users\1\IdeaProjects\unit\.gradle\buildOutputCleanup)" [_thread_blocked, id=212, stack(0x000000a802700000,0x000000a802800000)]
  0x000001fc8b3ae800 JavaThread "included builds" [_thread_blocked, id=1312, stack(0x000000a802900000,0x000000a802a00000)]
  0x000001fc8b3ae000 JavaThread "Execution worker" [_thread_blocked, id=8388, stack(0x000000a802a00000,0x000000a802b00000)]
  0x000001fc8b3b0800 JavaThread "Cache worker for execution history cache (C:\Users\1\IdeaProjects\unit\.gradle\7.6\executionHistory)" [_thread_blocked, id=2620, stack(0x000000a802b00000,0x000000a802c00000)]
  0x000001fc8b3af800 JavaThread "Unconstrained build operations" [_thread_blocked, id=8672, stack(0x000000a802c00000,0x000000a802d00000)]
  0x000001fc8b3b1800 JavaThread "Unconstrained build operations Thread 2" [_thread_blocked, id=5604, stack(0x000000a802d00000,0x000000a802e00000)]
  0x000001fc8b3ab800 JavaThread "Unconstrained build operations Thread 3" [_thread_blocked, id=5356, stack(0x000000a802e00000,0x000000a802f00000)]
  0x000001fc8b3ac000 JavaThread "Unconstrained build operations Thread 4" [_thread_blocked, id=9548, stack(0x000000a802f00000,0x000000a803000000)]
  0x000001fc8b3b2000 JavaThread "Unconstrained build operations Thread 5" [_thread_blocked, id=5896, stack(0x000000a803000000,0x000000a803100000)]
  0x000001fc8b3b6800 JavaThread "Unconstrained build operations Thread 6" [_thread_blocked, id=3032, stack(0x000000a803100000,0x000000a803200000)]
  0x000001fc8b3b4000 JavaThread "Unconstrained build operations Thread 7" [_thread_blocked, id=1772, stack(0x000000a803200000,0x000000a803300000)]
  0x000001fc8b3b8000 JavaThread "Unconstrained build operations Thread 8" [_thread_blocked, id=2956, stack(0x000000a803300000,0x000000a803400000)]
  0x000001fc8b3b9000 JavaThread "Unconstrained build operations Thread 9" [_thread_blocked, id=7020, stack(0x000000a803400000,0x000000a803500000)]
  0x000001fc8b3b7000 JavaThread "Unconstrained build operations Thread 10" [_thread_blocked, id=9448, stack(0x000000a803500000,0x000000a803600000)]
  0x000001fc8b3b3000 JavaThread "Unconstrained build operations Thread 11" [_thread_blocked, id=9068, stack(0x000000a803600000,0x000000a803700000)]
  0x000001fc8b3b9800 JavaThread "Unconstrained build operations Thread 12" [_thread_blocked, id=3656, stack(0x000000a803700000,0x000000a803800000)]
  0x000001fc8b3ba800 JavaThread "Unconstrained build operations Thread 13" [_thread_blocked, id=4348, stack(0x000000a803800000,0x000000a803900000)]
  0x000001fc8b3b4800 JavaThread "Unconstrained build operations Thread 14" [_thread_blocked, id=7348, stack(0x000000a803a00000,0x000000a803b00000)]
  0x000001fc8b3bb800 JavaThread "Unconstrained build operations Thread 15" [_thread_blocked, id=7012, stack(0x000000a803b00000,0x000000a803c00000)]
  0x000001fc8b3b5800 JavaThread "Build operations" [_thread_blocked, id=7116, stack(0x000000a803c00000,0x000000a803d00000)]
  0x000001fc8b3be000 JavaThread "Build operations Thread 2" [_thread_blocked, id=8596, stack(0x000000a803d00000,0x000000a803e00000)]
  0x000001fc8b3bc800 JavaThread "Unconstrained build operations Thread 16" [_thread_blocked, id=9544, stack(0x000000a803e00000,0x000000a803f00000)]
  0x000001fc8b3bd000 JavaThread "Unconstrained build operations Thread 17" [_thread_blocked, id=4136, stack(0x000000a803f00000,0x000000a804000000)]
  0x000001fc8b3bf000 JavaThread "Dispatch org.gradle.api.internal.tasks.testing.results.AttachParentTestResultProcessor@6605dbc0" [_thread_blocked, id=4524, stack(0x000000a804000000,0x000000a804100000)]
  0x000001fc89e99000 JavaThread "Dispatch org.gradle.api.internal.tasks.testing.processors.RestartEveryNTestClassProcessor@689f2f0a" [_thread_blocked, id=8168, stack(0x000000a804200000,0x000000a804300000)]
  0x000001fc89e9b800 JavaThread "Incoming local TCP Connector on port 52579" [_thread_in_native, id=8708, stack(0x000000a804300000,0x000000a804400000)]
  0x000001fc89e9d000 JavaThread "Exec process Thread 37" [_thread_in_native, id=6436, stack(0x000000a804400000,0x000000a804500000)]
  0x000001fc89e9a800 JavaThread "DisconnectableInputStream source reader" daemon [_thread_blocked, id=5428, stack(0x000000a804500000,0x000000a804600000)]
  0x000001fc89e9c800 JavaThread "Exec process Thread 38" [_thread_in_native, id=4180, stack(0x000000a804600000,0x000000a804700000)]
  0x000001fc89ea0000 JavaThread "Exec process Thread 39" [_thread_in_native, id=6468, stack(0x000000a804700000,0x000000a804800000)]
  0x000001fc89e9a000 JavaThread "Exec process Thread 40" [_thread_in_native, id=6996, stack(0x000000a804800000,0x000000a804900000)]

Other Threads:
  0x000001fc800f2800 VMThread "VM Thread" [stack: 0x000000a800300000,0x000000a800400000] [id=3524]
  0x000001fc80386000 WatcherThread [stack: 0x000000a800d00000,0x000000a800e00000] [id=6448]
  0x000001fce4455000 GCTaskThread "GC Thread#0" [stack: 0x000000a87fe00000,0x000000a87ff00000] [id=9568]
  0x000001fc80afa000 GCTaskThread "GC Thread#1" [stack: 0x000000a800e00000,0x000000a800f00000] [id=2640]
  0x000001fce4465800 ConcurrentGCThread "G1 Main Marker" [stack: 0x000000a87ff00000,0x000000a880000000] [id=7580]
  0x000001fce4468800 ConcurrentGCThread "G1 Conc#0" [stack: 0x000000a800000000,0x000000a800100000] [id=10068]
  0x000001fce4569800 ConcurrentGCThread "G1 Refine#0" [stack: 0x000000a800100000,0x000000a800200000] [id=2464]
  0x000001fc8c0e4800 ConcurrentGCThread "G1 Refine#1" [stack: 0x000000a804100000,0x000000a804200000] [id=6884]
  0x000001fce456a800 ConcurrentGCThread "G1 Young RemSet Sampling" [stack: 0x000000a800200000,0x000000a800300000] [id=6064]

Threads with active compile tasks:
C2 CompilerThread0  6992712 19439 %     4       java.lang.Class::privateGetPublicMethods @ 43 (224 bytes)

VM state:not at safepoint (normal execution)

VM Mutex/Monitor currently owned by a thread: None

Heap address: 0x00000000e0000000, size: 512 MB, Compressed Oops mode: 32-bit
Narrow klass base: 0x0000000000000000, Narrow klass shift: 3
Compressed class space size: 260046848 Address: 0x0000000100000000

Heap:
 garbage-first heap   total 262144K, used 154246K [0x00000000e0000000, 0x0000000100000000)
  region size 1024K, 24 young (24576K), 1 survivors (1024K)
 Metaspace       used 106618K, capacity 110837K, committed 111100K, reserved 352256K
  class space    used 13091K, capacity 14680K, committed 14720K, reserved 253952K
Heap Regions: E=young(eden), S=young(survivor), O=old, HS=humongous(starts), HC=humongous(continues), CS=collection set, F=free, A=archive, TAMS=top-at-mark-start (previous, next)
|   0|0x00000000e0000000, 0x00000000e0100000, 0x00000000e0100000|100%| O|  |TAMS 0x00000000e0100000, 0x00000000e0000000| Untracked 
|   1|0x00000000e0100000, 0x00000000e0200000, 0x00000000e0200000|100%| O|  |TAMS 0x00000000e0200000, 0x00000000e0100000| Untracked 
|   2|0x00000000e0200000, 0x00000000e0300000, 0x00000000e0300000|100%|HS|  |TAMS 0x00000000e0300000, 0x00000000e0200000| Complete 
|   3|0x00000000e0300000, 0x00000000e0400000, 0x00000000e0400000|100%|HC|  |TAMS 0x00000000e0400000, 0x00000000e0300000| Complete 
|   4|0x00000000e0400000, 0x00000000e0500000, 0x00000000e0500000|100%|HC|  |TAMS 0x00000000e0500000, 0x00000000e0400000| Complete 
|   5|0x00000000e0500000, 0x00000000e0600000, 0x00000000e0600000|100%| O|  |TAMS 0x00000000e0600000, 0x00000000e0500000| Untracked 
|   6|0x00000000e0600000, 0x00000000e0700000, 0x00000000e0700000|100%| O|  |TAMS 0x00000000e0700000, 0x00000000e0600000| Untracked 
|   7|0x00000000e0700000, 0x00000000e0800000, 0x00000000e0800000|100%| O|  |TAMS 0x00000000e0800000, 0x00000000e0700000| Untracked 
|   8|0x00000000e0800000, 0x00000000e0900000, 0x00000000e0900000|100%| O|  |TAMS 0x00000000e0900000, 0x00000000e0800000| Untracked 
|   9|0x00000000e0900000, 0x00000000e0a00000, 0x00000000e0a00000|100%| O|  |TAMS 0x00000000e0a00000, 0x00000000e0900000| Untracked 
|  10|0x00000000e0a00000, 0x00000000e0b00000, 0x00000000e0b00000|100%| O|  |TAMS 0x00000000e0b00000, 0x00000000e0a00000| Untracked 
|  11|0x00000000e0b00000, 0x00000000e0c00000, 0x00000000e0c00000|100%| O|  |TAMS 0x00000000e0c00000, 0x00000000e0b00000| Untracked 
|  12|0x00000000e0c00000, 0x00000000e0d00000, 0x00000000e0d00000|100%| O|  |TAMS 0x00000000e0d00000, 0x00000000e0c00000| Untracked 
|  13|0x00000000e0d00000, 0x00000000e0e00000, 0x00000000e0e00000|100%| O|  |TAMS 0x00000000e0e00000, 0x00000000e0d00000| Untracked 
|  14|0x00000000e0e00000, 0x00000000e0f00000, 0x00000000e0f00000|100%|HS|  |TAMS 0x00000000e0f00000, 0x00000000e0e00000| Complete 
|  15|0x00000000e0f00000, 0x00000000e1000000, 0x00000000e1000000|100%|HC|  |TAMS 0x00000000e1000000, 0x00000000e0f00000| Complete 
|  16|0x00000000e1000000, 0x00000000e1100000, 0x00000000e1100000|100%|HS|  |TAMS 0x00000000e1100000, 0x00000000e1000000| Complete 
|  17|0x00000000e1100000, 0x00000000e1200000, 0x00000000e1200000|100%|HC|  |TAMS 0x00000000e1200000, 0x00000000e1100000| Complete 
|  18|0x00000000e1200000, 0x00000000e1300000, 0x00000000e1300000|100%|HC|  |TAMS 0x00000000e1300000, 0x00000000e1200000| Complete 
|  19|0x00000000e1300000, 0x00000000e1400000, 0x00000000e1400000|100%|HS|  |TAMS 0x00000000e1400000, 0x00000000e1300000| Complete 
|  20|0x00000000e1400000, 0x00000000e1500000, 0x00000000e1500000|100%|HC|  |TAMS 0x00000000e1500000, 0x00000000e1400000| Complete 
|  21|0x00000000e1500000, 0x00000000e1600000, 0x00000000e1600000|100%|HC|  |TAMS 0x00000000e1600000, 0x00000000e1500000| Complete 
|  22|0x00000000e1600000, 0x00000000e1700000, 0x00000000e1700000|100%|HS|  |TAMS 0x00000000e1700000, 0x00000000e1600000| Complete 
|  23|0x00000000e1700000, 0x00000000e1800000, 0x00000000e1800000|100%|HC|  |TAMS 0x00000000e1800000, 0x00000000e1700000| Complete 
|  24|0x00000000e1800000, 0x00000000e1900000, 0x00000000e1900000|100%|HC|  |TAMS 0x00000000e1900000, 0x00000000e1800000| Complete 
|  25|0x00000000e1900000, 0x00000000e1a00000, 0x00000000e1a00000|100%|HS|  |TAMS 0x00000000e1a00000, 0x00000000e1900000| Complete 
|  26|0x00000000e1a00000, 0x00000000e1b00000, 0x00000000e1b00000|100%|HC|  |TAMS 0x00000000e1b00000, 0x00000000e1a00000| Complete 
|  27|0x00000000e1b00000, 0x00000000e1c00000, 0x00000000e1c00000|100%|HC|  |TAMS 0x00000000e1c00000, 0x00000000e1b00000| Complete 
|  28|0x00000000e1c00000, 0x00000000e1d00000, 0x00000000e1d00000|100%| O|  |TAMS 0x00000000e1d00000, 0x00000000e1c00000| Untracked 
|  29|0x00000000e1d00000, 0x00000000e1e00000, 0x00000000e1e00000|100%| O|  |TAMS 0x00000000e1e00000, 0x00000000e1d00000| Untracked 
|  30|0x00000000e1e00000, 0x00000000e1f00000, 0x00000000e1f00000|100%| O|  |TAMS 0x00000000e1f00000, 0x00000000e1e00000| Untracked 
|  31|0x00000000e1f00000, 0x00000000e2000000, 0x00000000e2000000|100%| O|  |TAMS 0x00000000e2000000, 0x00000000e1f00000| Untracked 
|  32|0x00000000e2000000, 0x00000000e2100000, 0x00000000e2100000|100%| O|  |TAMS 0x00000000e2100000, 0x00000000e2000000| Untracked 
|  33|0x00000000e2100000, 0x00000000e2200000, 0x00000000e2200000|100%| O|  |TAMS 0x00000000e2200000, 0x00000000e2100000| Untracked 
|  34|0x00000000e2200000, 0x00000000e2300000, 0x00000000e2300000|100%| O|  |TAMS 0x00000000e2300000, 0x00000000e2200000| Untracked 
|  35|0x00000000e2300000, 0x00000000e2400000, 0x00000000e2400000|100%| O|  |TAMS 0x00000000e2400000, 0x00000000e2300000| Untracked 
|  36|0x00000000e2400000, 0x00000000e2500000, 0x00000000e2500000|100%| O|  |TAMS 0x00000000e2500000, 0x00000000e2400000| Untracked 
|  37|0x00000000e2500000, 0x00000000e2600000, 0x00000000e2600000|100%|HS|  |TAMS 0x00000000e2600000, 0x00000000e2500000| Complete 
|  38|0x00000000e2600000, 0x00000000e2700000, 0x00000000e2700000|100%|HC|  |TAMS 0x00000000e2700000, 0x00000000e2600000| Complete 
|  39|0x00000000e2700000, 0x00000000e2800000, 0x00000000e2800000|100%|HC|  |TAMS 0x00000000e2800000, 0x00000000e2700000| Complete 
|  40|0x00000000e2800000, 0x00000000e2900000, 0x00000000e2900000|100%|HC|  |TAMS 0x00000000e2900000, 0x00000000e2800000| Complete 
|  41|0x00000000e2900000, 0x00000000e2a00000, 0x00000000e2a00000|100%| O|  |TAMS 0x00000000e2a00000, 0x00000000e2900000| Untracked 
|  42|0x00000000e2a00000, 0x00000000e2b00000, 0x00000000e2b00000|100%| O|  |TAMS 0x00000000e2b00000, 0x00000000e2a00000| Untracked 
|  43|0x00000000e2b00000, 0x00000000e2c00000, 0x00000000e2c00000|100%| O|  |TAMS 0x00000000e2c00000, 0x00000000e2b00000| Untracked 
|  44|0x00000000e2c00000, 0x00000000e2d00000, 0x00000000e2d00000|100%| O|  |TAMS 0x00000000e2d00000, 0x00000000e2c00000| Untracked 
|  45|0x00000000e2d00000, 0x00000000e2e00000, 0x00000000e2e00000|100%| O|  |TAMS 0x00000000e2e00000, 0x00000000e2d00000| Untracked 
|  46|0x00000000e2e00000, 0x00000000e2f00000, 0x00000000e2f00000|100%| O|  |TAMS 0x00000000e2f00000, 0x00000000e2e00000| Untracked 
|  47|0x00000000e2f00000, 0x00000000e3000000, 0x00000000e3000000|100%| O|  |TAMS 0x00000000e3000000, 0x00000000e2f00000| Untracked 
|  48|0x00000000e3000000, 0x00000000e3100000, 0x00000000e3100000|100%|HS|  |TAMS 0x00000000e3100000, 0x00000000e3000000| Complete 
|  49|0x00000000e3100000, 0x00000000e3200000, 0x00000000e3200000|100%|HC|  |TAMS 0x00000000e3200000, 0x00000000e3100000| Complete 
|  50|0x00000000e3200000, 0x00000000e3300000, 0x00000000e3300000|100%|HC|  |TAMS 0x00000000e3300000, 0x00000000e3200000| Complete 
|  51|0x00000000e3300000, 0x00000000e3400000, 0x00000000e3400000|100%|HC|  |TAMS 0x00000000e3400000, 0x00000000e3300000| Complete 
|  52|0x00000000e3400000, 0x00000000e3500000, 0x00000000e3500000|100%|HC|  |TAMS 0x00000000e3500000, 0x00000000e3400000| Complete 
|  53|0x00000000e3500000, 0x00000000e3600000, 0x00000000e3600000|100%|HC|  |TAMS 0x00000000e3600000, 0x00000000e3500000| Complete 
|  54|0x00000000e3600000, 0x00000000e3700000, 0x00000000e3700000|100%|HS|  |TAMS 0x00000000e3700000, 0x00000000e3600000| Complete 
|  55|0x00000000e3700000, 0x00000000e3800000, 0x00000000e3800000|100%|HS|  |TAMS 0x00000000e3800000, 0x00000000e3700000| Complete 
|  56|0x00000000e3800000, 0x00000000e3900000, 0x00000000e3900000|100%|HC|  |TAMS 0x00000000e3900000, 0x00000000e3800000| Complete 
|  57|0x00000000e3900000, 0x00000000e3a00000, 0x00000000e3a00000|100%|HS|  |TAMS 0x00000000e3a00000, 0x00000000e3900000| Complete 
|  58|0x00000000e3a00000, 0x00000000e3b00000, 0x00000000e3b00000|100%|HC|  |TAMS 0x00000000e3b00000, 0x00000000e3a00000| Complete 
|  59|0x00000000e3b00000, 0x00000000e3c00000, 0x00000000e3c00000|100%|HC|  |TAMS 0x00000000e3c00000, 0x00000000e3b00000| Complete 
|  60|0x00000000e3c00000, 0x00000000e3d00000, 0x00000000e3d00000|100%|HS|  |TAMS 0x00000000e3d00000, 0x00000000e3c00000| Complete 
|  61|0x00000000e3d00000, 0x00000000e3e00000, 0x00000000e3e00000|100%|HC|  |TAMS 0x00000000e3e00000, 0x00000000e3d00000| Complete 
|  62|0x00000000e3e00000, 0x00000000e3f00000, 0x00000000e3f00000|100%|HC|  |TAMS 0x00000000e3f00000, 0x00000000e3e00000| Complete 
|  63|0x00000000e3f00000, 0x00000000e4000000, 0x00000000e4000000|100%|HS|  |TAMS 0x00000000e4000000, 0x00000000e3f00000| Complete 
|  64|0x00000000e4000000, 0x00000000e4100000, 0x00000000e4100000|100%|HC|  |TAMS 0x00000000e4100000, 0x00000000e4000000| Complete 
|  65|0x00000000e4100000, 0x00000000e4200000, 0x00000000e4200000|100%|HC|  |TAMS 0x00000000e4200000, 0x00000000e4100000| Complete 
|  66|0x00000000e4200000, 0x00000000e4300000, 0x00000000e4300000|100%|HS|  |TAMS 0x00000000e4300000, 0x00000000e4200000| Complete 
|  67|0x00000000e4300000, 0x00000000e4400000, 0x00000000e4400000|100%|HC|  |TAMS 0x00000000e4400000, 0x00000000e4300000| Complete 
|  68|0x00000000e4400000, 0x00000000e4500000, 0x00000000e4500000|100%|HC|  |TAMS 0x00000000e4500000, 0x00000000e4400000| Complete 
|  69|0x00000000e4500000, 0x00000000e4600000, 0x00000000e4600000|100%|HC|  |TAMS 0x00000000e4600000, 0x00000000e4500000| Complete 
|  70|0x00000000e4600000, 0x00000000e4700000, 0x00000000e4700000|100%|HC|  |TAMS 0x00000000e4700000, 0x00000000e4600000| Complete 
|  71|0x00000000e4700000, 0x00000000e4800000, 0x00000000e4800000|100%|HC|  |TAMS 0x00000000e4800000, 0x00000000e4700000| Complete 
|  72|0x00000000e4800000, 0x00000000e4900000, 0x00000000e4900000|100%|HS|  |TAMS 0x00000000e4900000, 0x00000000e4800000| Complete 
|  73|0x00000000e4900000, 0x00000000e4a00000, 0x00000000e4a00000|100%| O|  |TAMS 0x00000000e4a00000, 0x00000000e4900000| Untracked 
|  74|0x00000000e4a00000, 0x00000000e4b00000, 0x00000000e4b00000|100%| O|  |TAMS 0x00000000e4b00000, 0x00000000e4a00000| Untracked 
|  75|0x00000000e4b00000, 0x00000000e4c00000, 0x00000000e4c00000|100%| O|  |TAMS 0x00000000e4c00000, 0x00000000e4b00000| Untracked 
|  76|0x00000000e4c00000, 0x00000000e4d00000, 0x00000000e4d00000|100%| O|  |TAMS 0x00000000e4d00000, 0x00000000e4c00000| Untracked 
|  77|0x00000000e4d00000, 0x00000000e4e00000, 0x00000000e4e00000|100%| O|  |TAMS 0x00000000e4e00000, 0x00000000e4d00000| Untracked 
|  78|0x00000000e4e00000, 0x00000000e4f00000, 0x00000000e4f00000|100%| O|  |TAMS 0x00000000e4f00000, 0x00000000e4e00000| Untracked 
|  79|0x00000000e4f00000, 0x00000000e5000000, 0x00000000e5000000|100%| O|  |TAMS 0x00000000e5000000, 0x00000000e4f00000| Untracked 
|  80|0x00000000e5000000, 0x00000000e5000000, 0x00000000e5100000|  0%| F|  |TAMS 0x00000000e5000000, 0x00000000e5000000| Untracked 
|  81|0x00000000e5100000, 0x00000000e5200000, 0x00000000e5200000|100%| O|  |TAMS 0x00000000e5200000, 0x00000000e5100000| Untracked 
|  82|0x00000000e5200000, 0x00000000e5300000, 0x00000000e5300000|100%| O|  |TAMS 0x00000000e5300000, 0x00000000e5200000| Untracked 
|  83|0x00000000e5300000, 0x00000000e5400000, 0x00000000e5400000|100%| O|  |TAMS 0x00000000e5400000, 0x00000000e5300000| Untracked 
|  84|0x00000000e5400000, 0x00000000e5500000, 0x00000000e5500000|100%| O|  |TAMS 0x00000000e5500000, 0x00000000e5400000| Untracked 
|  85|0x00000000e5500000, 0x00000000e5600000, 0x00000000e5600000|100%| O|  |TAMS 0x00000000e5600000, 0x00000000e5500000| Untracked 
|  86|0x00000000e5600000, 0x00000000e5700000, 0x00000000e5700000|100%| O|  |TAMS 0x00000000e5700000, 0x00000000e5600000| Untracked 
|  87|0x00000000e5700000, 0x00000000e5800000, 0x00000000e5800000|100%| O|  |TAMS 0x00000000e5800000, 0x00000000e5700000| Untracked 
|  88|0x00000000e5800000, 0x00000000e5900000, 0x00000000e5900000|100%| O|  |TAMS 0x00000000e5900000, 0x00000000e5800000| Untracked 
|  89|0x00000000e5900000, 0x00000000e5a00000, 0x00000000e5a00000|100%| O|  |TAMS 0x00000000e5a00000, 0x00000000e5900000| Untracked 
|  90|0x00000000e5a00000, 0x00000000e5b00000, 0x00000000e5b00000|100%| O|  |TAMS 0x00000000e5b00000, 0x00000000e5a00000| Untracked 
|  91|0x00000000e5b00000, 0x00000000e5c00000, 0x00000000e5c00000|100%| O|  |TAMS 0x00000000e5c00000, 0x00000000e5b00000| Untracked 
|  92|0x00000000e5c00000, 0x00000000e5d00000, 0x00000000e5d00000|100%| O|  |TAMS 0x00000000e5d00000, 0x00000000e5c00000| Untracked 
|  93|0x00000000e5d00000, 0x00000000e5e00000, 0x00000000e5e00000|100%| O|  |TAMS 0x00000000e5e00000, 0x00000000e5d00000| Untracked 
|  94|0x00000000e5e00000, 0x00000000e5f00000, 0x00000000e5f00000|100%| O|  |TAMS 0x00000000e5f00000, 0x00000000e5e00000| Untracked 
|  95|0x00000000e5f00000, 0x00000000e6000000, 0x00000000e6000000|100%| O|  |TAMS 0x00000000e6000000, 0x00000000e5f00000| Untracked 
|  96|0x00000000e6000000, 0x00000000e6000000, 0x00000000e6100000|  0%| F|  |TAMS 0x00000000e6000000, 0x00000000e6000000| Untracked 
|  97|0x00000000e6100000, 0x00000000e6200000, 0x00000000e6200000|100%| O|  |TAMS 0x00000000e6200000, 0x00000000e6100000| Untracked 
|  98|0x00000000e6200000, 0x00000000e6200000, 0x00000000e6300000|  0%| F|  |TAMS 0x00000000e6200000, 0x00000000e6200000| Untracked 
|  99|0x00000000e6300000, 0x00000000e6300000, 0x00000000e6400000|  0%| F|  |TAMS 0x00000000e6300000, 0x00000000e6300000| Untracked 
| 100|0x00000000e6400000, 0x00000000e6400000, 0x00000000e6500000|  0%| F|  |TAMS 0x00000000e6400000, 0x00000000e6400000| Untracked 
| 101|0x00000000e6500000, 0x00000000e6500000, 0x00000000e6600000|  0%| F|  |TAMS 0x00000000e6500000, 0x00000000e6500000| Untracked 
| 102|0x00000000e6600000, 0x00000000e6600000, 0x00000000e6700000|  0%| F|  |TAMS 0x00000000e6600000, 0x00000000e6600000| Untracked 
| 103|0x00000000e6700000, 0x00000000e6700000, 0x00000000e6800000|  0%| F|  |TAMS 0x00000000e6700000, 0x00000000e6700000| Untracked 
| 104|0x00000000e6800000, 0x00000000e6900000, 0x00000000e6900000|100%| O|  |TAMS 0x00000000e6900000, 0x00000000e6800000| Untracked 
| 105|0x00000000e6900000, 0x00000000e6a00000, 0x00000000e6a00000|100%| O|  |TAMS 0x00000000e6a00000, 0x00000000e6900000| Untracked 
| 106|0x00000000e6a00000, 0x00000000e6b00000, 0x00000000e6b00000|100%| O|  |TAMS 0x00000000e6b00000, 0x00000000e6a00000| Untracked 
| 107|0x00000000e6b00000, 0x00000000e6c00000, 0x00000000e6c00000|100%| O|  |TAMS 0x00000000e6c00000, 0x00000000e6b00000| Untracked 
| 108|0x00000000e6c00000, 0x00000000e6d00000, 0x00000000e6d00000|100%| O|  |TAMS 0x00000000e6d00000, 0x00000000e6c00000| Untracked 
| 109|0x00000000e6d00000, 0x00000000e6e00000, 0x00000000e6e00000|100%| O|  |TAMS 0x00000000e6e00000, 0x00000000e6d00000| Untracked 
| 110|0x00000000e6e00000, 0x00000000e6f00000, 0x00000000e6f00000|100%| O|  |TAMS 0x00000000e6e00000, 0x00000000e6e00000| Untracked 
| 111|0x00000000e6f00000, 0x00000000e7000000, 0x00000000e7000000|100%| O|  |TAMS 0x00000000e6f00000, 0x00000000e6f00000| Untracked 
| 112|0x00000000e7000000, 0x00000000e7100000, 0x00000000e7100000|100%| O|  |TAMS 0x00000000e7100000, 0x00000000e7000000| Untracked 
| 113|0x00000000e7100000, 0x00000000e7200000, 0x00000000e7200000|100%| O|  |TAMS 0x00000000e7100000, 0x00000000e7100000| Untracked 
| 114|0x00000000e7200000, 0x00000000e7300000, 0x00000000e7300000|100%| O|  |TAMS 0x00000000e7300000, 0x00000000e7200000| Untracked 
| 115|0x00000000e7300000, 0x00000000e7400000, 0x00000000e7400000|100%| O|  |TAMS 0x00000000e7300000, 0x00000000e7300000| Untracked 
| 116|0x00000000e7400000, 0x00000000e7500000, 0x00000000e7500000|100%| O|  |TAMS 0x00000000e7500000, 0x00000000e7400000| Untracked 
| 117|0x00000000e7500000, 0x00000000e7600000, 0x00000000e7600000|100%| O|  |TAMS 0x00000000e7600000, 0x00000000e7500000| Untracked 
| 118|0x00000000e7600000, 0x00000000e7600000, 0x00000000e7700000|  0%| F|  |TAMS 0x00000000e7600000, 0x00000000e7600000| Untracked 
| 119|0x00000000e7700000, 0x00000000e7800000, 0x00000000e7800000|100%| O|  |TAMS 0x00000000e7800000, 0x00000000e7700000| Untracked 
| 120|0x00000000e7800000, 0x00000000e7900000, 0x00000000e7900000|100%| O|  |TAMS 0x00000000e7900000, 0x00000000e7800000| Untracked 
| 121|0x00000000e7900000, 0x00000000e7a00000, 0x00000000e7a00000|100%| O|  |TAMS 0x00000000e7900000, 0x00000000e7900000| Untracked 
| 122|0x00000000e7a00000, 0x00000000e7b00000, 0x00000000e7b00000|100%| O|  |TAMS 0x00000000e7a00000, 0x00000000e7a00000| Untracked 
| 123|0x00000000e7b00000, 0x00000000e7c00000, 0x00000000e7c00000|100%| O|  |TAMS 0x00000000e7c00000, 0x00000000e7b00000| Untracked 
| 124|0x00000000e7c00000, 0x00000000e7d00000, 0x00000000e7d00000|100%| O|  |TAMS 0x00000000e7d00000, 0x00000000e7c00000| Untracked 
| 125|0x00000000e7d00000, 0x00000000e7e00000, 0x00000000e7e00000|100%| O|  |TAMS 0x00000000e7d00000, 0x00000000e7d00000| Untracked 
| 126|0x00000000e7e00000, 0x00000000e7f00000, 0x00000000e7f00000|100%| O|  |TAMS 0x00000000e7e00000, 0x00000000e7e00000| Untracked 
| 127|0x00000000e7f00000, 0x00000000e8000000, 0x00000000e8000000|100%| O|  |TAMS 0x00000000e7f00000, 0x00000000e7f00000| Untracked 
| 128|0x00000000e8000000, 0x00000000e8100000, 0x00000000e8100000|100%| O|  |TAMS 0x00000000e8000000, 0x00000000e8000000| Untracked 
| 129|0x00000000e8100000, 0x00000000e8200000, 0x00000000e8200000|100%| O|  |TAMS 0x00000000e8200000, 0x00000000e8100000| Untracked 
| 130|0x00000000e8200000, 0x00000000e8200000, 0x00000000e8300000|  0%| F|  |TAMS 0x00000000e8200000, 0x00000000e8200000| Untracked 
| 131|0x00000000e8300000, 0x00000000e8400000, 0x00000000e8400000|100%| O|  |TAMS 0x00000000e8400000, 0x00000000e8300000| Untracked 
| 132|0x00000000e8400000, 0x00000000e8500000, 0x00000000e8500000|100%| O|  |TAMS 0x00000000e8500000, 0x00000000e8400000| Untracked 
| 133|0x00000000e8500000, 0x00000000e8600000, 0x00000000e8600000|100%| O|  |TAMS 0x00000000e8600000, 0x00000000e8500000| Untracked 
| 134|0x00000000e8600000, 0x00000000e8700000, 0x00000000e8700000|100%| O|  |TAMS 0x00000000e8700000, 0x00000000e8600000| Untracked 
| 135|0x00000000e8700000, 0x00000000e8800000, 0x00000000e8800000|100%| O|  |TAMS 0x00000000e8786e00, 0x00000000e8700000| Untracked 
| 136|0x00000000e8800000, 0x00000000e8900000, 0x00000000e8900000|100%| O|  |TAMS 0x00000000e8800000, 0x00000000e8800000| Untracked 
| 137|0x00000000e8900000, 0x00000000e8a00000, 0x00000000e8a00000|100%| O|  |TAMS 0x00000000e8900000, 0x00000000e8900000| Untracked 
| 138|0x00000000e8a00000, 0x00000000e8aa1a00, 0x00000000e8b00000| 63%| O|  |TAMS 0x00000000e8a00000, 0x00000000e8a00000| Untracked 
| 139|0x00000000e8b00000, 0x00000000e8b00000, 0x00000000e8c00000|  0%| F|  |TAMS 0x00000000e8b00000, 0x00000000e8b00000| Untracked 
| 140|0x00000000e8c00000, 0x00000000e8c00000, 0x00000000e8d00000|  0%| F|  |TAMS 0x00000000e8c00000, 0x00000000e8c00000| Untracked 
| 141|0x00000000e8d00000, 0x00000000e8d00000, 0x00000000e8e00000|  0%| F|  |TAMS 0x00000000e8d00000, 0x00000000e8d00000| Untracked 
| 142|0x00000000e8e00000, 0x00000000e8e00000, 0x00000000e8f00000|  0%| F|  |TAMS 0x00000000e8e00000, 0x00000000e8e00000| Untracked 
| 143|0x00000000e8f00000, 0x00000000e8f00000, 0x00000000e9000000|  0%| F|  |TAMS 0x00000000e8f00000, 0x00000000e8f00000| Untracked 
| 144|0x00000000e9000000, 0x00000000e9000000, 0x00000000e9100000|  0%| F|  |TAMS 0x00000000e9000000, 0x00000000e9000000| Untracked 
| 145|0x00000000e9100000, 0x00000000e9100000, 0x00000000e9200000|  0%| F|  |TAMS 0x00000000e9100000, 0x00000000e9100000| Untracked 
| 146|0x00000000e9200000, 0x00000000e9200000, 0x00000000e9300000|  0%| F|  |TAMS 0x00000000e9200000, 0x00000000e9200000| Untracked 
| 147|0x00000000e9300000, 0x00000000e9300000, 0x00000000e9400000|  0%| F|  |TAMS 0x00000000e9300000, 0x00000000e9300000| Untracked 
| 148|0x00000000e9400000, 0x00000000e9400000, 0x00000000e9500000|  0%| F|  |TAMS 0x00000000e9400000, 0x00000000e9400000| Untracked 
| 149|0x00000000e9500000, 0x00000000e9500000, 0x00000000e9600000|  0%| F|  |TAMS 0x00000000e9500000, 0x00000000e9500000| Untracked 
| 150|0x00000000e9600000, 0x00000000e9600000, 0x00000000e9700000|  0%| F|  |TAMS 0x00000000e9600000, 0x00000000e9600000| Untracked 
| 151|0x00000000e9700000, 0x00000000e9700000, 0x00000000e9800000|  0%| F|  |TAMS 0x00000000e9700000, 0x00000000e9700000| Untracked 
| 152|0x00000000e9800000, 0x00000000e9800000, 0x00000000e9900000|  0%| F|  |TAMS 0x00000000e9800000, 0x00000000e9800000| Untracked 
| 153|0x00000000e9900000, 0x00000000e9900000, 0x00000000e9a00000|  0%| F|  |TAMS 0x00000000e9900000, 0x00000000e9900000| Untracked 
| 154|0x00000000e9a00000, 0x00000000e9a00000, 0x00000000e9b00000|  0%| F|  |TAMS 0x00000000e9a00000, 0x00000000e9a00000| Untracked 
| 155|0x00000000e9b00000, 0x00000000e9b00000, 0x00000000e9c00000|  0%| F|  |TAMS 0x00000000e9b00000, 0x00000000e9b00000| Untracked 
| 156|0x00000000e9c00000, 0x00000000e9c00000, 0x00000000e9d00000|  0%| F|  |TAMS 0x00000000e9c00000, 0x00000000e9c00000| Untracked 
| 157|0x00000000e9d00000, 0x00000000e9d00000, 0x00000000e9e00000|  0%| F|  |TAMS 0x00000000e9d00000, 0x00000000e9d00000| Untracked 
| 158|0x00000000e9e00000, 0x00000000e9e00000, 0x00000000e9f00000|  0%| F|  |TAMS 0x00000000e9e00000, 0x00000000e9e00000| Untracked 
| 159|0x00000000e9f00000, 0x00000000e9f00000, 0x00000000ea000000|  0%| F|  |TAMS 0x00000000e9f00000, 0x00000000e9f00000| Untracked 
| 160|0x00000000ea000000, 0x00000000ea000000, 0x00000000ea100000|  0%| F|  |TAMS 0x00000000ea000000, 0x00000000ea000000| Untracked 
| 161|0x00000000ea100000, 0x00000000ea100000, 0x00000000ea200000|  0%| F|  |TAMS 0x00000000ea100000, 0x00000000ea100000| Untracked 
| 162|0x00000000ea200000, 0x00000000ea200000, 0x00000000ea300000|  0%| F|  |TAMS 0x00000000ea200000, 0x00000000ea200000| Untracked 
| 163|0x00000000ea300000, 0x00000000ea300000, 0x00000000ea400000|  0%| F|  |TAMS 0x00000000ea300000, 0x00000000ea300000| Untracked 
| 164|0x00000000ea400000, 0x00000000ea400000, 0x00000000ea500000|  0%| F|  |TAMS 0x00000000ea400000, 0x00000000ea400000| Untracked 
| 165|0x00000000ea500000, 0x00000000ea500000, 0x00000000ea600000|  0%| F|  |TAMS 0x00000000ea500000, 0x00000000ea500000| Untracked 
| 166|0x00000000ea600000, 0x00000000ea600000, 0x00000000ea700000|  0%| F|  |TAMS 0x00000000ea600000, 0x00000000ea600000| Untracked 
| 167|0x00000000ea700000, 0x00000000ea700000, 0x00000000ea800000|  0%| F|  |TAMS 0x00000000ea700000, 0x00000000ea700000| Untracked 
| 168|0x00000000ea800000, 0x00000000ea800000, 0x00000000ea900000|  0%| F|  |TAMS 0x00000000ea800000, 0x00000000ea800000| Untracked 
| 169|0x00000000ea900000, 0x00000000ea900000, 0x00000000eaa00000|  0%| F|  |TAMS 0x00000000ea900000, 0x00000000ea900000| Untracked 
| 170|0x00000000eaa00000, 0x00000000eaa00000, 0x00000000eab00000|  0%| F|  |TAMS 0x00000000eaa00000, 0x00000000eaa00000| Untracked 
| 171|0x00000000eab00000, 0x00000000eab00000, 0x00000000eac00000|  0%| F|  |TAMS 0x00000000eab00000, 0x00000000eab00000| Untracked 
| 172|0x00000000eac00000, 0x00000000eac00000, 0x00000000ead00000|  0%| F|  |TAMS 0x00000000eac00000, 0x00000000eac00000| Untracked 
| 173|0x00000000ead00000, 0x00000000ead00000, 0x00000000eae00000|  0%| F|  |TAMS 0x00000000ead00000, 0x00000000ead00000| Untracked 
| 174|0x00000000eae00000, 0x00000000eae00000, 0x00000000eaf00000|  0%| F|  |TAMS 0x00000000eae00000, 0x00000000eae00000| Untracked 
| 175|0x00000000eaf00000, 0x00000000eaf00000, 0x00000000eb000000|  0%| F|  |TAMS 0x00000000eaf00000, 0x00000000eaf00000| Untracked 
| 176|0x00000000eb000000, 0x00000000eb000000, 0x00000000eb100000|  0%| F|  |TAMS 0x00000000eb000000, 0x00000000eb000000| Untracked 
| 177|0x00000000eb100000, 0x00000000eb100000, 0x00000000eb200000|  0%| F|  |TAMS 0x00000000eb100000, 0x00000000eb100000| Untracked 
| 178|0x00000000eb200000, 0x00000000eb200000, 0x00000000eb300000|  0%| F|  |TAMS 0x00000000eb200000, 0x00000000eb200000| Untracked 
| 179|0x00000000eb300000, 0x00000000eb300000, 0x00000000eb400000|  0%| F|  |TAMS 0x00000000eb300000, 0x00000000eb300000| Untracked 
| 180|0x00000000eb400000, 0x00000000eb400000, 0x00000000eb500000|  0%| F|  |TAMS 0x00000000eb400000, 0x00000000eb400000| Untracked 
| 181|0x00000000eb500000, 0x00000000eb500000, 0x00000000eb600000|  0%| F|  |TAMS 0x00000000eb500000, 0x00000000eb500000| Untracked 
| 182|0x00000000eb600000, 0x00000000eb600000, 0x00000000eb700000|  0%| F|  |TAMS 0x00000000eb600000, 0x00000000eb600000| Untracked 
| 183|0x00000000eb700000, 0x00000000eb700000, 0x00000000eb800000|  0%| F|  |TAMS 0x00000000eb700000, 0x00000000eb700000| Untracked 
| 184|0x00000000eb800000, 0x00000000eb800000, 0x00000000eb900000|  0%| F|  |TAMS 0x00000000eb800000, 0x00000000eb800000| Untracked 
| 185|0x00000000eb900000, 0x00000000eb900000, 0x00000000eba00000|  0%| F|  |TAMS 0x00000000eb900000, 0x00000000eb900000| Untracked 
| 186|0x00000000eba00000, 0x00000000eba00000, 0x00000000ebb00000|  0%| F|  |TAMS 0x00000000eba00000, 0x00000000eba00000| Untracked 
| 187|0x00000000ebb00000, 0x00000000ebb00000, 0x00000000ebc00000|  0%| F|  |TAMS 0x00000000ebb00000, 0x00000000ebb00000| Untracked 
| 188|0x00000000ebc00000, 0x00000000ebc00000, 0x00000000ebd00000|  0%| F|  |TAMS 0x00000000ebc00000, 0x00000000ebc00000| Untracked 
| 189|0x00000000ebd00000, 0x00000000ebd00000, 0x00000000ebe00000|  0%| F|  |TAMS 0x00000000ebd00000, 0x00000000ebd00000| Untracked 
| 190|0x00000000ebe00000, 0x00000000ebe00000, 0x00000000ebf00000|  0%| F|  |TAMS 0x00000000ebe00000, 0x00000000ebe00000| Untracked 
| 191|0x00000000ebf00000, 0x00000000ebf00000, 0x00000000ec000000|  0%| F|  |TAMS 0x00000000ebf00000, 0x00000000ebf00000| Untracked 
| 192|0x00000000ec000000, 0x00000000ec000000, 0x00000000ec100000|  0%| F|  |TAMS 0x00000000ec000000, 0x00000000ec000000| Untracked 
| 193|0x00000000ec100000, 0x00000000ec100000, 0x00000000ec200000|  0%| F|  |TAMS 0x00000000ec100000, 0x00000000ec100000| Untracked 
| 194|0x00000000ec200000, 0x00000000ec200000, 0x00000000ec300000|  0%| F|  |TAMS 0x00000000ec200000, 0x00000000ec200000| Untracked 
| 195|0x00000000ec300000, 0x00000000ec300000, 0x00000000ec400000|  0%| F|  |TAMS 0x00000000ec300000, 0x00000000ec300000| Untracked 
| 196|0x00000000ec400000, 0x00000000ec400000, 0x00000000ec500000|  0%| F|  |TAMS 0x00000000ec400000, 0x00000000ec400000| Untracked 
| 197|0x00000000ec500000, 0x00000000ec500000, 0x00000000ec600000|  0%| F|  |TAMS 0x00000000ec500000, 0x00000000ec500000| Untracked 
| 198|0x00000000ec600000, 0x00000000ec600000, 0x00000000ec700000|  0%| F|  |TAMS 0x00000000ec600000, 0x00000000ec600000| Untracked 
| 199|0x00000000ec700000, 0x00000000ec700000, 0x00000000ec800000|  0%| F|  |TAMS 0x00000000ec700000, 0x00000000ec700000| Untracked 
| 200|0x00000000ec800000, 0x00000000ec800000, 0x00000000ec900000|  0%| F|  |TAMS 0x00000000ec800000, 0x00000000ec800000| Untracked 
| 201|0x00000000ec900000, 0x00000000ec900000, 0x00000000eca00000|  0%| F|  |TAMS 0x00000000ec900000, 0x00000000ec900000| Untracked 
| 202|0x00000000eca00000, 0x00000000eca00000, 0x00000000ecb00000|  0%| F|  |TAMS 0x00000000eca00000, 0x00000000eca00000| Untracked 
| 203|0x00000000ecb00000, 0x00000000ecb00000, 0x00000000ecc00000|  0%| F|  |TAMS 0x00000000ecb00000, 0x00000000ecb00000| Untracked 
| 204|0x00000000ecc00000, 0x00000000ecc00000, 0x00000000ecd00000|  0%| F|  |TAMS 0x00000000ecc00000, 0x00000000ecc00000| Untracked 
| 205|0x00000000ecd00000, 0x00000000ecd00000, 0x00000000ece00000|  0%| F|  |TAMS 0x00000000ecd00000, 0x00000000ecd00000| Untracked 
| 206|0x00000000ece00000, 0x00000000ece00000, 0x00000000ecf00000|  0%| F|  |TAMS 0x00000000ece00000, 0x00000000ece00000| Untracked 
| 207|0x00000000ecf00000, 0x00000000ecf00000, 0x00000000ed000000|  0%| F|  |TAMS 0x00000000ecf00000, 0x00000000ecf00000| Untracked 
| 208|0x00000000ed000000, 0x00000000ed000000, 0x00000000ed100000|  0%| F|  |TAMS 0x00000000ed000000, 0x00000000ed000000| Untracked 
| 209|0x00000000ed100000, 0x00000000ed100000, 0x00000000ed200000|  0%| F|  |TAMS 0x00000000ed100000, 0x00000000ed100000| Untracked 
| 210|0x00000000ed200000, 0x00000000ed200000, 0x00000000ed300000|  0%| F|  |TAMS 0x00000000ed200000, 0x00000000ed200000| Untracked 
| 211|0x00000000ed300000, 0x00000000ed300000, 0x00000000ed400000|  0%| F|  |TAMS 0x00000000ed300000, 0x00000000ed300000| Untracked 
| 212|0x00000000ed400000, 0x00000000ed400000, 0x00000000ed500000|  0%| F|  |TAMS 0x00000000ed400000, 0x00000000ed400000| Untracked 
| 213|0x00000000ed500000, 0x00000000ed500000, 0x00000000ed600000|  0%| F|  |TAMS 0x00000000ed500000, 0x00000000ed500000| Untracked 
| 214|0x00000000ed600000, 0x00000000ed600000, 0x00000000ed700000|  0%| F|  |TAMS 0x00000000ed600000, 0x00000000ed600000| Untracked 
| 215|0x00000000ed700000, 0x00000000ed700000, 0x00000000ed800000|  0%| F|  |TAMS 0x00000000ed700000, 0x00000000ed700000| Untracked 
| 216|0x00000000ed800000, 0x00000000ed800000, 0x00000000ed900000|  0%| F|  |TAMS 0x00000000ed800000, 0x00000000ed800000| Untracked 
| 217|0x00000000ed900000, 0x00000000ed900000, 0x00000000eda00000|  0%| F|  |TAMS 0x00000000ed900000, 0x00000000ed900000| Untracked 
| 218|0x00000000eda00000, 0x00000000eda00000, 0x00000000edb00000|  0%| F|  |TAMS 0x00000000eda00000, 0x00000000eda00000| Untracked 
| 219|0x00000000edb00000, 0x00000000edb00000, 0x00000000edc00000|  0%| F|  |TAMS 0x00000000edb00000, 0x00000000edb00000| Untracked 
| 220|0x00000000edc00000, 0x00000000edc00000, 0x00000000edd00000|  0%| F|  |TAMS 0x00000000edc00000, 0x00000000edc00000| Untracked 
| 221|0x00000000edd00000, 0x00000000edd00000, 0x00000000ede00000|  0%| F|  |TAMS 0x00000000edd00000, 0x00000000edd00000| Untracked 
| 222|0x00000000ede00000, 0x00000000ede00000, 0x00000000edf00000|  0%| F|  |TAMS 0x00000000ede00000, 0x00000000ede00000| Untracked 
| 223|0x00000000edf00000, 0x00000000edf00000, 0x00000000ee000000|  0%| F|  |TAMS 0x00000000edf00000, 0x00000000edf00000| Untracked 
| 224|0x00000000ee000000, 0x00000000ee000000, 0x00000000ee100000|  0%| F|  |TAMS 0x00000000ee000000, 0x00000000ee000000| Untracked 
| 225|0x00000000ee100000, 0x00000000ee100000, 0x00000000ee200000|  0%| F|  |TAMS 0x00000000ee100000, 0x00000000ee100000| Untracked 
| 226|0x00000000ee200000, 0x00000000ee200000, 0x00000000ee300000|  0%| F|  |TAMS 0x00000000ee200000, 0x00000000ee200000| Untracked 
| 227|0x00000000ee300000, 0x00000000ee300000, 0x00000000ee400000|  0%| F|  |TAMS 0x00000000ee300000, 0x00000000ee300000| Untracked 
| 228|0x00000000ee400000, 0x00000000ee400000, 0x00000000ee500000|  0%| F|  |TAMS 0x00000000ee400000, 0x00000000ee400000| Untracked 
| 229|0x00000000ee500000, 0x00000000ee500000, 0x00000000ee600000|  0%| F|  |TAMS 0x00000000ee500000, 0x00000000ee500000| Untracked 
| 230|0x00000000ee600000, 0x00000000ee600000, 0x00000000ee700000|  0%| F|  |TAMS 0x00000000ee600000, 0x00000000ee600000| Untracked 
| 231|0x00000000ee700000, 0x00000000ee700000, 0x00000000ee800000|  0%| F|  |TAMS 0x00000000ee700000, 0x00000000ee700000| Untracked 
| 232|0x00000000ee800000, 0x00000000ee8c4a10, 0x00000000ee900000| 76%| E|  |TAMS 0x00000000ee800000, 0x00000000ee800000| Complete 
| 233|0x00000000ee900000, 0x00000000eea00000, 0x00000000eea00000|100%| E|CS|TAMS 0x00000000ee900000, 0x00000000ee900000| Complete 
| 234|0x00000000eea00000, 0x00000000eeb00000, 0x00000000eeb00000|100%| E|CS|TAMS 0x00000000eea00000, 0x00000000eea00000| Complete 
| 235|0x00000000eeb00000, 0x00000000eec00000, 0x00000000eec00000|100%| E|CS|TAMS 0x00000000eeb00000, 0x00000000eeb00000| Complete 
| 236|0x00000000eec00000, 0x00000000eed00000, 0x00000000eed00000|100%| E|CS|TAMS 0x00000000eec00000, 0x00000000eec00000| Complete 
| 237|0x00000000eed00000, 0x00000000eee00000, 0x00000000eee00000|100%| E|CS|TAMS 0x00000000eed00000, 0x00000000eed00000| Complete 
| 238|0x00000000eee00000, 0x00000000eef00000, 0x00000000eef00000|100%| E|CS|TAMS 0x00000000eee00000, 0x00000000eee00000| Complete 
| 239|0x00000000eef00000, 0x00000000ef000000, 0x00000000ef000000|100%| E|CS|TAMS 0x00000000eef00000, 0x00000000eef00000| Complete 
| 240|0x00000000ef000000, 0x00000000ef100000, 0x00000000ef100000|100%| E|CS|TAMS 0x00000000ef000000, 0x00000000ef000000| Complete 
| 241|0x00000000ef100000, 0x00000000ef200000, 0x00000000ef200000|100%| E|CS|TAMS 0x00000000ef100000, 0x00000000ef100000| Complete 
| 242|0x00000000ef200000, 0x00000000ef300000, 0x00000000ef300000|100%| E|CS|TAMS 0x00000000ef200000, 0x00000000ef200000| Complete 
| 243|0x00000000ef300000, 0x00000000ef400000, 0x00000000ef400000|100%| E|CS|TAMS 0x00000000ef300000, 0x00000000ef300000| Complete 
| 244|0x00000000ef400000, 0x00000000ef500000, 0x00000000ef500000|100%| E|CS|TAMS 0x00000000ef400000, 0x00000000ef400000| Complete 
| 245|0x00000000ef500000, 0x00000000ef600000, 0x00000000ef600000|100%| E|CS|TAMS 0x00000000ef500000, 0x00000000ef500000| Complete 
| 246|0x00000000ef600000, 0x00000000ef700000, 0x00000000ef700000|100%| E|  |TAMS 0x00000000ef600000, 0x00000000ef600000| Complete 
| 247|0x00000000ef700000, 0x00000000ef800000, 0x00000000ef800000|100%| E|CS|TAMS 0x00000000ef700000, 0x00000000ef700000| Complete 
| 248|0x00000000ef800000, 0x00000000ef900000, 0x00000000ef900000|100%| E|CS|TAMS 0x00000000ef800000, 0x00000000ef800000| Complete 
| 249|0x00000000ef900000, 0x00000000efa00000, 0x00000000efa00000|100%| E|CS|TAMS 0x00000000ef900000, 0x00000000ef900000| Complete 
| 250|0x00000000efa00000, 0x00000000efb00000, 0x00000000efb00000|100%| E|CS|TAMS 0x00000000efa00000, 0x00000000efa00000| Complete 
| 251|0x00000000efb00000, 0x00000000efc00000, 0x00000000efc00000|100%| E|CS|TAMS 0x00000000efb00000, 0x00000000efb00000| Complete 
| 252|0x00000000efc00000, 0x00000000efd00000, 0x00000000efd00000|100%| E|CS|TAMS 0x00000000efc00000, 0x00000000efc00000| Complete 
| 253|0x00000000efd00000, 0x00000000efe00000, 0x00000000efe00000|100%| S|CS|TAMS 0x00000000efd00000, 0x00000000efd00000| Complete 
| 254|0x00000000efe00000, 0x00000000eff00000, 0x00000000eff00000|100%| E|CS|TAMS 0x00000000efe00000, 0x00000000efe00000| Complete 
| 255|0x00000000eff00000, 0x00000000f0000000, 0x00000000f0000000|100%| E|CS|TAMS 0x00000000eff00000, 0x00000000eff00000| Complete 

Card table byte_map: [0x000001fcfc3c0000,0x000001fcfc4c0000] _byte_map_base: 0x000001fcfbcc0000

Marking Bits (Prev, Next): (CMBitMap*) 0x000001fce4462868, (CMBitMap*) 0x000001fce44628a0
 Prev Bits: [0x000001fcfc5c0000, 0x000001fcfcdc0000)
 Next Bits: [0x000001fcfcdc0000, 0x000001fcfd5c0000)

Polling page: 0x000001fce4620000

Metaspace:

Usage:
  Non-class:     93.92 MB capacity,    91.35 MB ( 97%) used,     2.16 MB (  2%) free+waste,   422.62 KB ( <1%) overhead. 
      Class:     14.34 MB capacity,    12.79 MB ( 89%) used,     1.36 MB ( 10%) free+waste,   193.69 KB (  1%) overhead. 
       Both:    108.26 MB capacity,   104.13 MB ( 96%) used,     3.53 MB (  3%) free+waste,   616.31 KB ( <1%) overhead. 

Virtual space:
  Non-class space:       96.00 MB reserved,      94.12 MB ( 98%) committed 
      Class space:      248.00 MB reserved,      14.38 MB (  6%) committed 
             Both:      344.00 MB reserved,     108.50 MB ( 32%) committed 

Chunk freelists:
   Non-Class:  3.00 KB
       Class:  0 bytes
        Both:  3.00 KB

MaxMetaspaceSize: 256.00 MB
CompressedClassSpaceSize: 248.00 MB
Initial GC threshold: 20.80 MB
Current GC threshold: 177.08 MB
CDS: off

CodeHeap 'non-profiled nmethods': size=120064Kb used=13198Kb max_used=13198Kb free=106865Kb
 bounds [0x000001fcf4e80000, 0x000001fcf5b70000, 0x000001fcfc3c0000]
CodeHeap 'profiled nmethods': size=120000Kb used=41188Kb max_used=41188Kb free=78811Kb
 bounds [0x000001fced950000, 0x000001fcf0190000, 0x000001fcf4e80000]
CodeHeap 'non-nmethods': size=5696Kb used=2416Kb max_used=2471Kb free=3280Kb
 bounds [0x000001fced3c0000, 0x000001fced640000, 0x000001fced950000]
 total_blobs=19324 nmethods=18374 adapters=860
 compilation: enabled
              stopped_count=0, restarted_count=0
 full_count=0

Compilation events (20 events):
Event: 6992.261 Thread 0x000001fc80192000 nmethod 19434 0x000001fcf0184d90 code [0x000001fcf0184fe0, 0x000001fcf0185888]
Event: 6992.263 Thread 0x000001fc8018b800 19435       4       org.gradle.api.internal.artifacts.ivyservice.ivyresolve.CachingModuleComponentRepository::access$500 (4 bytes)
Event: 6992.264 Thread 0x000001fc8018b800 nmethod 19435 0x000001fcf5b63590 code [0x000001fcf5b63720, 0x000001fcf5b63778]
Event: 6992.265 Thread 0x000001fc80192000 19436       3       org.gradle.api.internal.file.FileCollectionBackedFileTree::visitContents (17 bytes)
Event: 6992.266 Thread 0x000001fc80192000 nmethod 19436 0x000001fcf0185b10 code [0x000001fcf0185d40, 0x000001fcf0186648]
Event: 6992.267 Thread 0x000001fc80192000 19437       3       org.gradle.api.internal.file.FileCollectionBackedFileTree$2::<init> (26 bytes)
Event: 6992.267 Thread 0x000001fc80192000 nmethod 19437 0x000001fcf0186910 code [0x000001fcf0186b20, 0x000001fcf0187158]
Event: 6992.267 Thread 0x000001fc80192000 19438       3       org.gradle.api.internal.tasks.DefaultSourceSetOutput::visitChildren (14 bytes)
Event: 6992.267 Thread 0x000001fc80192000 nmethod 19438 0x000001fcf0187390 code [0x000001fcf0187560, 0x000001fcf0187828]
Event: 6992.268 Thread 0x000001fc8018b800 19439 %     4       java.lang.Class::privateGetPublicMethods @ 43 (224 bytes)
Event: 6992.269 Thread 0x000001fc80192000 19440       3       org.gradle.api.internal.provider.ValueSupplier$Present::orNull (5 bytes)
Event: 6992.269 Thread 0x000001fc80192000 nmethod 19440 0x000001fcf0187910 code [0x000001fcf0187ae0, 0x000001fcf0187dc8]
Event: 6992.270 Thread 0x000001fc80192000 19441       1       org.gradle.internal.jvm.Jvm::getJavaVersion (5 bytes)
Event: 6992.270 Thread 0x000001fc80192000 nmethod 19441 0x000001fcf5b63890 code [0x000001fcf5b63a40, 0x000001fcf5b63af8]
Event: 6992.284 Thread 0x000001fc80192000 19442       3       org.gradle.api.internal.artifacts.configurations.DefaultConfiguration$ConfigurationFileCollection::visitContents (46 bytes)
Event: 6992.286 Thread 0x000001fc80192000 nmethod 19442 0x000001fcf0187f10 code [0x000001fcf0188260, 0x000001fcf01895c8]
Event: 6992.286 Thread 0x000001fc80192000 19443       3       org.gradle.internal.operations.DefaultBuildOperationQueue::markFinished (34 bytes)
Event: 6992.287 Thread 0x000001fc80192000 nmethod 19443 0x000001fcf0189d10 code [0x000001fcf0189ee0, 0x000001fcf018a2c8]
Event: 6992.342 Thread 0x000001fc80192000 19445       3       java.net.Inet4Address::<init> (29 bytes)
Event: 6992.343 Thread 0x000001fc80192000 nmethod 19445 0x000001fcf018a410 code [0x000001fcf018a5e0, 0x000001fcf018ab38]

GC Heap History (20 events):
Event: 2526.321 GC heap before
{Heap before GC invocations=31 (full 0):
 garbage-first heap   total 262144K, used 135987K [0x00000000e0000000, 0x0000000100000000)
  region size 1024K, 12 young (12288K), 8 survivors (8192K)
 Metaspace       used 97082K, capacity 100264K, committed 103164K, reserved 344064K
  class space    used 11995K, capacity 13149K, committed 13696K, reserved 253952K
}
Event: 2526.436 GC heap after
{Heap after GC invocations=32 (full 0):
 garbage-first heap   total 262144K, used 124736K [0x00000000e0000000, 0x0000000100000000)
  region size 1024K, 2 young (2048K), 2 survivors (2048K)
 Metaspace       used 97082K, capacity 100264K, committed 103164K, reserved 344064K
  class space    used 11995K, capacity 13149K, committed 13696K, reserved 253952K
}
Event: 3557.339 GC heap before
{Heap before GC invocations=32 (full 0):
 garbage-first heap   total 262144K, used 216896K [0x00000000e0000000, 0x0000000100000000)
  region size 1024K, 93 young (95232K), 2 survivors (2048K)
 Metaspace       used 97814K, capacity 101257K, committed 103164K, reserved 344064K
  class space    used 12057K, capacity 13250K, committed 13696K, reserved 253952K
}
Event: 3557.507 GC heap after
{Heap after GC invocations=33 (full 0):
 garbage-first heap   total 262144K, used 128403K [0x00000000e0000000, 0x0000000100000000)
  region size 1024K, 6 young (6144K), 6 survivors (6144K)
 Metaspace       used 97814K, capacity 101257K, committed 103164K, reserved 344064K
  class space    used 12057K, capacity 13250K, committed 13696K, reserved 253952K
}
Event: 4875.161 GC heap before
{Heap before GC invocations=34 (full 0):
 garbage-first heap   total 262144K, used 217491K [0x00000000e0000000, 0x0000000100000000)
  region size 1024K, 94 young (96256K), 6 survivors (6144K)
 Metaspace       used 100678K, capacity 104255K, committed 104572K, reserved 346112K
  class space    used 12406K, capacity 13698K, committed 13824K, reserved 253952K
}
Event: 4875.275 GC heap after
{Heap after GC invocations=35 (full 0):
 garbage-first heap   total 262144K, used 132809K [0x00000000e0000000, 0x0000000100000000)
  region size 1024K, 10 young (10240K), 10 survivors (10240K)
 Metaspace       used 100678K, capacity 104255K, committed 104572K, reserved 346112K
  class space    used 12406K, capacity 13698K, committed 13824K, reserved 253952K
}
Event: 4875.303 GC heap before
{Heap before GC invocations=35 (full 0):
 garbage-first heap   total 262144K, used 134857K [0x00000000e0000000, 0x0000000100000000)
  region size 1024K, 12 young (12288K), 10 survivors (10240K)
 Metaspace       used 100681K, capacity 104261K, committed 104572K, reserved 346112K
  class space    used 12407K, capacity 13700K, committed 13824K, reserved 253952K
}
Event: 4875.474 GC heap after
{Heap after GC invocations=36 (full 0):
 garbage-first heap   total 262144K, used 128226K [0x00000000e0000000, 0x0000000100000000)
  region size 1024K, 1 young (1024K), 1 survivors (1024K)
 Metaspace       used 100681K, capacity 104261K, committed 104572K, reserved 346112K
  class space    used 12407K, capacity 13700K, committed 13824K, reserved 253952K
}
Event: 4993.249 GC heap before
{Heap before GC invocations=36 (full 0):
 garbage-first heap   total 262144K, used 217314K [0x00000000e0000000, 0x0000000100000000)
  region size 1024K, 88 young (90112K), 1 survivors (1024K)
 Metaspace       used 102491K, capacity 106787K, committed 106876K, reserved 348160K
  class space    used 12704K, capacity 14261K, committed 14336K, reserved 253952K
}
Event: 4993.289 GC heap after
{Heap after GC invocations=37 (full 0):
 garbage-first heap   total 262144K, used 133346K [0x00000000e0000000, 0x0000000100000000)
  region size 1024K, 6 young (6144K), 6 survivors (6144K)
 Metaspace       used 102491K, capacity 106787K, committed 106876K, reserved 348160K
  class space    used 12704K, capacity 14261K, committed 14336K, reserved 253952K
}
Event: 5951.710 GC heap before
{Heap before GC invocations=38 (full 0):
 garbage-first heap   total 262144K, used 217314K [0x00000000e0000000, 0x0000000100000000)
  region size 1024K, 89 young (91136K), 6 survivors (6144K)
 Metaspace       used 102460K, capacity 106207K, committed 107132K, reserved 348160K
  class space    used 12608K, capacity 14020K, committed 14336K, reserved 253952K
}
Event: 5951.821 GC heap after
{Heap after GC invocations=39 (full 0):
 garbage-first heap   total 262144K, used 136911K [0x00000000e0000000, 0x0000000100000000)
  region size 1024K, 10 young (10240K), 10 survivors (10240K)
 Metaspace       used 102460K, capacity 106207K, committed 107132K, reserved 348160K
  class space    used 12608K, capacity 14020K, committed 14336K, reserved 253952K
}
Event: 5951.862 GC heap before
{Heap before GC invocations=39 (full 0):
 garbage-first heap   total 262144K, used 138959K [0x00000000e0000000, 0x0000000100000000)
  region size 1024K, 12 young (12288K), 10 survivors (10240K)
 Metaspace       used 102461K, capacity 106207K, committed 107132K, reserved 348160K
  class space    used 12608K, capacity 14020K, committed 14336K, reserved 253952K
}
Event: 5952.019 GC heap after
{Heap after GC invocations=40 (full 0):
 garbage-first heap   total 262144K, used 129563K [0x00000000e0000000, 0x0000000100000000)
  region size 1024K, 1 young (1024K), 1 survivors (1024K)
 Metaspace       used 102461K, capacity 106207K, committed 107132K, reserved 348160K
  class space    used 12608K, capacity 14020K, committed 14336K, reserved 253952K
}
Event: 6873.267 GC heap before
{Heap before GC invocations=40 (full 0):
 garbage-first heap   total 262144K, used 215579K [0x00000000e0000000, 0x0000000100000000)
  region size 1024K, 86 young (88064K), 1 survivors (1024K)
 Metaspace       used 103918K, capacity 107977K, committed 108156K, reserved 348160K
  class space    used 12765K, capacity 14274K, committed 14336K, reserved 253952K
}
Event: 6873.347 GC heap after
{Heap after GC invocations=41 (full 0):
 garbage-first heap   total 262144K, used 133659K [0x00000000e0000000, 0x0000000100000000)
  region size 1024K, 5 young (5120K), 5 survivors (5120K)
 Metaspace       used 103918K, capacity 107977K, committed 108156K, reserved 348160K
  class space    used 12765K, capacity 14274K, committed 14336K, reserved 253952K
}
Event: 6977.352 GC heap before
{Heap before GC invocations=42 (full 0):
 garbage-first heap   total 262144K, used 217627K [0x00000000e0000000, 0x0000000100000000)
  region size 1024K, 88 young (90112K), 5 survivors (5120K)
 Metaspace       used 106418K, capacity 110571K, committed 110844K, reserved 350208K
  class space    used 13073K, capacity 14646K, committed 14720K, reserved 253952K
}
Event: 6977.430 GC heap after
{Heap after GC invocations=43 (full 0):
 garbage-first heap   total 262144K, used 138171K [0x00000000e0000000, 0x0000000100000000)
  region size 1024K, 10 young (10240K), 10 survivors (10240K)
 Metaspace       used 106418K, capacity 110571K, committed 110844K, reserved 350208K
  class space    used 13073K, capacity 14646K, committed 14720K, reserved 253952K
}
Event: 6991.397 GC heap before
{Heap before GC invocations=43 (full 0):
 garbage-first heap   total 262144K, used 139195K [0x00000000e0000000, 0x0000000100000000)
  region size 1024K, 12 young (12288K), 10 survivors (10240K)
 Metaspace       used 106431K, capacity 110571K, committed 110844K, reserved 350208K
  class space    used 13073K, capacity 14646K, committed 14720K, reserved 253952K
}
Event: 6991.549 GC heap after
{Heap after GC invocations=44 (full 0):
 garbage-first heap   total 262144K, used 132742K [0x00000000e0000000, 0x0000000100000000)
  region size 1024K, 1 young (1024K), 1 survivors (1024K)
 Metaspace       used 106431K, capacity 110571K, committed 110844K, reserved 350208K
  class space    used 13073K, capacity 14646K, committed 14720K, reserved 253952K
}

Deoptimization events (20 events):
Event: 6992.368 Thread 0x000001fc89e99000 Uncommon trap: trap_request=0xffffffbe fr.pc=0x000001fcf5ac2178 relative=0x00000000000005f8
Event: 6992.368 Thread 0x000001fc89e99000 Uncommon trap: reason=profile_predicate action=maybe_recompile pc=0x000001fcf5ac2178 method=java.io.OutputStream.write([BII)V @ 14 c2
Event: 6992.368 Thread 0x000001fc89e99000 DEOPT PACKING pc=0x000001fcf5ac2178 sp=0x000000a8042fde50
Event: 6992.368 Thread 0x000001fc89e99000 DEOPT UNPACKING pc=0x000001fced40a1a9 sp=0x000000a8042fde10 mode 2
Event: 6992.370 Thread 0x000001fc89e99000 Uncommon trap: trap_request=0xffffffbe fr.pc=0x000001fcf5ac2178 relative=0x00000000000005f8
Event: 6992.370 Thread 0x000001fc89e99000 Uncommon trap: reason=profile_predicate action=maybe_recompile pc=0x000001fcf5ac2178 method=java.io.OutputStream.write([BII)V @ 14 c2
Event: 6992.370 Thread 0x000001fc89e99000 DEOPT PACKING pc=0x000001fcf5ac2178 sp=0x000000a8042fde50
Event: 6992.370 Thread 0x000001fc89e99000 DEOPT UNPACKING pc=0x000001fced40a1a9 sp=0x000000a8042fde10 mode 2
Event: 6992.371 Thread 0x000001fc89e99000 Uncommon trap: trap_request=0xffffffbe fr.pc=0x000001fcf5ac2178 relative=0x00000000000005f8
Event: 6992.371 Thread 0x000001fc89e99000 Uncommon trap: reason=profile_predicate action=maybe_recompile pc=0x000001fcf5ac2178 method=java.io.OutputStream.write([BII)V @ 14 c2
Event: 6992.371 Thread 0x000001fc89e99000 DEOPT PACKING pc=0x000001fcf5ac2178 sp=0x000000a8042fde50
Event: 6992.371 Thread 0x000001fc89e99000 DEOPT UNPACKING pc=0x000001fced40a1a9 sp=0x000000a8042fde10 mode 2
Event: 6992.371 Thread 0x000001fc89e99000 Uncommon trap: trap_request=0xffffffbe fr.pc=0x000001fcf5a8ac20 relative=0x0000000000000620
Event: 6992.371 Thread 0x000001fc89e99000 Uncommon trap: reason=profile_predicate action=maybe_recompile pc=0x000001fcf5a8ac20 method=java.io.OutputStream.write([BII)V @ 11 c2
Event: 6992.371 Thread 0x000001fc89e99000 DEOPT PACKING pc=0x000001fcf5a8ac20 sp=0x000000a8042fde40
Event: 6992.371 Thread 0x000001fc89e99000 DEOPT UNPACKING pc=0x000001fced40a1a9 sp=0x000000a8042fde20 mode 2
Event: 6992.371 Thread 0x000001fc89e99000 Uncommon trap: trap_request=0xffffffbe fr.pc=0x000001fcf5a8ac20 relative=0x0000000000000620
Event: 6992.371 Thread 0x000001fc89e99000 Uncommon trap: reason=profile_predicate action=maybe_recompile pc=0x000001fcf5a8ac20 method=java.io.OutputStream.write([BII)V @ 11 c2
Event: 6992.371 Thread 0x000001fc89e99000 DEOPT PACKING pc=0x000001fcf5a8ac20 sp=0x000000a8042fde40
Event: 6992.371 Thread 0x000001fc89e99000 DEOPT UNPACKING pc=0x000001fced40a1a9 sp=0x000000a8042fde20 mode 2

Classes redefined (0 events):
No events

Internal exceptions (20 events):
Event: 6991.956 Thread 0x000001fc8b3ae000 Exception <a 'sun/nio/fs/WindowsException'{0x00000000ef33ac48}> (0x00000000ef33ac48) thrown at [s\src\hotspot\share\prims\jni.cpp, line 617]
Event: 6992.080 Thread 0x000001fc8b3ae000 Exception <a 'sun/nio/fs/WindowsException'{0x00000000ef08f720}> (0x00000000ef08f720) thrown at [s\src\hotspot\share\prims\jni.cpp, line 617]
Event: 6992.086 Thread 0x000001fc8b3ae000 Exception <a 'sun/nio/fs/WindowsException'{0x00000000eefc3330}> (0x00000000eefc3330) thrown at [s\src\hotspot\share\prims\jni.cpp, line 617]
Event: 6992.088 Thread 0x000001fc8b3ae000 Exception <a 'sun/nio/fs/WindowsException'{0x00000000eefc63e0}> (0x00000000eefc63e0) thrown at [s\src\hotspot\share\prims\jni.cpp, line 617]
Event: 6992.089 Thread 0x000001fc8b3ae000 Exception <a 'sun/nio/fs/WindowsException'{0x00000000eefc9448}> (0x00000000eefc9448) thrown at [s\src\hotspot\share\prims\jni.cpp, line 617]
Event: 6992.091 Thread 0x000001fc8b3ae000 Exception <a 'sun/nio/fs/WindowsException'{0x00000000eefcb7a0}> (0x00000000eefcb7a0) thrown at [s\src\hotspot\share\prims\jni.cpp, line 617]
Event: 6992.093 Thread 0x000001fc8b3ae000 Exception <a 'sun/nio/fs/WindowsException'{0x00000000eefce138}> (0x00000000eefce138) thrown at [s\src\hotspot\share\prims\jni.cpp, line 617]
Event: 6992.093 Thread 0x000001fc8b3ae000 Exception <a 'sun/nio/fs/WindowsException'{0x00000000eefce3c0}> (0x00000000eefce3c0) thrown at [s\src\hotspot\share\prims\jni.cpp, line 617]
Event: 6992.093 Thread 0x000001fc8b3ae000 Exception <a 'sun/nio/fs/WindowsException'{0x00000000eefd3f68}> (0x00000000eefd3f68) thrown at [s\src\hotspot\share\prims\jni.cpp, line 617]
Event: 6992.093 Thread 0x000001fc8b3ae000 Exception <a 'sun/nio/fs/WindowsException'{0x00000000eefd41f0}> (0x00000000eefd41f0) thrown at [s\src\hotspot\share\prims\jni.cpp, line 617]
Event: 6992.094 Thread 0x000001fc8b3ae000 Exception <a 'sun/nio/fs/WindowsException'{0x00000000eefd78b8}> (0x00000000eefd78b8) thrown at [s\src\hotspot\share\prims\jni.cpp, line 617]
Event: 6992.094 Thread 0x000001fc8b3ae000 Exception <a 'sun/nio/fs/WindowsException'{0x00000000eefd7b58}> (0x00000000eefd7b58) thrown at [s\src\hotspot\share\prims\jni.cpp, line 617]
Event: 6992.094 Thread 0x000001fc8b3ae000 Exception <a 'sun/nio/fs/WindowsException'{0x00000000eefe0078}> (0x00000000eefe0078) thrown at [s\src\hotspot\share\prims\jni.cpp, line 617]
Event: 6992.094 Thread 0x000001fc8b3ae000 Exception <a 'sun/nio/fs/WindowsException'{0x00000000eefe0318}> (0x00000000eefe0318) thrown at [s\src\hotspot\share\prims\jni.cpp, line 617]
Event: 6992.147 Thread 0x000001fc8b3ae000 Exception <a 'sun/nio/fs/WindowsException'{0x00000000eecb3ae0}> (0x00000000eecb3ae0) thrown at [s\src\hotspot\share\prims\jni.cpp, line 617]
Event: 6992.190 Thread 0x000001fc8b3ae000 Exception <a 'sun/nio/fs/WindowsException'{0x00000000eecf5c18}> (0x00000000eecf5c18) thrown at [s\src\hotspot\share\prims\jni.cpp, line 617]
Event: 6992.374 Thread 0x000001fc89e99000 Exception <a 'java/lang/NoSuchMethodError'{0x00000000ee80b988}: <clinit>> (0x00000000ee80b988) thrown at [s\src\hotspot\share\prims\jni.cpp, line 1367]
Event: 6992.375 Thread 0x000001fc89e99000 Exception <a 'java/lang/NoSuchMethodError'{0x00000000ee81e220}: <clinit>> (0x00000000ee81e220) thrown at [s\src\hotspot\share\prims\jni.cpp, line 1367]
Event: 6992.375 Thread 0x000001fc89e99000 Exception <a 'java/lang/NoSuchMethodError'{0x00000000ee81ff78}: <clinit>> (0x00000000ee81ff78) thrown at [s\src\hotspot\share\prims\jni.cpp, line 1367]
Event: 6992.376 Thread 0x000001fc89e99000 Exception <a 'java/lang/NoSuchMethodError'{0x00000000ee82d480}: <clinit>> (0x00000000ee82d480) thrown at [s\src\hotspot\share\prims\jni.cpp, line 1367]

Events (20 events):
Event: 6992.256 Executing VM operation: RevokeBias
Event: 6992.256 Executing VM operation: RevokeBias done
Event: 6992.256 Executing VM operation: RevokeBias
Event: 6992.257 Executing VM operation: RevokeBias done
Event: 6992.262 Thread 0x000001fc8b3bc800 Thread added: 0x000001fc8b3bc800
Event: 6992.263 Thread 0x000001fc8b3bd000 Thread added: 0x000001fc8b3bd000
Event: 6992.266 Executing VM operation: RevokeBias
Event: 6992.266 Executing VM operation: RevokeBias done
Event: 6992.288 Thread 0x000001fc8b3bf000 Thread added: 0x000001fc8b3bf000
Event: 6992.288 loading class org/gradle/api/internal/tasks/testing/TestResultProcessor
Event: 6992.288 loading class org/gradle/api/internal/tasks/testing/TestResultProcessor done
Event: 6992.292 Thread 0x000001fc89e99000 Thread added: 0x000001fc89e99000
Event: 6992.292 loading class org/gradle/api/internal/tasks/testing/TestClassProcessor
Event: 6992.292 loading class org/gradle/api/internal/tasks/testing/TestClassProcessor done
Event: 6992.343 Thread 0x000001fc89e9b800 Thread added: 0x000001fc89e9b800
Event: 6992.378 Thread 0x000001fc89e9d000 Thread added: 0x000001fc89e9d000
Event: 6992.391 Thread 0x000001fc89e9a800 Thread added: 0x000001fc89e9a800
Event: 6992.392 Thread 0x000001fc89e9c800 Thread added: 0x000001fc89e9c800
Event: 6992.393 Thread 0x000001fc89ea0000 Thread added: 0x000001fc89ea0000
Event: 6992.393 Thread 0x000001fc89e9a000 Thread added: 0x000001fc89e9a000


Dynamic libraries:
0x00007ff6959d0000 - 0x00007ff6959de000 	C:\Program Files\Eclipse Adoptium\jdk-11.0.19.7-hotspot\bin\java.exe
0x00007ffe027b0000 - 0x00007ffe029a7000 	C:\WINDOWS\SYSTEM32\ntdll.dll
0x00007ffe00ba0000 - 0x00007ffe00c5d000 	C:\WINDOWS\System32\KERNEL32.DLL
0x00007ffe00510000 - 0x00007ffe00806000 	C:\WINDOWS\System32\KERNELBASE.dll
0x00007ffdfd630000 - 0x00007ffdfd6c0000 	C:\WINDOWS\SYSTEM32\apphelp.dll
0x00007ffddafc0000 - 0x00007ffddb456000 	C:\WINDOWS\SYSTEM32\AcLayers.DLL
0x00007ffe01f80000 - 0x00007ffe0201e000 	C:\WINDOWS\System32\msvcrt.dll
0x00007ffe00c60000 - 0x00007ffe00dfe000 	C:\WINDOWS\System32\USER32.dll
0x00007ffe002d0000 - 0x00007ffe002f2000 	C:\WINDOWS\System32\win32u.dll
0x00007ffe00fa0000 - 0x00007ffe00fcc000 	C:\WINDOWS\System32\GDI32.dll
0x00007ffe00010000 - 0x00007ffe0012a000 	C:\WINDOWS\System32\gdi32full.dll
0x00007ffdfff70000 - 0x00007ffe0000d000 	C:\WINDOWS\System32\msvcp_win.dll
0x00007ffe001a0000 - 0x00007ffe002a0000 	C:\WINDOWS\System32\ucrtbase.dll
0x00007ffe02020000 - 0x00007ffe02764000 	C:\WINDOWS\System32\SHELL32.dll
0x00007ffe00a00000 - 0x00007ffe00a55000 	C:\WINDOWS\System32\SHLWAPI.dll
0x00007ffe00a90000 - 0x00007ffe00b3e000 	C:\WINDOWS\System32\ADVAPI32.dll
0x00007ffe00960000 - 0x00007ffe009fc000 	C:\WINDOWS\System32\sechost.dll
0x00007ffe00e60000 - 0x00007ffe00f86000 	C:\WINDOWS\System32\RPCRT4.dll
0x000001fce2740000 - 0x000001fce2743000 	C:\WINDOWS\SYSTEM32\sfc.dll
0x00007ffdecd70000 - 0x00007ffdece0d000 	C:\WINDOWS\SYSTEM32\WINSPOOL.DRV
0x00007ffe01440000 - 0x00007ffe01794000 	C:\WINDOWS\System32\combase.dll
0x00007ffe01300000 - 0x00007ffe013ad000 	C:\WINDOWS\System32\shcore.dll
0x00007ffde9c80000 - 0x00007ffde9c92000 	C:\WINDOWS\SYSTEM32\sfc_os.DLL
0x00007ffdfa140000 - 0x00007ffdfa151000 	C:\WINDOWS\SYSTEM32\SortWindows61.dll
0x00007ffe00a60000 - 0x00007ffe00a90000 	C:\WINDOWS\System32\IMM32.DLL
0x00007ffdff660000 - 0x00007ffdff690000 	C:\WINDOWS\system32\DriverStore\FileRepository\nvacwu.inf_amd64_bdd6ea477d4e2fba\nvinitx.dll
0x00007ffdff650000 - 0x00007ffdff65a000 	C:\WINDOWS\SYSTEM32\VERSION.dll
0x00007ffdfdef0000 - 0x00007ffdfe68b000 	C:\WINDOWS\SYSTEM32\windows.storage.dll
0x00007ffdff8d0000 - 0x00007ffdff8fd000 	C:\WINDOWS\SYSTEM32\Wldp.dll
0x000000006e000000 - 0x000000006e006000 	C:\Program Files\NVIDIA Corporation\CoProcManager\_etoured.dll
0x00007ffdfb590000 - 0x00007ffdfb5cb000 	C:\Program Files\NVIDIA Corporation\CoProcManager\nvd3d9wrapx.dll
0x00007ffe01b10000 - 0x00007ffe01f7e000 	C:\WINDOWS\System32\SETUPAPI.dll
0x00007ffdfff20000 - 0x00007ffdfff6e000 	C:\WINDOWS\System32\cfgmgr32.dll
0x00007ffe002a0000 - 0x00007ffe002c7000 	C:\WINDOWS\System32\bcrypt.dll
0x00007ffdfb3b0000 - 0x00007ffdfb3d4000 	C:\Program Files\NVIDIA Corporation\CoProcManager\nvdxgiwrapx.dll
0x00007ffdfa120000 - 0x00007ffdfa138000 	C:\Program Files\Eclipse Adoptium\jdk-11.0.19.7-hotspot\bin\jli.dll
0x00007ffdfa100000 - 0x00007ffdfa119000 	C:\Program Files\Eclipse Adoptium\jdk-11.0.19.7-hotspot\bin\VCRUNTIME140.dll
0x00007ffdf1e60000 - 0x00007ffdf20fa000 	C:\WINDOWS\WinSxS\amd64_microsoft.windows.common-controls_6595b64144ccf1df_6.0.19041.3570_none_60bb2a3971f3e41a\COMCTL32.dll
0x00007ffdfaee0000 - 0x00007ffdfaeec000 	C:\Program Files\Eclipse Adoptium\jdk-11.0.19.7-hotspot\bin\vcruntime140_1.dll
0x00007ffdfa060000 - 0x00007ffdfa0f1000 	C:\Program Files\Eclipse Adoptium\jdk-11.0.19.7-hotspot\bin\msvcp140.dll
0x00007ffdd9f20000 - 0x00007ffddaadc000 	C:\Program Files\Eclipse Adoptium\jdk-11.0.19.7-hotspot\bin\server\jvm.dll
0x00007ffe00950000 - 0x00007ffe00958000 	C:\WINDOWS\System32\PSAPI.DLL
0x00007ffdfb8e0000 - 0x00007ffdfb8e9000 	C:\WINDOWS\SYSTEM32\WSOCK32.dll
0x00007ffdeece0000 - 0x00007ffdeed07000 	C:\WINDOWS\SYSTEM32\WINMM.dll
0x00007ffe00fd0000 - 0x00007ffe0103b000 	C:\WINDOWS\System32\WS2_32.dll
0x00007ffdfdcf0000 - 0x00007ffdfdd02000 	C:\WINDOWS\SYSTEM32\kernel.appcore.dll
0x00007ffdfa050000 - 0x00007ffdfa060000 	C:\Program Files\Eclipse Adoptium\jdk-11.0.19.7-hotspot\bin\verify.dll
0x00007ffdeee80000 - 0x00007ffdef064000 	C:\WINDOWS\SYSTEM32\DBGHELP.DLL
0x00007ffdef160000 - 0x00007ffdef194000 	C:\WINDOWS\SYSTEM32\dbgcore.DLL
0x00007ffdffe90000 - 0x00007ffdfff12000 	C:\WINDOWS\System32\bcryptPrimitives.dll
0x00007ffdfa020000 - 0x00007ffdfa048000 	C:\Program Files\Eclipse Adoptium\jdk-11.0.19.7-hotspot\bin\java.dll
0x00007ffdfa010000 - 0x00007ffdfa01a000 	C:\Program Files\Eclipse Adoptium\jdk-11.0.19.7-hotspot\bin\jimage.dll
0x00007ffdf9ff0000 - 0x00007ffdfa008000 	C:\Program Files\Eclipse Adoptium\jdk-11.0.19.7-hotspot\bin\zip.dll
0x00007ffdffdc0000 - 0x00007ffdffde5000 	C:\WINDOWS\SYSTEM32\profapi.dll
0x00007ffdf9fd0000 - 0x00007ffdf9fe9000 	C:\Program Files\Eclipse Adoptium\jdk-11.0.19.7-hotspot\bin\net.dll
0x00007ffdf5a40000 - 0x00007ffdf5b4a000 	C:\WINDOWS\SYSTEM32\WINHTTP.dll
0x00007ffdff580000 - 0x00007ffdff5ea000 	C:\WINDOWS\system32\mswsock.dll
0x00007ffdf9fb0000 - 0x00007ffdf9fc3000 	C:\Program Files\Eclipse Adoptium\jdk-11.0.19.7-hotspot\bin\nio.dll
0x00007ffdf9b30000 - 0x00007ffdf9b57000 	C:\Users\1\.gradle\native\68d5fa5c4cc2d200863cafc0d521ce42e7d3e7ee720ec0a83991735586a16f82\windows-amd64\native-platform.dll
0x00007ffde2340000 - 0x00007ffde2484000 	C:\Users\1\.gradle\native\e376f236ea51e6404a007f0833ffe2c6e607c4080706a723a18a27aeea778392\windows-amd64\native-platform-file-events.dll
0x00007ffdfd5c0000 - 0x00007ffdfd5c9000 	C:\Program Files\Eclipse Adoptium\jdk-11.0.19.7-hotspot\bin\management.dll
0x00007ffdfb950000 - 0x00007ffdfb95b000 	C:\Program Files\Eclipse Adoptium\jdk-11.0.19.7-hotspot\bin\management_ext.dll
0x00007ffdff7b0000 - 0x00007ffdff7c8000 	C:\WINDOWS\SYSTEM32\CRYPTSP.dll
0x00007ffdfee30000 - 0x00007ffdfee64000 	C:\WINDOWS\system32\rsaenh.dll
0x00007ffdffd80000 - 0x00007ffdffdae000 	C:\WINDOWS\SYSTEM32\USERENV.dll
0x00007ffdff7d0000 - 0x00007ffdff7dc000 	C:\WINDOWS\SYSTEM32\CRYPTBASE.dll
0x00007ffdff270000 - 0x00007ffdff2ab000 	C:\WINDOWS\SYSTEM32\IPHLPAPI.DLL
0x00007ffe00f90000 - 0x00007ffe00f98000 	C:\WINDOWS\System32\NSI.dll
0x00007ffdf64f0000 - 0x00007ffdf6507000 	C:\WINDOWS\SYSTEM32\dhcpcsvc6.DLL
0x00007ffdf7250000 - 0x00007ffdf726d000 	C:\WINDOWS\SYSTEM32\dhcpcsvc.DLL
0x00007ffdff2b0000 - 0x00007ffdff37a000 	C:\WINDOWS\SYSTEM32\DNSAPI.dll
0x00007ffdfb940000 - 0x00007ffdfb94e000 	C:\Program Files\Eclipse Adoptium\jdk-11.0.19.7-hotspot\bin\sunmscapi.dll
0x00007ffdff940000 - 0x00007ffdff967000 	C:\WINDOWS\SYSTEM32\ncrypt.dll
0x000001fc8a840000 - 0x000001fc8a99d000 	C:\WINDOWS\System32\CRYPT32.dll
0x00007ffdff900000 - 0x00007ffdff93b000 	C:\WINDOWS\SYSTEM32\NTASN1.dll
0x00007ffdfb910000 - 0x00007ffdfb937000 	C:\Program Files\Eclipse Adoptium\jdk-11.0.19.7-hotspot\bin\sunec.dll
0x00007ffdf3700000 - 0x00007ffdf370a000 	C:\Windows\System32\rasadhlp.dll
0x00007ffdf3da0000 - 0x00007ffdf3e22000 	C:\WINDOWS\System32\fwpuclnt.dll

dbghelp: loaded successfully - version: 4.0.5 - missing functions: none
symbol engine: initialized successfully - sym options: 0x614 - pdb path: .;C:\Program Files\Eclipse Adoptium\jdk-11.0.19.7-hotspot\bin;C:\WINDOWS\SYSTEM32;C:\WINDOWS\system32\DriverStore\FileRepository\nvacwu.inf_amd64_bdd6ea477d4e2fba;C:\Program Files\NVIDIA Corporation\CoProcManager;C:\WINDOWS\WinSxS\amd64_microsoft.windows.common-controls_6595b64144ccf1df_6.0.19041.3570_none_60bb2a3971f3e41a;C:\Program Files\Eclipse Adoptium\jdk-11.0.19.7-hotspot\bin\server;C:\Users\1\.gradle\native\68d5fa5c4cc2d200863cafc0d521ce42e7d3e7ee720ec0a83991735586a16f82\windows-amd64;C:\Users\1\.gradle\native\e376f236ea51e6404a007f0833ffe2c6e607c4080706a723a18a27aeea778392\windows-amd64

VM Arguments:
jvm_args: --add-opens=java.base/java.util=ALL-UNNAMED --add-opens=java.base/java.lang=ALL-UNNAMED --add-opens=java.base/java.lang.invoke=ALL-UNNAMED --add-opens=java.prefs/java.util.prefs=ALL-UNNAMED --add-opens=java.base/java.nio.charset=ALL-UNNAMED --add-opens=java.base/java.net=ALL-UNNAMED --add-opens=java.base/java.util.concurrent.atomic=ALL-UNNAMED -XX:MaxMetaspaceSize=256m -XX:+HeapDumpOnOutOfMemoryError -Xms256m -Xmx512m -Dfile.encoding=windows-1251 -Duser.country=RU -Duser.language=ru -Duser.variant 
java_command: org.gradle.launcher.daemon.bootstrap.GradleDaemon 7.6
java_class_path (initial): C:\Users\1\.gradle\wrapper\dists\gradle-7.6-bin\9l9tetv7ltxvx3i8an4pb86ye\gradle-7.6\lib\gradle-launcher-7.6.jar
Launcher Type: SUN_STANDARD

[Global flags]
     intx CICompilerCount                          = 2                                         {product} {ergonomic}
   size_t CompressedClassSpaceSize                 = 260046848                                 {product} {ergonomic}
     uint ConcGCThreads                            = 1                                         {product} {ergonomic}
     uint G1ConcRefinementThreads                  = 2                                         {product} {ergonomic}
   size_t G1HeapRegionSize                         = 1048576                                   {product} {ergonomic}
    uintx GCDrainStackTargetSize                   = 64                                        {product} {ergonomic}
     bool HeapDumpOnOutOfMemoryError               = true                                   {manageable} {command line}
   size_t InitialHeapSize                          = 268435456                                 {product} {command line}
   size_t MarkStackSize                            = 4194304                                   {product} {ergonomic}
   size_t MaxHeapSize                              = 536870912                                 {product} {command line}
   size_t MaxMetaspaceSize                         = 268435456                                 {product} {command line}
   size_t MaxNewSize                               = 321912832                                 {product} {ergonomic}
   size_t MinHeapDeltaBytes                        = 1048576                                   {product} {ergonomic}
    uintx NonNMethodCodeHeapSize                   = 5825164                                {pd product} {ergonomic}
    uintx NonProfiledCodeHeapSize                  = 122916538                              {pd product} {ergonomic}
    uintx ProfiledCodeHeapSize                     = 122916538                              {pd product} {ergonomic}
    uintx ReservedCodeCacheSize                    = 251658240                              {pd product} {ergonomic}
     bool SegmentedCodeCache                       = true                                      {product} {ergonomic}
     bool UseCompressedClassPointers               = true                                 {lp64_product} {ergonomic}
     bool UseCompressedOops                        = true                                 {lp64_product} {ergonomic}
     bool UseG1GC                                  = true                                      {product} {ergonomic}
     bool UseLargePagesIndividualAllocation        = false                                  {pd product} {ergonomic}

Logging:
Log output configuration:
 #0: stdout all=warning uptime,level,tags
 #1: stderr all=off uptime,level,tags

Environment Variables:
PATH=C:\Program Files\Eclipse Adoptium\jdk-11.0.19.7-hotspot\bin;C:\WINDOWS\system32;C:\WINDOWS;C:\WINDOWS\System32\Wbem;C:\WINDOWS\System32\WindowsPowerShell\v1.0\;C:\WINDOWS\System32\OpenSSH\;C:\Program Files\Git\cmd;C:\Users\1\AppData\Local\Microsoft\WindowsApps;;C:\Users\1\AppData\Local\Programs\Microsoft VS Code\bin
USERNAME=1
OS=Windows_NT
PROCESSOR_IDENTIFIER=Intel64 Family 6 Model 37 Stepping 5, GenuineIntel
TMP=C:\Users\1\AppData\Local\Temp
TEMP=C:\Users\1\AppData\Local\Temp



---------------  S Y S T E M  ---------------

OS: Windows 10 , 64 bit Build 19041 (10.0.19041.3570)
OS uptime: 0 days 2:33 hours

CPU:total 2 (initial active 2) (2 cores per cpu, 1 threads per core) family 6 model 37 stepping 5 microcode 0x7, cmov, cx8, fxsr, mmx, sse, sse2, sse3, ssse3, popcnt, tsc, tscinvbit

Memory: 4k page, system-wide physical 3766M (446M free)
TotalPageFile size 5814M (AvailPageFile size 16M)
current process WorkingSet (physical memory assigned to process): 422M, peak: 473M
current process commit charge ("private bytes"): 606M, peak: 617M

vm_info: OpenJDK 64-Bit Server VM (11.0.19+7) for windows-amd64 JRE (11.0.19+7), built on Apr 18 2023 23:12:18 by "" with MS VC++ 16.7 (VS2019)

END.
